2018-04-09 17:36:45,351 INFO  DownloadService - Downloading "https://github.com/esmasui/android-lazyloading-cursor/archive/master.zip", attempt 3
2018-04-09 17:36:45,769 INFO  DownloadService - Downloaded https://github.com/esmasui/android-lazyloading-cursor/archive/master.zip, attempt 3
2018-04-09 17:36:45,769 INFO  DownloadService - Size of file "/tmp/rdisk/745/master.zip": 168 KB
2018-04-09 17:36:45,769 INFO  ArchiveUtils - Checking entries [.gradle] in ZIP file...
2018-04-09 17:36:45,770 INFO  ArchiveUtils - Has entries [.gradle] in ZIP file /tmp/rdisk/745/master.zip: true
2018-04-09 17:36:45,770 DEBUG ZipUtil - Extracting '/tmp/rdisk/745/master.zip' into '/tmp/rdisk/745/src'.
2018-04-09 17:36:45,778 INFO  FullProcessService - Size of directory with sources: 203 KB
2018-04-09 17:36:45,778 INFO  SysUtils - Execute command: [git, init, /tmp/rdisk/745/src]
2018-04-09 17:36:45,785 INFO  SysUtils - Initialized empty Git repository in /tmp/rdisk/745/src/.git/

2018-04-09 17:36:45,787 INFO  ProjectBuildService - Gradle wrapper(s): /tmp/rdisk/745/src/android-lazyloading-cursor-master/gradlew
2018-04-09 17:36:45,790 INFO  ProjectBuildService - Build script(s): /tmp/rdisk/745/src/android-lazyloading-cursor-master/lazyloading-cursor-test/build.gradle /tmp/rdisk/745/src/android-lazyloading-cursor-master/build.gradle /tmp/rdisk/745/src/android-lazyloading-cursor-master/lazyloading-cursor/build.gradle
2018-04-09 17:36:45,792 INFO  ProjectBuildService - All script(s): /tmp/rdisk/745/src/android-lazyloading-cursor-master/settings.gradle /tmp/rdisk/745/src/android-lazyloading-cursor-master/lazyloading-cursor/build.gradle /tmp/rdisk/745/src/android-lazyloading-cursor-master/lazyloading-cursor-test/build.gradle /tmp/rdisk/745/src/android-lazyloading-cursor-master/build.gradle
2018-04-09 17:36:45,792 INFO  ProjectBuildService - Remote scripts: none
2018-04-09 17:36:45,792 INFO  ProjectFixService - Fixing project...
2018-04-09 17:36:45,813 INFO  LocalPropertiesFixService - Created fake /tmp/rdisk/745/src/android-lazyloading-cursor-master/lazyloading-cursor-test/local.properties
2018-04-09 17:36:45,813 INFO  ProjectFixService - Build info for "/tmp/rdisk/745/src/android-lazyloading-cursor-master/lazyloading-cursor-test/build.gradle": [buildToolsVersion=19.0.2,compileSdkVersion=19,minSdkVersion=7,targetSdkVersion=19]
2018-04-09 17:36:45,814 INFO  ProjectFixService - Fixed build info for "/tmp/rdisk/745/src/android-lazyloading-cursor-master/lazyloading-cursor-test/build.gradle": [buildToolsVersion=19.1.0,compileSdkVersion=19,minSdkVersion=7,targetSdkVersion=19]
2018-04-09 17:36:45,814 INFO  LocalPropertiesFixService - Created fake /tmp/rdisk/745/src/android-lazyloading-cursor-master/local.properties
2018-04-09 17:36:45,815 INFO  WrapperPropertiesFixService - Gradle wrapper: http://services.gradle.org/distributions/gradle-1.9-bin.zip
2018-04-09 17:36:45,816 INFO  ProjectFixService - Build info for "/tmp/rdisk/745/src/android-lazyloading-cursor-master/build.gradle": [buildToolsVersion=19.1.0,compileSdkVersion=19,minSdkVersion=7,targetSdkVersion=19]
2018-04-09 17:36:45,817 INFO  LocalPropertiesFixService - Created fake /tmp/rdisk/745/src/android-lazyloading-cursor-master/lazyloading-cursor/local.properties
2018-04-09 17:36:45,818 INFO  ProjectFixService - Build info for "/tmp/rdisk/745/src/android-lazyloading-cursor-master/lazyloading-cursor/build.gradle": [buildToolsVersion=19.1.0,compileSdkVersion=19,minSdkVersion=7,targetSdkVersion=19]
2018-04-09 17:36:45,818 INFO  ProjectFixService - Project was maybe fixed
2018-04-09 17:36:45,818 INFO  ProjectTaskService - Detecting possible tasks...
2018-04-09 17:36:45,818 INFO  SysUtils - Execute command: [/tmp/rdisk/745/src/android-lazyloading-cursor-master/gradlew, -b, /tmp/rdisk/745/src/android-lazyloading-cursor-master/lazyloading-cursor-test/build.gradle, -Dorg.gradle.daemon=false, -Dorg.gradle.daemon.performance.enable-monitoring=false, -Dorg.gradle.configureondemand=true, tasks]
2018-04-09 17:36:56,853 INFO  ProjectTaskService - Detected possible tasks: 49
2018-04-09 17:36:56,854 INFO  ProjectTaskService - Excluded tasks (10): lintDebug deviceCheck lint uninstallRelease connectedCheck uninstallAll check installDebug lintRelease uninstallDebug
2018-04-09 17:36:56,854 INFO  SysUtils - Execute command: [/tmp/rdisk/745/src/android-lazyloading-cursor-master/gradlew, -b, /tmp/rdisk/745/src/android-lazyloading-cursor-master/lazyloading-cursor-test/build.gradle, -Dorg.gradle.daemon=false, -Dorg.gradle.daemon.performance.enable-monitoring=false, -Dorg.gradle.configureondemand=true, --stacktrace, -x, lintDebug, -x, deviceCheck, -x, lint, -x, uninstallRelease, -x, connectedCheck, -x, uninstallAll, -x, check, -x, installDebug, -x, lintRelease, -x, uninstallDebug, build]
2018-04-09 17:37:07,141 ERROR SysUtils - Could not process external command
org.apache.commons.exec.ExecuteException: Process exited with an error: 1 (Exit value: 1)
	at org.apache.commons.exec.DefaultExecutor.executeInternal(DefaultExecutor.java:404)
	at org.apache.commons.exec.DefaultExecutor.execute(DefaultExecutor.java:166)
	at com.github.vbauer.apkmaster.util.SysUtils.execute(SysUtils.java:67)
	at com.github.vbauer.apkmaster.util.SysUtils.executeSimple(SysUtils.java:43)
	at com.github.vbauer.apkmaster.service.assembly.ProjectBuildService.buildProject(ProjectBuildService.java:78)
	at com.github.vbauer.apkmaster.service.assembly.ProjectBuildService.buildProject(ProjectBuildService.java:64)
	at com.github.vbauer.apkmaster.service.assembly.ProjectBuildService.buildProject(ProjectBuildService.java:43)
	at com.github.vbauer.apkmaster.service.FullProcessService.build(FullProcessService.java:84)
	at com.github.vbauer.apkmaster.service.FullProcessService.process(FullProcessService.java:34)
	at com.github.vbauer.apkmaster.app.MainApplication.process(MainApplication.java:38)
	at com.github.vbauer.apkmaster.app.MainApplication.main(MainApplication.java:20)
	at sun.reflect.GeneratedMethodAccessor8.invoke(Unknown Source)
	at sun.reflect.DelegatingMethodAccessorImpl.invoke(DelegatingMethodAccessorImpl.java:43)
	at java.lang.reflect.Method.invoke(Method.java:498)
	at com.android.arsenal.util.ReflectionUtils.invoke(ReflectionUtils.java:42)
	at com.android.arsenal.util.ApkMasterUtils.main(ApkMasterUtils.java:30)
	at com.android.arsenal.service.processor.impl.BuildProcessorServiceImpl.buildProject(BuildProcessorServiceImpl.java:197)
	at com.android.arsenal.service.processor.impl.BuildProcessorServiceImpl.build(BuildProcessorServiceImpl.java:131)
	at com.android.arsenal.service.processor.impl.BuildProcessorServiceImpl.lambda$null$1(BuildProcessorServiceImpl.java:114)
	at java.util.concurrent.FutureTask.run(FutureTask.java:266)
	at java.util.concurrent.Executors$RunnableAdapter.call(Executors.java:511)
	at java.util.concurrent.FutureTask.run(FutureTask.java:266)
	at java.util.concurrent.ThreadPoolExecutor.runWorker(ThreadPoolExecutor.java:1149)
	at java.util.concurrent.ThreadPoolExecutor$Worker.run(ThreadPoolExecutor.java:624)
	at java.lang.Thread.run(Thread.java:748)
2018-04-09 17:37:07,141 INFO  SysUtils - Configuration on demand is an incubating feature.
Relying on packaging to define the extension of the main artifact has been deprecated and is scheduled to be removed in Gradle 2.0
:lazyloading-cursor-test:compileDebugNdk
:lazyloading-cursor:compileJavawarning: [options] bootstrap class path not set in conjunction with -source 1.6
1 warning

:lazyloading-cursor:processResources UP-TO-DATE
:lazyloading-cursor:classes
:lazyloading-cursor:jar
:lazyloading-cursor-test:preBuild UP-TO-DATE
:lazyloading-cursor-test:preDebugBuild UP-TO-DATE
:lazyloading-cursor-test:preReleaseBuild UP-TO-DATE
:lazyloading-cursor-test:prepareComAndroidSupportSupportCompat2600Alpha1Library
:lazyloading-cursor-test:prepareComAndroidSupportSupportCoreUi2600Alpha1Library
:lazyloading-cursor-test:prepareComAndroidSupportSupportCoreUtils2600Alpha1Library
:lazyloading-cursor-test:prepareComAndroidSupportSupportFragment2600Alpha1Library
:lazyloading-cursor-test:prepareComAndroidSupportSupportMediaCompat2600Alpha1Library
:lazyloading-cursor-test:prepareComAndroidSupportSupportV42600Alpha1Library
:lazyloading-cursor-test:prepareDebugDependencies
:lazyloading-cursor-test:compileDebugAidl
:lazyloading-cursor-test:compileDebugRenderscript
:lazyloading-cursor-test:generateDebugBuildConfig
:lazyloading-cursor-test:mergeDebugAssets
:lazyloading-cursor-test:mergeDebugResources
:lazyloading-cursor-test:processDebugManifest[/tmp/rdisk/745/src/android-lazyloading-cursor-master/lazyloading-cursor-test/src/main/AndroidManifest.xml:3, /tmp/manifestMerge6983999564843298268.xml:3] Main manifest has <uses-sdk android:minSdkVersion='7'> but library uses minSdkVersion='14'
 FAILED

FAILURE: Build failed with an exception.

* What went wrong:
Execution failed for task ':lazyloading-cursor-test:processDebugManifest'.
> Manifest merging failed. See console for more info.

* Try:
Run with --info or --debug option to get more log output.

* Exception is:
org.gradle.api.tasks.TaskExecutionException: Execution failed for task ':lazyloading-cursor-test:processDebugManifest'.
	at org.gradle.api.internal.tasks.execution.ExecuteActionsTaskExecuter.executeActions(ExecuteActionsTaskExecuter.java:69)
	at org.gradle.api.internal.tasks.execution.ExecuteActionsTaskExecuter.execute(ExecuteActionsTaskExecuter.java:46)
	at org.gradle.api.internal.tasks.execution.PostExecutionAnalysisTaskExecuter.execute(PostExecutionAnalysisTaskExecuter.java:35)
	at org.gradle.api.internal.tasks.execution.SkipUpToDateTaskExecuter.execute(SkipUpToDateTaskExecuter.java:64)
	at org.gradle.api.internal.tasks.execution.ValidatingTaskExecuter.execute(ValidatingTaskExecuter.java:58)
	at org.gradle.api.internal.tasks.execution.SkipEmptySourceFilesTaskExecuter.execute(SkipEmptySourceFilesTaskExecuter.java:42)
	at org.gradle.api.internal.tasks.execution.SkipTaskWithNoActionsExecuter.execute(SkipTaskWithNoActionsExecuter.java:52)
	at org.gradle.api.internal.tasks.execution.SkipOnlyIfTaskExecuter.execute(SkipOnlyIfTaskExecuter.java:53)
	at org.gradle.api.internal.tasks.execution.ExecuteAtMostOnceTaskExecuter.execute(ExecuteAtMostOnceTaskExecuter.java:43)
	at org.gradle.api.internal.AbstractTask.executeWithoutThrowingTaskFailure(AbstractTask.java:286)
	at org.gradle.execution.taskgraph.AbstractTaskPlanExecutor$TaskExecutorWorker.executeTask(AbstractTaskPlanExecutor.java:79)
	at org.gradle.execution.taskgraph.AbstractTaskPlanExecutor$TaskExecutorWorker.processTask(AbstractTaskPlanExecutor.java:63)
	at org.gradle.execution.taskgraph.AbstractTaskPlanExecutor$TaskExecutorWorker.run(AbstractTaskPlanExecutor.java:51)
	at org.gradle.execution.taskgraph.DefaultTaskPlanExecutor$1.run(DefaultTaskPlanExecutor.java:33)
	at org.gradle.internal.Factories$1.create(Factories.java:22)
	at org.gradle.cache.internal.DefaultCacheAccess.longRunningOperation(DefaultCacheAccess.java:198)
	at org.gradle.cache.internal.DefaultCacheAccess.longRunningOperation(DefaultCacheAccess.java:266)
	at org.gradle.cache.internal.DefaultPersistentDirectoryStore.longRunningOperation(DefaultPersistentDirectoryStore.java:135)
	at org.gradle.api.internal.changedetection.state.DefaultTaskArtifactStateCacheAccess.longRunningOperation(DefaultTaskArtifactStateCacheAccess.java:93)
	at org.gradle.execution.taskgraph.DefaultTaskPlanExecutor.process(DefaultTaskPlanExecutor.java:31)
	at org.gradle.execution.taskgraph.DefaultTaskGraphExecuter.execute(DefaultTaskGraphExecuter.java:86)
	at org.gradle.execution.SelectedTaskExecutionAction.execute(SelectedTaskExecutionAction.java:29)
	at org.gradle.execution.DefaultBuildExecuter.execute(DefaultBuildExecuter.java:61)
	at org.gradle.execution.DefaultBuildExecuter.access$200(DefaultBuildExecuter.java:23)
	at org.gradle.execution.DefaultBuildExecuter$2.proceed(DefaultBuildExecuter.java:67)
	at org.gradle.execution.DryRunBuildExecutionAction.execute(DryRunBuildExecutionAction.java:32)
	at org.gradle.execution.DefaultBuildExecuter.execute(DefaultBuildExecuter.java:61)
	at org.gradle.execution.DefaultBuildExecuter.execute(DefaultBuildExecuter.java:54)
	at org.gradle.initialization.DefaultGradleLauncher.doBuildStages(DefaultGradleLauncher.java:166)
	at org.gradle.initialization.DefaultGradleLauncher.doBuild(DefaultGradleLauncher.java:113)
	at org.gradle.initialization.DefaultGradleLauncher.run(DefaultGradleLauncher.java:81)
	at org.gradle.launcher.exec.InProcessBuildActionExecuter$DefaultBuildController.run(InProcessBuildActionExecuter.java:64)
	at org.gradle.launcher.cli.ExecuteBuildAction.run(ExecuteBuildAction.java:33)
	at org.gradle.launcher.cli.ExecuteBuildAction.run(ExecuteBuildAction.java:24)
	at org.gradle.launcher.exec.InProcessBuildActionExecuter.execute(InProcessBuildActionExecuter.java:35)
	at org.gradle.launcher.exec.InProcessBuildActionExecuter.execute(InProcessBuildActionExecuter.java:26)
	at org.gradle.launcher.cli.RunBuildAction.run(RunBuildAction.java:50)
	at org.gradle.api.internal.Actions$RunnableActionAdapter.execute(Actions.java:171)
	at org.gradle.launcher.cli.CommandLineActionFactory$ParseAndBuildAction.execute(CommandLineActionFactory.java:201)
	at org.gradle.launcher.cli.CommandLineActionFactory$ParseAndBuildAction.execute(CommandLineActionFactory.java:174)
	at org.gradle.launcher.cli.CommandLineActionFactory$WithLogging.execute(CommandLineActionFactory.java:170)
	at org.gradle.launcher.cli.CommandLineActionFactory$WithLogging.execute(CommandLineActionFactory.java:139)
	at org.gradle.launcher.cli.ExceptionReportingAction.execute(ExceptionReportingAction.java:33)
	at org.gradle.launcher.cli.ExceptionReportingAction.execute(ExceptionReportingAction.java:22)
	at org.gradle.launcher.Main.doAction(Main.java:46)
	at org.gradle.launcher.bootstrap.EntryPoint.run(EntryPoint.java:45)
	at org.gradle.launcher.Main.main(Main.java:37)
	at org.gradle.launcher.bootstrap.ProcessBootstrap.runNoExit(ProcessBootstrap.java:50)
	at org.gradle.launcher.bootstrap.ProcessBootstrap.run(ProcessBootstrap.java:32)
	at org.gradle.launcher.GradleMain.main(GradleMain.java:23)
	at org.gradle.wrapper.BootstrapMainStarter.start(BootstrapMainStarter.java:30)
	at org.gradle.wrapper.WrapperExecutor.execute(WrapperExecutor.java:127)
	at org.gradle.wrapper.GradleWrapperMain.main(GradleWrapperMain.java:58)
Caused by: java.lang.RuntimeException: Manifest merging failed. See console for more info.
	at com.android.builder.AndroidBuilder.doMerge(AndroidBuilder.java:579)
	at com.android.builder.AndroidBuilder.mergeLibraryManifests(AndroidBuilder.java:548)
	at com.android.builder.AndroidBuilder.processManifest(AndroidBuilder.java:371)
	at com.android.builder.AndroidBuilder$processManifest.call(Unknown Source)
	at com.android.build.gradle.tasks.ProcessAppManifest.doFullTaskAction(ProcessAppManifest.groovy:65)
	at com.android.build.gradle.internal.tasks.IncrementalTask.taskAction(IncrementalTask.groovy:64)
	at org.gradle.internal.reflect.JavaMethod.invoke(JavaMethod.java:63)
	at org.gradle.api.internal.project.taskfactory.AnnotationProcessingTaskFactory$IncrementalTaskAction.doExecute(AnnotationProcessingTaskFactory.java:236)
	at org.gradle.api.internal.project.taskfactory.AnnotationProcessingTaskFactory$StandardTaskAction.execute(AnnotationProcessingTaskFactory.java:212)
	at org.gradle.api.internal.project.taskfactory.AnnotationProcessingTaskFactory$IncrementalTaskAction.execute(AnnotationProcessingTaskFactory.java:223)
	at org.gradle.api.internal.project.taskfactory.AnnotationProcessingTaskFactory$StandardTaskAction.execute(AnnotationProcessingTaskFactory.java:201)
	at org.gradle.api.internal.AbstractTask$TaskActionWrapper.execute(AbstractTask.java:530)
	at org.gradle.api.internal.AbstractTask$TaskActionWrapper.execute(AbstractTask.java:513)
	at org.gradle.api.internal.tasks.execution.ExecuteActionsTaskExecuter.executeAction(ExecuteActionsTaskExecuter.java:80)
	at org.gradle.api.internal.tasks.execution.ExecuteActionsTaskExecuter.executeActions(ExecuteActionsTaskExecuter.java:61)
	... 52 more


BUILD FAILED

Total time: 9.876 secs

2018-04-09 17:37:07,147 INFO  ProjectTaskService - Detecting possible tasks...
2018-04-09 17:37:07,148 INFO  SysUtils - Execute command: [/tmp/rdisk/745/src/android-lazyloading-cursor-master/gradlew, -b, /tmp/rdisk/745/src/android-lazyloading-cursor-master/build.gradle, -Dorg.gradle.daemon=false, -Dorg.gradle.daemon.performance.enable-monitoring=false, -Dorg.gradle.configureondemand=true, tasks]
2018-04-09 17:37:13,384 INFO  ProjectTaskService - Detected possible tasks: 57
2018-04-09 17:37:13,384 INFO  ProjectTaskService - Excluded tasks (12): lintDebug deviceCheck lint javadoc uninstallRelease connectedCheck uninstallAll test check installDebug lintRelease uninstallDebug
2018-04-09 17:37:13,384 INFO  SysUtils - Execute command: [/tmp/rdisk/745/src/android-lazyloading-cursor-master/gradlew, -b, /tmp/rdisk/745/src/android-lazyloading-cursor-master/build.gradle, -Dorg.gradle.daemon=false, -Dorg.gradle.daemon.performance.enable-monitoring=false, -Dorg.gradle.configureondemand=true, --stacktrace, -x, lintDebug, -x, deviceCheck, -x, lint, -x, javadoc, -x, uninstallRelease, -x, connectedCheck, -x, uninstallAll, -x, test, -x, check, -x, installDebug, -x, lintRelease, -x, uninstallDebug, build]
2018-04-09 17:37:19,677 ERROR SysUtils - Could not process external command
org.apache.commons.exec.ExecuteException: Process exited with an error: 1 (Exit value: 1)
	at org.apache.commons.exec.DefaultExecutor.executeInternal(DefaultExecutor.java:404)
	at org.apache.commons.exec.DefaultExecutor.execute(DefaultExecutor.java:166)
	at com.github.vbauer.apkmaster.util.SysUtils.execute(SysUtils.java:67)
	at com.github.vbauer.apkmaster.util.SysUtils.executeSimple(SysUtils.java:43)
	at com.github.vbauer.apkmaster.service.assembly.ProjectBuildService.buildProject(ProjectBuildService.java:78)
	at com.github.vbauer.apkmaster.service.assembly.ProjectBuildService.buildProject(ProjectBuildService.java:64)
	at com.github.vbauer.apkmaster.service.assembly.ProjectBuildService.buildProject(ProjectBuildService.java:43)
	at com.github.vbauer.apkmaster.service.FullProcessService.build(FullProcessService.java:84)
	at com.github.vbauer.apkmaster.service.FullProcessService.process(FullProcessService.java:34)
	at com.github.vbauer.apkmaster.app.MainApplication.process(MainApplication.java:38)
	at com.github.vbauer.apkmaster.app.MainApplication.main(MainApplication.java:20)
	at sun.reflect.GeneratedMethodAccessor8.invoke(Unknown Source)
	at sun.reflect.DelegatingMethodAccessorImpl.invoke(DelegatingMethodAccessorImpl.java:43)
	at java.lang.reflect.Method.invoke(Method.java:498)
	at com.android.arsenal.util.ReflectionUtils.invoke(ReflectionUtils.java:42)
	at com.android.arsenal.util.ApkMasterUtils.main(ApkMasterUtils.java:30)
	at com.android.arsenal.service.processor.impl.BuildProcessorServiceImpl.buildProject(BuildProcessorServiceImpl.java:197)
	at com.android.arsenal.service.processor.impl.BuildProcessorServiceImpl.build(BuildProcessorServiceImpl.java:131)
	at com.android.arsenal.service.processor.impl.BuildProcessorServiceImpl.lambda$null$1(BuildProcessorServiceImpl.java:114)
	at java.util.concurrent.FutureTask.run(FutureTask.java:266)
	at java.util.concurrent.Executors$RunnableAdapter.call(Executors.java:511)
	at java.util.concurrent.FutureTask.run(FutureTask.java:266)
	at java.util.concurrent.ThreadPoolExecutor.runWorker(ThreadPoolExecutor.java:1149)
	at java.util.concurrent.ThreadPoolExecutor$Worker.run(ThreadPoolExecutor.java:624)
	at java.lang.Thread.run(Thread.java:748)
2018-04-09 17:37:19,678 INFO  SysUtils - Configuration on demand is an incubating feature.
Relying on packaging to define the extension of the main artifact has been deprecated and is scheduled to be removed in Gradle 2.0
:lazyloading-cursor:compileJava UP-TO-DATE
:lazyloading-cursor:processResources UP-TO-DATE
:lazyloading-cursor:classes UP-TO-DATE
:lazyloading-cursor:jar UP-TO-DATE
:lazyloading-cursor:assemble UP-TO-DATE
:lazyloading-cursor:build
:lazyloading-cursor-test:compileDebugNdk UP-TO-DATE
:lazyloading-cursor-test:preBuild UP-TO-DATE
:lazyloading-cursor-test:preDebugBuild UP-TO-DATE
:lazyloading-cursor-test:preReleaseBuild UP-TO-DATE
:lazyloading-cursor-test:prepareComAndroidSupportSupportCompat2600Alpha1Library UP-TO-DATE
:lazyloading-cursor-test:prepareComAndroidSupportSupportCoreUi2600Alpha1Library UP-TO-DATE
:lazyloading-cursor-test:prepareComAndroidSupportSupportCoreUtils2600Alpha1Library UP-TO-DATE
:lazyloading-cursor-test:prepareComAndroidSupportSupportFragment2600Alpha1Library UP-TO-DATE
:lazyloading-cursor-test:prepareComAndroidSupportSupportMediaCompat2600Alpha1Library UP-TO-DATE
:lazyloading-cursor-test:prepareComAndroidSupportSupportV42600Alpha1Library UP-TO-DATE
:lazyloading-cursor-test:prepareDebugDependencies
:lazyloading-cursor-test:compileDebugAidl UP-TO-DATE
:lazyloading-cursor-test:compileDebugRenderscript UP-TO-DATE
:lazyloading-cursor-test:generateDebugBuildConfig UP-TO-DATE
:lazyloading-cursor-test:mergeDebugAssets UP-TO-DATE
:lazyloading-cursor-test:mergeDebugResources UP-TO-DATE
:lazyloading-cursor-test:processDebugManifest[/tmp/rdisk/745/src/android-lazyloading-cursor-master/lazyloading-cursor-test/src/main/AndroidManifest.xml:3, /tmp/manifestMerge8752792542140547983.xml:3] Main manifest has <uses-sdk android:minSdkVersion='7'> but library uses minSdkVersion='14'
 FAILED

FAILURE: Build failed with an exception.

* What went wrong:
Execution failed for task ':lazyloading-cursor-test:processDebugManifest'.
> Manifest merging failed. See console for more info.

* Try:
Run with --info or --debug option to get more log output.

* Exception is:
org.gradle.api.tasks.TaskExecutionException: Execution failed for task ':lazyloading-cursor-test:processDebugManifest'.
	at org.gradle.api.internal.tasks.execution.ExecuteActionsTaskExecuter.executeActions(ExecuteActionsTaskExecuter.java:69)
	at org.gradle.api.internal.tasks.execution.ExecuteActionsTaskExecuter.execute(ExecuteActionsTaskExecuter.java:46)
	at org.gradle.api.internal.tasks.execution.PostExecutionAnalysisTaskExecuter.execute(PostExecutionAnalysisTaskExecuter.java:35)
	at org.gradle.api.internal.tasks.execution.SkipUpToDateTaskExecuter.execute(SkipUpToDateTaskExecuter.java:64)
	at org.gradle.api.internal.tasks.execution.ValidatingTaskExecuter.execute(ValidatingTaskExecuter.java:58)
	at org.gradle.api.internal.tasks.execution.SkipEmptySourceFilesTaskExecuter.execute(SkipEmptySourceFilesTaskExecuter.java:42)
	at org.gradle.api.internal.tasks.execution.SkipTaskWithNoActionsExecuter.execute(SkipTaskWithNoActionsExecuter.java:52)
	at org.gradle.api.internal.tasks.execution.SkipOnlyIfTaskExecuter.execute(SkipOnlyIfTaskExecuter.java:53)
	at org.gradle.api.internal.tasks.execution.ExecuteAtMostOnceTaskExecuter.execute(ExecuteAtMostOnceTaskExecuter.java:43)
	at org.gradle.api.internal.AbstractTask.executeWithoutThrowingTaskFailure(AbstractTask.java:286)
	at org.gradle.execution.taskgraph.AbstractTaskPlanExecutor$TaskExecutorWorker.executeTask(AbstractTaskPlanExecutor.java:79)
	at org.gradle.execution.taskgraph.AbstractTaskPlanExecutor$TaskExecutorWorker.processTask(AbstractTaskPlanExecutor.java:63)
	at org.gradle.execution.taskgraph.AbstractTaskPlanExecutor$TaskExecutorWorker.run(AbstractTaskPlanExecutor.java:51)
	at org.gradle.execution.taskgraph.DefaultTaskPlanExecutor$1.run(DefaultTaskPlanExecutor.java:33)
	at org.gradle.internal.Factories$1.create(Factories.java:22)
	at org.gradle.cache.internal.DefaultCacheAccess.longRunningOperation(DefaultCacheAccess.java:198)
	at org.gradle.cache.internal.DefaultCacheAccess.longRunningOperation(DefaultCacheAccess.java:266)
	at org.gradle.cache.internal.DefaultPersistentDirectoryStore.longRunningOperation(DefaultPersistentDirectoryStore.java:135)
	at org.gradle.api.internal.changedetection.state.DefaultTaskArtifactStateCacheAccess.longRunningOperation(DefaultTaskArtifactStateCacheAccess.java:93)
	at org.gradle.execution.taskgraph.DefaultTaskPlanExecutor.process(DefaultTaskPlanExecutor.java:31)
	at org.gradle.execution.taskgraph.DefaultTaskGraphExecuter.execute(DefaultTaskGraphExecuter.java:86)
	at org.gradle.execution.SelectedTaskExecutionAction.execute(SelectedTaskExecutionAction.java:29)
	at org.gradle.execution.DefaultBuildExecuter.execute(DefaultBuildExecuter.java:61)
	at org.gradle.execution.DefaultBuildExecuter.access$200(DefaultBuildExecuter.java:23)
	at org.gradle.execution.DefaultBuildExecuter$2.proceed(DefaultBuildExecuter.java:67)
	at org.gradle.execution.DryRunBuildExecutionAction.execute(DryRunBuildExecutionAction.java:32)
	at org.gradle.execution.DefaultBuildExecuter.execute(DefaultBuildExecuter.java:61)
	at org.gradle.execution.DefaultBuildExecuter.execute(DefaultBuildExecuter.java:54)
	at org.gradle.initialization.DefaultGradleLauncher.doBuildStages(DefaultGradleLauncher.java:166)
	at org.gradle.initialization.DefaultGradleLauncher.doBuild(DefaultGradleLauncher.java:113)
	at org.gradle.initialization.DefaultGradleLauncher.run(DefaultGradleLauncher.java:81)
	at org.gradle.launcher.exec.InProcessBuildActionExecuter$DefaultBuildController.run(InProcessBuildActionExecuter.java:64)
	at org.gradle.launcher.cli.ExecuteBuildAction.run(ExecuteBuildAction.java:33)
	at org.gradle.launcher.cli.ExecuteBuildAction.run(ExecuteBuildAction.java:24)
	at org.gradle.launcher.exec.InProcessBuildActionExecuter.execute(InProcessBuildActionExecuter.java:35)
	at org.gradle.launcher.exec.InProcessBuildActionExecuter.execute(InProcessBuildActionExecuter.java:26)
	at org.gradle.launcher.cli.RunBuildAction.run(RunBuildAction.java:50)
	at org.gradle.api.internal.Actions$RunnableActionAdapter.execute(Actions.java:171)
	at org.gradle.launcher.cli.CommandLineActionFactory$ParseAndBuildAction.execute(CommandLineActionFactory.java:201)
	at org.gradle.launcher.cli.CommandLineActionFactory$ParseAndBuildAction.execute(CommandLineActionFactory.java:174)
	at org.gradle.launcher.cli.CommandLineActionFactory$WithLogging.execute(CommandLineActionFactory.java:170)
	at org.gradle.launcher.cli.CommandLineActionFactory$WithLogging.execute(CommandLineActionFactory.java:139)
	at org.gradle.launcher.cli.ExceptionReportingAction.execute(ExceptionReportingAction.java:33)
	at org.gradle.launcher.cli.ExceptionReportingAction.execute(ExceptionReportingAction.java:22)
	at org.gradle.launcher.Main.doAction(Main.java:46)
	at org.gradle.launcher.bootstrap.EntryPoint.run(EntryPoint.java:45)
	at org.gradle.launcher.Main.main(Main.java:37)
	at org.gradle.launcher.bootstrap.ProcessBootstrap.runNoExit(ProcessBootstrap.java:50)
	at org.gradle.launcher.bootstrap.ProcessBootstrap.run(ProcessBootstrap.java:32)
	at org.gradle.launcher.GradleMain.main(GradleMain.java:23)
	at org.gradle.wrapper.BootstrapMainStarter.start(BootstrapMainStarter.java:30)
	at org.gradle.wrapper.WrapperExecutor.execute(WrapperExecutor.java:127)
	at org.gradle.wrapper.GradleWrapperMain.main(GradleWrapperMain.java:58)
Caused by: java.lang.RuntimeException: Manifest merging failed. See console for more info.
	at com.android.builder.AndroidBuilder.doMerge(AndroidBuilder.java:579)
	at com.android.builder.AndroidBuilder.mergeLibraryManifests(AndroidBuilder.java:548)
	at com.android.builder.AndroidBuilder.processManifest(AndroidBuilder.java:371)
	at com.android.builder.AndroidBuilder$processManifest.call(Unknown Source)
	at com.android.build.gradle.tasks.ProcessAppManifest.doFullTaskAction(ProcessAppManifest.groovy:65)
	at com.android.build.gradle.internal.tasks.IncrementalTask.taskAction(IncrementalTask.groovy:64)
	at org.gradle.internal.reflect.JavaMethod.invoke(JavaMethod.java:63)
	at org.gradle.api.internal.project.taskfactory.AnnotationProcessingTaskFactory$IncrementalTaskAction.doExecute(AnnotationProcessingTaskFactory.java:236)
	at org.gradle.api.internal.project.taskfactory.AnnotationProcessingTaskFactory$StandardTaskAction.execute(AnnotationProcessingTaskFactory.java:212)
	at org.gradle.api.internal.project.taskfactory.AnnotationProcessingTaskFactory$IncrementalTaskAction.execute(AnnotationProcessingTaskFactory.java:223)
	at org.gradle.api.internal.project.taskfactory.AnnotationProcessingTaskFactory$StandardTaskAction.execute(AnnotationProcessingTaskFactory.java:201)
	at org.gradle.api.internal.AbstractTask$TaskActionWrapper.execute(AbstractTask.java:530)
	at org.gradle.api.internal.AbstractTask$TaskActionWrapper.execute(AbstractTask.java:513)
	at org.gradle.api.internal.tasks.execution.ExecuteActionsTaskExecuter.executeAction(ExecuteActionsTaskExecuter.java:80)
	at org.gradle.api.internal.tasks.execution.ExecuteActionsTaskExecuter.executeActions(ExecuteActionsTaskExecuter.java:61)
	... 52 more


BUILD FAILED

Total time: 5.881 secs

2018-04-09 17:37:19,684 INFO  ProjectTaskService - Detecting possible tasks...
2018-04-09 17:37:19,684 INFO  SysUtils - Execute command: [/tmp/rdisk/745/src/android-lazyloading-cursor-master/gradlew, -b, /tmp/rdisk/745/src/android-lazyloading-cursor-master/lazyloading-cursor/build.gradle, -Dorg.gradle.daemon=false, -Dorg.gradle.daemon.performance.enable-monitoring=false, -Dorg.gradle.configureondemand=true, tasks]
2018-04-09 17:37:23,088 INFO  ProjectTaskService - Detected possible tasks: 35
2018-04-09 17:37:23,088 INFO  ProjectTaskService - Excluded tasks (3): test check javadoc
2018-04-09 17:37:23,088 INFO  SysUtils - Execute command: [/tmp/rdisk/745/src/android-lazyloading-cursor-master/gradlew, -b, /tmp/rdisk/745/src/android-lazyloading-cursor-master/lazyloading-cursor/build.gradle, -Dorg.gradle.daemon=false, -Dorg.gradle.daemon.performance.enable-monitoring=false, -Dorg.gradle.configureondemand=true, --stacktrace, -x, test, -x, check, -x, javadoc, build]
2018-04-09 17:37:26,993 INFO  SysUtils - Configuration on demand is an incubating feature.
:lazyloading-cursor:compileJava UP-TO-DATE
:lazyloading-cursor:processResources UP-TO-DATE
:lazyloading-cursor:classes UP-TO-DATE
:lazyloading-cursor:jar UP-TO-DATE
:lazyloading-cursor:assemble UP-TO-DATE
:lazyloading-cursor:build

BUILD SUCCESSFUL

Total time: 3.474 secs

2018-04-09 17:37:27,000 ERROR FullProcessService - Project build has not produced APK file
2018-04-09 17:37:27,006 ERROR FullProcessService - Could not find generated or existed APK file
