2018-04-09 18:02:17,239 INFO  DownloadService - Downloading "https://github.com/alt236/Bluetooth-LE-Library---Android/archive/master.zip", attempt 3
2018-04-09 18:02:17,730 INFO  DownloadService - Downloaded https://github.com/alt236/Bluetooth-LE-Library---Android/archive/master.zip, attempt 3
2018-04-09 18:02:17,731 INFO  DownloadService - Size of file "/tmp/rdisk/693/master.zip": 1 MB
2018-04-09 18:02:17,731 INFO  ArchiveUtils - Checking entries [.gradle] in ZIP file...
2018-04-09 18:02:17,731 INFO  ArchiveUtils - Has entries [.gradle] in ZIP file /tmp/rdisk/693/master.zip: true
2018-04-09 18:02:17,731 DEBUG ZipUtil - Extracting '/tmp/rdisk/693/master.zip' into '/tmp/rdisk/693/src'.
2018-04-09 18:02:17,767 INFO  FullProcessService - Size of directory with sources: 1 MB
2018-04-09 18:02:17,767 INFO  SysUtils - Execute command: [git, init, /tmp/rdisk/693/src]
2018-04-09 18:02:17,773 INFO  SysUtils - Initialized empty Git repository in /tmp/rdisk/693/src/.git/

2018-04-09 18:02:17,778 INFO  ProjectBuildService - Gradle wrapper(s): /tmp/rdisk/693/src/Bluetooth-LE-Library---Android-master/gradlew
2018-04-09 18:02:17,783 INFO  ProjectBuildService - Build script(s): /tmp/rdisk/693/src/Bluetooth-LE-Library---Android-master/library/build.gradle /tmp/rdisk/693/src/Bluetooth-LE-Library---Android-master/sample_app/build.gradle /tmp/rdisk/693/src/Bluetooth-LE-Library---Android-master/build.gradle
2018-04-09 18:02:17,789 INFO  ProjectBuildService - All script(s): /tmp/rdisk/693/src/Bluetooth-LE-Library---Android-master/settings.gradle /tmp/rdisk/693/src/Bluetooth-LE-Library---Android-master/sample_app/build.gradle /tmp/rdisk/693/src/Bluetooth-LE-Library---Android-master/library/build.gradle /tmp/rdisk/693/src/Bluetooth-LE-Library---Android-master/build.gradle
2018-04-09 18:02:17,789 INFO  DownloadService - Downloading "https://raw.githubusercontent.com/ArthurHub/release-android-library/master/android-release-jar.gradle", attempt 3
2018-04-09 18:02:17,959 INFO  DownloadService - Downloaded https://raw.githubusercontent.com/ArthurHub/release-android-library/master/android-release-jar.gradle, attempt 3
2018-04-09 18:02:17,959 INFO  ProjectBuildService - Remote scripts: https://raw.githubusercontent.com/ArthurHub/release-android-library/master/android-release-jar.gradle
2018-04-09 18:02:17,959 INFO  ProjectFixService - Fixing project...
2018-04-09 18:02:17,970 INFO  LocalPropertiesFixService - Created fake /tmp/rdisk/693/src/Bluetooth-LE-Library---Android-master/library/local.properties
2018-04-09 18:02:17,973 INFO  ProjectFixService - Build info for "/tmp/rdisk/693/src/Bluetooth-LE-Library---Android-master/library/build.gradle": [buildToolsVersion=<null>,compileSdkVersion=<null>,minSdkVersion=<null>,targetSdkVersion=<null>]
2018-04-09 18:02:17,973 INFO  ProjectFixService - Fixed build info for "/tmp/rdisk/693/src/Bluetooth-LE-Library---Android-master/library/build.gradle": [buildToolsVersion=28.0.0-rc1,compileSdkVersion=27,minSdkVersion=27,targetSdkVersion=27]
2018-04-09 18:02:17,973 INFO  LocalPropertiesFixService - Created fake /tmp/rdisk/693/src/Bluetooth-LE-Library---Android-master/sample_app/local.properties
2018-04-09 18:02:17,975 INFO  ProjectFixService - Build info for "/tmp/rdisk/693/src/Bluetooth-LE-Library---Android-master/sample_app/build.gradle": [buildToolsVersion=<null>,compileSdkVersion=<null>,minSdkVersion=<null>,targetSdkVersion=<null>]
2018-04-09 18:02:17,975 INFO  ProjectFixService - Fixed build info for "/tmp/rdisk/693/src/Bluetooth-LE-Library---Android-master/sample_app/build.gradle": [buildToolsVersion=28.0.0-rc1,compileSdkVersion=27,minSdkVersion=27,targetSdkVersion=27]
2018-04-09 18:02:17,976 INFO  LocalPropertiesFixService - Created fake /tmp/rdisk/693/src/Bluetooth-LE-Library---Android-master/local.properties
2018-04-09 18:02:17,977 INFO  WrapperPropertiesFixService - Gradle wrapper: https://services.gradle.org/distributions/gradle-2.14.1-all.zip
2018-04-09 18:02:17,977 INFO  WrapperPropertiesFixService - Gradle wrapper was changed from "-all.zip" to "-bin.zip" (https://services.gradle.org/distributions/gradle-2.14.1-bin.zip)
2018-04-09 18:02:17,979 INFO  ProjectFixService - Build info for "/tmp/rdisk/693/src/Bluetooth-LE-Library---Android-master/build.gradle": [buildToolsVersion=<null>,compileSdkVersion=<null>,minSdkVersion=<null>,targetSdkVersion=<null>]
2018-04-09 18:02:17,979 INFO  ProjectFixService - Fixed build info for "/tmp/rdisk/693/src/Bluetooth-LE-Library---Android-master/build.gradle": [buildToolsVersion=28.0.0-rc1,compileSdkVersion=27,minSdkVersion=27,targetSdkVersion=27]
2018-04-09 18:02:17,979 INFO  ProjectFixService - Project was maybe fixed
2018-04-09 18:02:17,979 INFO  ProjectTaskService - Detecting possible tasks...
2018-04-09 18:02:17,979 INFO  SysUtils - Execute command: [/tmp/rdisk/693/src/Bluetooth-LE-Library---Android-master/gradlew, -b, /tmp/rdisk/693/src/Bluetooth-LE-Library---Android-master/library/build.gradle, -Dorg.gradle.daemon=false, -Dorg.gradle.daemon.performance.enable-monitoring=false, -Dorg.gradle.configureondemand=true, tasks]
2018-04-09 18:02:33,148 INFO  ProjectTaskService - Detected possible tasks: 76
2018-04-09 18:02:33,148 INFO  ProjectTaskService - Excluded tasks (19): lintDebug mockableAndroidJar androidJavadocs deviceCheck lint androidSourcesJar testReleaseUnitTest deviceAndroidTest uninstallDebugAndroidTest installDebugAndroidTest connectedCheck connectedDebugAndroidTest uninstallAll androidJavadocsJar test check testDebugUnitTest connectedAndroidTest lintRelease
2018-04-09 18:02:33,148 INFO  SysUtils - Execute command: [/tmp/rdisk/693/src/Bluetooth-LE-Library---Android-master/gradlew, -b, /tmp/rdisk/693/src/Bluetooth-LE-Library---Android-master/library/build.gradle, -Dorg.gradle.daemon=false, -Dorg.gradle.daemon.performance.enable-monitoring=false, -Dorg.gradle.configureondemand=true, --stacktrace, -x, lintDebug, -x, mockableAndroidJar, -x, androidJavadocs, -x, deviceCheck, -x, lint, -x, androidSourcesJar, -x, testReleaseUnitTest, -x, deviceAndroidTest, -x, uninstallDebugAndroidTest, -x, installDebugAndroidTest, -x, connectedCheck, -x, connectedDebugAndroidTest, -x, uninstallAll, -x, androidJavadocsJar, -x, test, -x, check, -x, testDebugUnitTest, -x, connectedAndroidTest, -x, lintRelease, build]
2018-04-09 18:02:45,953 INFO  SysUtils - Configuration on demand is an incubating feature.
Incremental java compilation is an incubating feature.
:library:preBuild UP-TO-DATE
:library:preDebugBuild UP-TO-DATE
:library:checkDebugManifest
:library:prepareDebugDependencies
:library:compileDebugAidl
:library:compileDebugNdk UP-TO-DATE
:library:compileLint
:library:copyDebugLint UP-TO-DATE
:library:mergeDebugShaders
:library:compileDebugShaders
:library:generateDebugAssets
:library:mergeDebugAssets
:library:mergeDebugProguardFiles
:library:packageDebugRenderscript UP-TO-DATE
:library:compileDebugRenderscript
:library:generateDebugResValues
:library:generateDebugResources
:library:packageDebugResources
:library:processDebugManifest
:library:generateDebugBuildConfig
:library:processDebugResources
:library:generateDebugSources
:library:incrementalDebugJavaCompilationSafeguard
:library:compileDebugJavaWithJavac
:library:compileDebugJavaWithJavac - is not incremental (e.g. outputs have changed, no previous execution, etc.).
:library:processDebugJavaRes UP-TO-DATE
:library:transformResourcesWithMergeJavaResForDebug
:library:transformClassesAndResourcesWithSyncLibJarsForDebug
:library:mergeDebugJniLibFolders
:library:transformNative_libsWithMergeJniLibsForDebug
:library:transformNative_libsWithSyncJniLibsForDebug
:library:bundleDebug
:library:compileDebugSources
:library:assembleDebug
:library:preReleaseBuild UP-TO-DATE
:library:checkReleaseManifest
:library:prepareReleaseDependencies
:library:compileReleaseAidl
:library:compileReleaseNdk UP-TO-DATE
:library:copyReleaseLint UP-TO-DATE
:library:mergeReleaseShaders
:library:compileReleaseShaders
:library:generateReleaseAssets
:library:mergeReleaseAssets
:library:mergeReleaseProguardFiles
:library:packageReleaseRenderscript UP-TO-DATE
:library:compileReleaseRenderscript
:library:generateReleaseResValues
:library:generateReleaseResources
:library:packageReleaseResources
:library:processReleaseManifest
:library:generateReleaseBuildConfig
:library:processReleaseResources
:library:generateReleaseSources
:library:incrementalReleaseJavaCompilationSafeguard
:library:compileReleaseJavaWithJavac
:library:compileReleaseJavaWithJavac - is not incremental (e.g. outputs have changed, no previous execution, etc.).
:library:processReleaseJavaRes UP-TO-DATE
:library:transformResourcesWithMergeJavaResForRelease
:library:transformClassesAndResourcesWithSyncLibJarsForRelease
:library:mergeReleaseJniLibFolders
:library:transformNative_libsWithMergeJniLibsForRelease
:library:transformNative_libsWithSyncJniLibsForRelease
:library:bundleRelease
:library:compileReleaseSources
:library:assembleRelease
:library:jarRelease
:library:assemble
:library:build

BUILD SUCCESSFUL

Total time: 10.087 secs

2018-04-09 18:02:45,964 INFO  ProjectTaskService - Detecting possible tasks...
2018-04-09 18:02:45,965 INFO  SysUtils - Execute command: [/tmp/rdisk/693/src/Bluetooth-LE-Library---Android-master/gradlew, -b, /tmp/rdisk/693/src/Bluetooth-LE-Library---Android-master/sample_app/build.gradle, -Dorg.gradle.daemon=false, -Dorg.gradle.daemon.performance.enable-monitoring=false, -Dorg.gradle.configureondemand=true, tasks]
2018-04-09 18:02:54,766 INFO  ProjectTaskService - Detected possible tasks: 75
2018-04-09 18:02:54,766 INFO  ProjectTaskService - Excluded tasks (22): lintDebug mockableAndroidJar androidJavadocs deviceCheck lint androidSourcesJar testReleaseUnitTest uninstallRelease deviceAndroidTest uninstallDebugAndroidTest installDebugAndroidTest connectedCheck connectedDebugAndroidTest uninstallAll androidJavadocsJar test check testDebugUnitTest connectedAndroidTest installDebug lintRelease uninstallDebug
2018-04-09 18:02:54,766 INFO  SysUtils - Execute command: [/tmp/rdisk/693/src/Bluetooth-LE-Library---Android-master/gradlew, -b, /tmp/rdisk/693/src/Bluetooth-LE-Library---Android-master/sample_app/build.gradle, -Dorg.gradle.daemon=false, -Dorg.gradle.daemon.performance.enable-monitoring=false, -Dorg.gradle.configureondemand=true, --stacktrace, -x, lintDebug, -x, mockableAndroidJar, -x, androidJavadocs, -x, deviceCheck, -x, lint, -x, androidSourcesJar, -x, testReleaseUnitTest, -x, uninstallRelease, -x, deviceAndroidTest, -x, uninstallDebugAndroidTest, -x, installDebugAndroidTest, -x, connectedCheck, -x, connectedDebugAndroidTest, -x, uninstallAll, -x, androidJavadocsJar, -x, test, -x, check, -x, testDebugUnitTest, -x, connectedAndroidTest, -x, installDebug, -x, lintRelease, -x, uninstallDebug, build]
2018-04-09 18:03:02,959 ERROR SysUtils - Could not process external command
org.apache.commons.exec.ExecuteException: Process exited with an error: 1 (Exit value: 1)
	at org.apache.commons.exec.DefaultExecutor.executeInternal(DefaultExecutor.java:404)
	at org.apache.commons.exec.DefaultExecutor.execute(DefaultExecutor.java:166)
	at com.github.vbauer.apkmaster.util.SysUtils.execute(SysUtils.java:67)
	at com.github.vbauer.apkmaster.util.SysUtils.executeSimple(SysUtils.java:43)
	at com.github.vbauer.apkmaster.service.assembly.ProjectBuildService.buildProject(ProjectBuildService.java:78)
	at com.github.vbauer.apkmaster.service.assembly.ProjectBuildService.buildProject(ProjectBuildService.java:64)
	at com.github.vbauer.apkmaster.service.assembly.ProjectBuildService.buildProject(ProjectBuildService.java:43)
	at com.github.vbauer.apkmaster.service.FullProcessService.build(FullProcessService.java:84)
	at com.github.vbauer.apkmaster.service.FullProcessService.process(FullProcessService.java:34)
	at com.github.vbauer.apkmaster.app.MainApplication.process(MainApplication.java:38)
	at com.github.vbauer.apkmaster.app.MainApplication.main(MainApplication.java:20)
	at sun.reflect.GeneratedMethodAccessor8.invoke(Unknown Source)
	at sun.reflect.DelegatingMethodAccessorImpl.invoke(DelegatingMethodAccessorImpl.java:43)
	at java.lang.reflect.Method.invoke(Method.java:498)
	at com.android.arsenal.util.ReflectionUtils.invoke(ReflectionUtils.java:42)
	at com.android.arsenal.util.ApkMasterUtils.main(ApkMasterUtils.java:30)
	at com.android.arsenal.service.processor.impl.BuildProcessorServiceImpl.buildProject(BuildProcessorServiceImpl.java:197)
	at com.android.arsenal.service.processor.impl.BuildProcessorServiceImpl.build(BuildProcessorServiceImpl.java:131)
	at com.android.arsenal.service.processor.impl.BuildProcessorServiceImpl.lambda$null$1(BuildProcessorServiceImpl.java:114)
	at java.util.concurrent.FutureTask.run(FutureTask.java:266)
	at java.util.concurrent.Executors$RunnableAdapter.call(Executors.java:511)
	at java.util.concurrent.FutureTask.run(FutureTask.java:266)
	at java.util.concurrent.ThreadPoolExecutor.runWorker(ThreadPoolExecutor.java:1149)
	at java.util.concurrent.ThreadPoolExecutor$Worker.run(ThreadPoolExecutor.java:624)
	at java.lang.Thread.run(Thread.java:748)
2018-04-09 18:03:02,960 INFO  SysUtils - Configuration on demand is an incubating feature.
Incremental java compilation is an incubating feature.

FAILURE: Build failed with an exception.

* What went wrong:
Task 'androidJavadocs' not found in project ':sample_app'.

* Try:
Run gradlew tasks to get a list of available tasks. Run with --info or --debug option to get more log output.

* Exception is:
org.gradle.execution.TaskSelectionException: Task 'androidJavadocs' not found in project ':sample_app'.
	at org.gradle.execution.TaskSelector.getSelection(TaskSelector.java:100)
	at org.gradle.execution.TaskSelector.getFilter(TaskSelector.java:63)
	at org.gradle.execution.ExcludedTaskFilteringBuildConfigurationAction.configure(ExcludedTaskFilteringBuildConfigurationAction.java:42)
	at org.gradle.execution.DefaultBuildConfigurationActionExecuter.configure(DefaultBuildConfigurationActionExecuter.java:48)
	at org.gradle.execution.DefaultBuildConfigurationActionExecuter.select(DefaultBuildConfigurationActionExecuter.java:36)
	at org.gradle.initialization.DefaultGradleLauncher$3.run(DefaultGradleLauncher.java:142)
	at org.gradle.internal.Factories$1.create(Factories.java:22)
	at org.gradle.internal.progress.DefaultBuildOperationExecutor.run(DefaultBuildOperationExecutor.java:91)
	at org.gradle.internal.progress.DefaultBuildOperationExecutor.run(DefaultBuildOperationExecutor.java:53)
	at org.gradle.initialization.DefaultGradleLauncher.doBuildStages(DefaultGradleLauncher.java:139)
	at org.gradle.initialization.DefaultGradleLauncher.access$200(DefaultGradleLauncher.java:32)
	at org.gradle.initialization.DefaultGradleLauncher$1.create(DefaultGradleLauncher.java:98)
	at org.gradle.initialization.DefaultGradleLauncher$1.create(DefaultGradleLauncher.java:92)
	at org.gradle.internal.progress.DefaultBuildOperationExecutor.run(DefaultBuildOperationExecutor.java:91)
	at org.gradle.internal.progress.DefaultBuildOperationExecutor.run(DefaultBuildOperationExecutor.java:63)
	at org.gradle.initialization.DefaultGradleLauncher.doBuild(DefaultGradleLauncher.java:92)
	at org.gradle.initialization.DefaultGradleLauncher.run(DefaultGradleLauncher.java:83)
	at org.gradle.launcher.exec.InProcessBuildActionExecuter$DefaultBuildController.run(InProcessBuildActionExecuter.java:99)
	at org.gradle.tooling.internal.provider.ExecuteBuildActionRunner.run(ExecuteBuildActionRunner.java:28)
	at org.gradle.launcher.exec.ChainingBuildActionRunner.run(ChainingBuildActionRunner.java:35)
	at org.gradle.launcher.exec.InProcessBuildActionExecuter.execute(InProcessBuildActionExecuter.java:48)
	at org.gradle.launcher.exec.InProcessBuildActionExecuter.execute(InProcessBuildActionExecuter.java:30)
	at org.gradle.launcher.exec.ContinuousBuildActionExecuter.execute(ContinuousBuildActionExecuter.java:81)
	at org.gradle.launcher.exec.ContinuousBuildActionExecuter.execute(ContinuousBuildActionExecuter.java:46)
	at org.gradle.launcher.exec.DaemonUsageSuggestingBuildActionExecuter.execute(DaemonUsageSuggestingBuildActionExecuter.java:51)
	at org.gradle.launcher.exec.DaemonUsageSuggestingBuildActionExecuter.execute(DaemonUsageSuggestingBuildActionExecuter.java:28)
	at org.gradle.launcher.cli.RunBuildAction.run(RunBuildAction.java:43)
	at org.gradle.internal.Actions$RunnableActionAdapter.execute(Actions.java:173)
	at org.gradle.launcher.cli.CommandLineActionFactory$ParseAndBuildAction.execute(CommandLineActionFactory.java:239)
	at org.gradle.launcher.cli.CommandLineActionFactory$ParseAndBuildAction.execute(CommandLineActionFactory.java:212)
	at org.gradle.launcher.cli.JavaRuntimeValidationAction.execute(JavaRuntimeValidationAction.java:35)
	at org.gradle.launcher.cli.JavaRuntimeValidationAction.execute(JavaRuntimeValidationAction.java:24)
	at org.gradle.launcher.cli.ExceptionReportingAction.execute(ExceptionReportingAction.java:33)
	at org.gradle.launcher.cli.ExceptionReportingAction.execute(ExceptionReportingAction.java:22)
	at org.gradle.launcher.cli.CommandLineActionFactory$WithLogging.execute(CommandLineActionFactory.java:205)
	at org.gradle.launcher.cli.CommandLineActionFactory$WithLogging.execute(CommandLineActionFactory.java:169)
	at org.gradle.launcher.Main.doAction(Main.java:33)
	at org.gradle.launcher.bootstrap.EntryPoint.run(EntryPoint.java:45)
	at org.gradle.launcher.bootstrap.ProcessBootstrap.runNoExit(ProcessBootstrap.java:55)
	at org.gradle.launcher.bootstrap.ProcessBootstrap.run(ProcessBootstrap.java:36)
	at org.gradle.launcher.GradleMain.main(GradleMain.java:23)
	at org.gradle.wrapper.BootstrapMainStarter.start(BootstrapMainStarter.java:33)
	at org.gradle.wrapper.WrapperExecutor.execute(WrapperExecutor.java:130)
	at org.gradle.wrapper.GradleWrapperMain.main(GradleWrapperMain.java:48)


BUILD FAILED

Total time: 7.65 secs

2018-04-09 18:03:02,960 ERROR ProjectBuildService - Excluded tasks were detected wrong
2018-04-09 18:03:02,960 INFO  SysUtils - Execute command: [/tmp/rdisk/693/src/Bluetooth-LE-Library---Android-master/gradlew, -b, /tmp/rdisk/693/src/Bluetooth-LE-Library---Android-master/sample_app/build.gradle, -Dorg.gradle.daemon=false, -Dorg.gradle.daemon.performance.enable-monitoring=false, -Dorg.gradle.configureondemand=true, --stacktrace, build]
2018-04-09 18:03:38,793 INFO  SysUtils - Configuration on demand is an incubating feature.
Incremental java compilation is an incubating feature.
:library:preBuild UP-TO-DATE
:library:preReleaseBuild UP-TO-DATE
:library:checkReleaseManifest
:library:prepareReleaseDependencies
:library:compileReleaseAidl UP-TO-DATE
:library:compileReleaseNdk UP-TO-DATE
:library:compileLint UP-TO-DATE
:library:copyReleaseLint UP-TO-DATE
:library:mergeReleaseShaders UP-TO-DATE
:library:compileReleaseShaders UP-TO-DATE
:library:generateReleaseAssets UP-TO-DATE
:library:mergeReleaseAssets UP-TO-DATE
:library:mergeReleaseProguardFiles UP-TO-DATE
:library:packageReleaseRenderscript UP-TO-DATE
:library:compileReleaseRenderscript UP-TO-DATE
:library:generateReleaseResValues UP-TO-DATE
:library:generateReleaseResources UP-TO-DATE
:library:packageReleaseResources UP-TO-DATE
:library:processReleaseManifest UP-TO-DATE
:library:generateReleaseBuildConfig UP-TO-DATE
:library:processReleaseResources UP-TO-DATE
:library:generateReleaseSources UP-TO-DATE
:library:incrementalReleaseJavaCompilationSafeguard UP-TO-DATE
:library:compileReleaseJavaWithJavac UP-TO-DATE
:library:processReleaseJavaRes UP-TO-DATE
:library:transformResourcesWithMergeJavaResForRelease UP-TO-DATE
:library:transformClassesAndResourcesWithSyncLibJarsForRelease UP-TO-DATE
:library:mergeReleaseJniLibFolders UP-TO-DATE
:library:transformNative_libsWithMergeJniLibsForRelease UP-TO-DATE
:library:transformNative_libsWithSyncJniLibsForRelease UP-TO-DATE
:library:bundleRelease UP-TO-DATE
:sample_app:preBuild UP-TO-DATE
:sample_app:preDebugBuild UP-TO-DATE
:sample_app:checkDebugManifest
:sample_app:preReleaseBuild UP-TO-DATE
:sample_app:prepareBluetoothLELibraryAndroidMasterLibraryUnspecifiedLibrary
:sample_app:prepareComAndroidSupportAnimatedVectorDrawable2420Library
:sample_app:prepareComAndroidSupportAppcompatV72420Library
:sample_app:prepareComAndroidSupportRecyclerviewV72420Library
:sample_app:prepareComAndroidSupportSupportCompat2420Library
:sample_app:prepareComAndroidSupportSupportCoreUi2420Library
:sample_app:prepareComAndroidSupportSupportCoreUtils2420Library
:sample_app:prepareComAndroidSupportSupportFragment2420Library
:sample_app:prepareComAndroidSupportSupportMediaCompat2420Library
:sample_app:prepareComAndroidSupportSupportV42420Library
:sample_app:prepareComAndroidSupportSupportVectorDrawable2420Library
:sample_app:prepareComAnthonycrGrantPermissions10Library
:sample_app:prepareDebugDependencies
:sample_app:compileDebugAidl
:sample_app:compileDebugRenderscript
:sample_app:generateDebugBuildConfig
:sample_app:generateDebugResValues
:sample_app:generateDebugResources
:sample_app:mergeDebugResources
:sample_app:processDebugManifest
:sample_app:processDebugResources
:sample_app:generateDebugSources
:sample_app:incrementalDebugJavaCompilationSafeguard
:sample_app:compileDebugJavaWithJavac
:sample_app:compileDebugJavaWithJavac - is not incremental (e.g. outputs have changed, no previous execution, etc.).
Note: /tmp/rdisk/693/src/Bluetooth-LE-Library---Android-master/sample_app/src/main/java/uk/co/alt236/btlescan/util/BluetoothLeScanner.java uses or overrides a deprecated API.
Note: Recompile with -Xlint:deprecation for details.
Note: /tmp/rdisk/693/src/Bluetooth-LE-Library---Android-master/sample_app/src/main/java/uk/co/alt236/btlescan/ui/common/recyclerview/BaseRecyclerViewAdapter.java uses unchecked or unsafe operations.
Note: Recompile with -Xlint:unchecked for details.
:sample_app:compileDebugNdk UP-TO-DATE
:sample_app:compileDebugSources
:sample_app:mergeDebugShaders
:sample_app:compileDebugShaders
:sample_app:generateDebugAssets
:sample_app:mergeDebugAssets
:sample_app:transformClassesWithDexForDebug
:sample_app:mergeDebugJniLibFolders
:sample_app:transformNative_libsWithMergeJniLibsForDebug
:sample_app:processDebugJavaRes UP-TO-DATE
:sample_app:transformResourcesWithMergeJavaResForDebug
:sample_app:validateSigningDebug
:sample_app:packageDebug
:sample_app:assembleDebug
:sample_app:checkReleaseManifest
:sample_app:prepareReleaseDependencies
:sample_app:compileReleaseAidl
:sample_app:compileReleaseRenderscript
:sample_app:generateReleaseBuildConfig
:sample_app:generateReleaseResValues
:sample_app:generateReleaseResources
:sample_app:mergeReleaseResources
:sample_app:processReleaseManifest
:sample_app:processReleaseResources
:sample_app:generateReleaseSources
:sample_app:incrementalReleaseJavaCompilationSafeguard
:sample_app:compileReleaseJavaWithJavac
:sample_app:compileReleaseJavaWithJavac - is not incremental (e.g. outputs have changed, no previous execution, etc.).
Note: /tmp/rdisk/693/src/Bluetooth-LE-Library---Android-master/sample_app/src/main/java/uk/co/alt236/btlescan/util/BluetoothLeScanner.java uses or overrides a deprecated API.
Note: Recompile with -Xlint:deprecation for details.
Note: /tmp/rdisk/693/src/Bluetooth-LE-Library---Android-master/sample_app/src/main/java/uk/co/alt236/btlescan/ui/common/recyclerview/BaseRecyclerViewAdapter.java uses unchecked or unsafe operations.
Note: Recompile with -Xlint:unchecked for details.
:sample_app:compileReleaseNdk UP-TO-DATE
:sample_app:compileReleaseSources
:sample_app:lintVitalRelease
:sample_app:mergeReleaseShaders
:sample_app:compileReleaseShaders
:sample_app:generateReleaseAssets
:sample_app:mergeReleaseAssets
:sample_app:transformClassesWithDexForRelease
:sample_app:mergeReleaseJniLibFolders
:sample_app:transformNative_libsWithMergeJniLibsForRelease
:sample_app:processReleaseJavaRes UP-TO-DATE
:sample_app:transformResourcesWithMergeJavaResForRelease
:sample_app:packageRelease
:sample_app:assembleRelease
:sample_app:assemble
:sample_app:lint
Ran lint on variant debug: 58 issues found
Ran lint on variant release: 58 issues found
Wrote HTML report to file:///tmp/rdisk/693/src/Bluetooth-LE-Library---Android-master/sample_app/build/outputs/lint-results-debug.html
Wrote XML report to file:///tmp/rdisk/693/src/Bluetooth-LE-Library---Android-master/sample_app/build/outputs/lint-results-debug.xml
:sample_app:incrementalDebugUnitTestJavaCompilationSafeguard UP-TO-DATE
:sample_app:preDebugUnitTestBuild UP-TO-DATE
:sample_app:prepareDebugUnitTestDependencies
:sample_app:compileDebugUnitTestJavaWithJavac
:sample_app:processDebugUnitTestJavaRes UP-TO-DATE
:sample_app:compileDebugUnitTestSources
:sample_app:mockableAndroidJar
:sample_app:assembleDebugUnitTest
:sample_app:testDebugUnitTest
:sample_app:incrementalReleaseUnitTestJavaCompilationSafeguard UP-TO-DATE
:sample_app:preReleaseUnitTestBuild UP-TO-DATE
:sample_app:prepareReleaseUnitTestDependencies
:sample_app:compileReleaseUnitTestJavaWithJavac
:sample_app:processReleaseUnitTestJavaRes UP-TO-DATE
:sample_app:compileReleaseUnitTestSources
:sample_app:assembleReleaseUnitTest
:sample_app:testReleaseUnitTest
:sample_app:test
:sample_app:check
:sample_app:build

BUILD SUCCESSFUL

Total time: 35.264 secs

2018-04-09 18:03:38,870 INFO  FullProcessService - Found APK file: /tmp/rdisk/693/src/Bluetooth-LE-Library---Android-master/sample_app/build/outputs/apk/sample_app-release-unsigned.apk
