2016-08-07 13:19:22,718 INFO  c.g.v.a.s.n.DownloadService - Downloading "https://github.com/osmandapp/Osmand/archive/master.zip", attempt 3
2016-08-07 13:19:26,053 INFO  c.g.v.a.s.n.DownloadService - Downloaded https://github.com/osmandapp/Osmand/archive/master.zip, attempt 3
2016-08-07 13:19:33,645 DEBUG o.z.z.ZipUtil - Extracting '/tmp/rdisk/647/master.zip' into '/tmp/rdisk/647/src'.
2016-08-07 13:19:35,079 INFO  c.g.v.a.s.FullProcessService - Size of directory with sources: 43 MB
2016-08-07 13:19:35,085 INFO  c.g.v.a.u.SysUtils - Execute command: [git, init, /tmp/rdisk/647/src]
2016-08-07 13:19:35,388 INFO  c.g.v.a.s.a.ProjectBuildService - Gradle wrapper(s): /tmp/rdisk/647/src/Osmand-master/gradlew
2016-08-07 13:19:35,503 INFO  c.g.v.a.s.a.ProjectBuildService - Build script(s): /tmp/rdisk/647/src/Osmand-master/build.gradle /tmp/rdisk/647/src/Osmand-master/OsmAnd-java/build.gradle /tmp/rdisk/647/src/Osmand-master/OsmAnd/build.gradle /tmp/rdisk/647/src/Osmand-master/OsmAndCore-sample/build.gradle /tmp/rdisk/647/src/Osmand-master/eclipse-compile/appcompat/build.gradle /tmp/rdisk/647/src/Osmand-master/eclipse-compile/cardview/build.gradle /tmp/rdisk/647/src/Osmand-master/eclipse-compile/design/build.gradle /tmp/rdisk/647/src/Osmand-master/eclipse-compile/gridlayout/build.gradle /tmp/rdisk/647/src/Osmand-master/plugins/Osmand-Nautical/build.gradle /tmp/rdisk/647/src/Osmand-master/plugins/Osmand-ParkingPlugin/build.gradle /tmp/rdisk/647/src/Osmand-master/plugins/Osmand-SRTMPlugin/build.gradle /tmp/rdisk/647/src/Osmand-master/plugins/Osmand-Skimaps/build.gradle
2016-08-07 13:19:35,630 INFO  c.g.v.a.s.a.ProjectBuildService - All script(s): /tmp/rdisk/647/src/Osmand-master/build.gradle /tmp/rdisk/647/src/Osmand-master/eclipse-compile/appcompat/build.gradle /tmp/rdisk/647/src/Osmand-master/eclipse-compile/cardview/build.gradle /tmp/rdisk/647/src/Osmand-master/eclipse-compile/design/build.gradle /tmp/rdisk/647/src/Osmand-master/eclipse-compile/gridlayout/build.gradle /tmp/rdisk/647/src/Osmand-master/OsmAnd/build.gradle /tmp/rdisk/647/src/Osmand-master/OsmAnd-java/build.gradle /tmp/rdisk/647/src/Osmand-master/OsmAndCore-sample/build.gradle /tmp/rdisk/647/src/Osmand-master/plugins/Osmand-Nautical/build.gradle /tmp/rdisk/647/src/Osmand-master/plugins/Osmand-ParkingPlugin/build.gradle /tmp/rdisk/647/src/Osmand-master/plugins/Osmand-Skimaps/build.gradle /tmp/rdisk/647/src/Osmand-master/plugins/Osmand-SRTMPlugin/build.gradle /tmp/rdisk/647/src/Osmand-master/settings.gradle
2016-08-07 13:19:35,648 INFO  c.g.v.a.s.a.ProjectBuildService - Remote scripts: none
2016-08-07 13:19:35,650 INFO  c.g.v.a.s.a.ProjectFixService - Fixing project...
2016-08-07 13:19:35,941 INFO  c.g.v.a.s.AndroidToolsService - ANDROID_HOME: /Users/vbauer/Library/Android/sdk
2016-08-07 13:19:35,941 INFO  c.g.v.a.s.AndroidToolsService - NDK_HOME: /Users/vbauer/Library/Android/ndk
2016-08-07 13:19:35,946 INFO  c.g.v.a.s.AndroidToolsService - Available build tools: 19.1.0 20.0.0 21.1.1 21.1.2 22.0.0 22.0.1 23.0.1 23.0.2 23.0.3 24.0.0 24.0.1
2016-08-07 13:19:35,949 INFO  c.g.v.a.s.AndroidToolsService - Available build tools after clean up: 19.1.0 20.0.0 21.1.1 21.1.2 22.0.0 22.0.1 23.0.1 23.0.2 23.0.3 24.0.0 24.0.1
2016-08-07 13:19:35,953 INFO  c.g.v.a.s.AndroidToolsService - Available platforms: 10 11 12 13 14 15 16 17 18 19 20 21 22 23 24 7 8 9 24
2016-08-07 13:19:35,955 INFO  c.g.v.a.s.AndroidToolsService - Available platforms after clean up: 7 8 9 10 11 12 13 14 15 16 17 18 19 20 21 22 23 24
2016-08-07 13:19:35,957 INFO  c.g.v.a.s.a.f.LocalPropertiesFixService - Created fake /tmp/rdisk/647/src/Osmand-master/local.properties
2016-08-07 13:19:35,968 INFO  c.g.v.a.s.a.f.WrapperPropertiesFixService - Project uses full gradle wrapper: true (https://services.gradle.org/distributions/gradle-2.10-all.zip)
2016-08-07 13:19:35,969 INFO  c.g.v.a.s.a.f.WrapperPropertiesFixService - Gradle wrapper was changed from "-all.zip" to "-bin.zip" (https://services.gradle.org/distributions/gradle-2.10-bin.zip)
2016-08-07 13:19:35,982 INFO  c.g.v.a.s.a.ProjectFixService - Build info for "/tmp/rdisk/647/src/Osmand-master/build.gradle": [buildToolsVersion=23.0.1,compileSdkVersion=23,minSdkVersion=9,targetSdkVersion=23]
2016-08-07 13:19:35,994 INFO  c.g.v.a.s.a.f.LocalPropertiesFixService - Created fake /tmp/rdisk/647/src/Osmand-master/OsmAnd-java/local.properties
2016-08-07 13:19:35,999 INFO  c.g.v.a.s.a.ProjectFixService - Build info for "/tmp/rdisk/647/src/Osmand-master/OsmAnd-java/build.gradle": [buildToolsVersion=23.0.1,compileSdkVersion=23,minSdkVersion=9,targetSdkVersion=23]
2016-08-07 13:19:36,001 INFO  c.g.v.a.s.a.f.LocalPropertiesFixService - Created fake /tmp/rdisk/647/src/Osmand-master/OsmAnd/local.properties
2016-08-07 13:19:36,007 INFO  c.g.v.a.s.a.ProjectFixService - Build info for "/tmp/rdisk/647/src/Osmand-master/OsmAnd/build.gradle": [buildToolsVersion=23.0.3,compileSdkVersion=23,minSdkVersion=9,targetSdkVersion=23]
2016-08-07 13:19:36,009 INFO  c.g.v.a.s.a.f.LocalPropertiesFixService - Created fake /tmp/rdisk/647/src/Osmand-master/OsmAndCore-sample/local.properties
2016-08-07 13:19:36,010 INFO  c.g.v.a.s.a.ProjectFixService - Build info for "/tmp/rdisk/647/src/Osmand-master/OsmAndCore-sample/build.gradle": [buildToolsVersion=23.0.3,compileSdkVersion=23,minSdkVersion=14,targetSdkVersion=23]
2016-08-07 13:19:36,012 INFO  c.g.v.a.s.a.f.LocalPropertiesFixService - Updated fake /tmp/rdisk/647/src/Osmand-master/eclipse-compile/appcompat/local.properties
2016-08-07 13:19:36,014 INFO  c.g.v.a.s.a.ProjectFixService - Build info for "/tmp/rdisk/647/src/Osmand-master/eclipse-compile/appcompat/build.gradle": [buildToolsVersion=23.0.1,compileSdkVersion=23,minSdkVersion=9,targetSdkVersion=23]
2016-08-07 13:19:36,015 INFO  c.g.v.a.s.a.f.LocalPropertiesFixService - Created fake /tmp/rdisk/647/src/Osmand-master/eclipse-compile/cardview/local.properties
2016-08-07 13:19:36,017 INFO  c.g.v.a.s.a.ProjectFixService - Build info for "/tmp/rdisk/647/src/Osmand-master/eclipse-compile/cardview/build.gradle": [buildToolsVersion=23.0.1,compileSdkVersion=23,minSdkVersion=7,targetSdkVersion=23]
2016-08-07 13:19:36,018 INFO  c.g.v.a.s.a.f.LocalPropertiesFixService - Created fake /tmp/rdisk/647/src/Osmand-master/eclipse-compile/design/local.properties
2016-08-07 13:19:36,020 INFO  c.g.v.a.s.a.ProjectFixService - Build info for "/tmp/rdisk/647/src/Osmand-master/eclipse-compile/design/build.gradle": [buildToolsVersion=23.0.1,compileSdkVersion=23,minSdkVersion=9,targetSdkVersion=23]
2016-08-07 13:19:36,021 INFO  c.g.v.a.s.a.f.LocalPropertiesFixService - Created fake /tmp/rdisk/647/src/Osmand-master/eclipse-compile/gridlayout/local.properties
2016-08-07 13:19:36,023 INFO  c.g.v.a.s.a.ProjectFixService - Build info for "/tmp/rdisk/647/src/Osmand-master/eclipse-compile/gridlayout/build.gradle": [buildToolsVersion=23.0.1,compileSdkVersion=23,minSdkVersion=9,targetSdkVersion=23]
2016-08-07 13:19:36,025 INFO  c.g.v.a.s.a.f.LocalPropertiesFixService - Created fake /tmp/rdisk/647/src/Osmand-master/plugins/Osmand-Nautical/local.properties
2016-08-07 13:19:36,026 INFO  c.g.v.a.s.a.ProjectFixService - Build info for "/tmp/rdisk/647/src/Osmand-master/plugins/Osmand-Nautical/build.gradle": [buildToolsVersion=23.0.1,compileSdkVersion=21,minSdkVersion=9,targetSdkVersion=21]
2016-08-07 13:19:36,028 INFO  c.g.v.a.s.a.f.LocalPropertiesFixService - Created fake /tmp/rdisk/647/src/Osmand-master/plugins/Osmand-ParkingPlugin/local.properties
2016-08-07 13:19:36,029 INFO  c.g.v.a.s.a.ProjectFixService - Build info for "/tmp/rdisk/647/src/Osmand-master/plugins/Osmand-ParkingPlugin/build.gradle": [buildToolsVersion=23.0.1,compileSdkVersion=23,minSdkVersion=9,targetSdkVersion=23]
2016-08-07 13:19:36,031 INFO  c.g.v.a.s.a.f.LocalPropertiesFixService - Created fake /tmp/rdisk/647/src/Osmand-master/plugins/Osmand-SRTMPlugin/local.properties
2016-08-07 13:19:36,033 INFO  c.g.v.a.s.a.ProjectFixService - Build info for "/tmp/rdisk/647/src/Osmand-master/plugins/Osmand-SRTMPlugin/build.gradle": [buildToolsVersion=23.0.1,compileSdkVersion=21,minSdkVersion=9,targetSdkVersion=21]
2016-08-07 13:19:36,034 INFO  c.g.v.a.s.a.f.LocalPropertiesFixService - Created fake /tmp/rdisk/647/src/Osmand-master/plugins/Osmand-Skimaps/local.properties
2016-08-07 13:19:36,036 INFO  c.g.v.a.s.a.ProjectFixService - Build info for "/tmp/rdisk/647/src/Osmand-master/plugins/Osmand-Skimaps/build.gradle": [buildToolsVersion=23.0.1,compileSdkVersion=21,minSdkVersion=9,targetSdkVersion=21]
2016-08-07 13:19:36,036 INFO  c.g.v.a.s.a.ProjectFixService - Project was maybe fixed
2016-08-07 13:19:36,043 INFO  c.g.v.a.s.a.ProjectTaskService - Detecting possible tasks...
2016-08-07 13:19:36,044 INFO  c.g.v.a.u.SysUtils - Execute command: [/tmp/rdisk/647/src/Osmand-master/gradlew, -b, /tmp/rdisk/647/src/Osmand-master/build.gradle, tasks]
2016-08-07 13:22:30,505 INFO  c.g.v.a.s.a.ProjectTaskService - Detected possible tasks: 1140
2016-08-07 13:22:30,512 INFO  c.g.v.a.s.a.ProjectTaskService - Excluded tasks: lint check lintRelease connectedAndroidTest javadoc connectedCheck test testDebugUnitTest lintDebug testReleaseUnitTest deviceCheck deviceAndroidTest
2016-08-07 13:22:30,512 INFO  c.g.v.a.u.SysUtils - Execute command: [/tmp/rdisk/647/src/Osmand-master/gradlew, -b, /tmp/rdisk/647/src/Osmand-master/build.gradle, --stacktrace, -x, lint, -x, check, -x, lintRelease, -x, connectedAndroidTest, -x, javadoc, -x, connectedCheck, -x, test, -x, testDebugUnitTest, -x, lintDebug, -x, testReleaseUnitTest, -x, deviceCheck, -x, deviceAndroidTest, build]
2016-08-07 13:24:43,455 INFO  c.g.v.a.u.SysUtils - Validating translations
Incremental java compilation is an incubating feature.
:OsmAnd:buildOsmAndCore
ANDROID_NDK is not set
:OsmAnd:cleanupDuplicatesInCore
:OsmAnd:collectFonts UP-TO-DATE
:OsmAnd:collectHelpContentsAssets UP-TO-DATE
:OsmAnd:collectHelpContentsStyle UP-TO-DATE
:OsmAnd:collectMiscResources UP-TO-DATE
:OsmAnd:collectRegionsInfoResources UP-TO-DATE
:OsmAnd:collectRenderingStylesResources UP-TO-DATE
:OsmAnd:collectRoutingResources UP-TO-DATE
:OsmAnd:collectVoiceAssets UP-TO-DATE
:OsmAnd:copyStyleIcons UP-TO-DATE
:OsmAnd:updateNoTranslate
:OsmAnd:validateTranslate UP-TO-DATE
:OsmAnd:collectExternalResources
:OsmAnd:preBuild UP-TO-DATE
:OsmAnd:preFreeLegacyArmv5DebugBuild UP-TO-DATE
:OsmAnd:checkFreeLegacyArmv5DebugManifest
:OsmAnd:preFreeLegacyArmv5ReleaseBuild UP-TO-DATE
:OsmAnd:preFreeLegacyArmv7DebugBuild UP-TO-DATE
:OsmAnd:preFreeLegacyArmv7ReleaseBuild UP-TO-DATE
:OsmAnd:preFreeLegacyFatDebugBuild UP-TO-DATE
:OsmAnd:preFreeLegacyFatReleaseBuild UP-TO-DATE
:OsmAnd:preFreeLegacyMipsDebugBuild UP-TO-DATE
:OsmAnd:preFreeLegacyMipsReleaseBuild UP-TO-DATE
:OsmAnd:preFreeLegacyX86DebugBuild UP-TO-DATE
:OsmAnd:preFreeLegacyX86ReleaseBuild UP-TO-DATE
:OsmAnd:preFreeQtcoreArmv5DebugBuild UP-TO-DATE
:OsmAnd:preFreeQtcoreArmv5ReleaseBuild UP-TO-DATE
:OsmAnd:preFreeQtcoreArmv7DebugBuild UP-TO-DATE
:OsmAnd:preFreeQtcoreArmv7ReleaseBuild UP-TO-DATE
:OsmAnd:preFreeQtcoreFatDebugBuild UP-TO-DATE
:OsmAnd:preFreeQtcoreFatReleaseBuild UP-TO-DATE
:OsmAnd:preFreeQtcoreMipsDebugBuild UP-TO-DATE
:OsmAnd:preFreeQtcoreMipsReleaseBuild UP-TO-DATE
:OsmAnd:preFreeQtcoreX86DebugBuild UP-TO-DATE
:OsmAnd:preFreeQtcoreX86ReleaseBuild UP-TO-DATE
:OsmAnd:preFreeQtcoredebugArmv5DebugBuild UP-TO-DATE
:OsmAnd:preFreeQtcoredebugArmv5ReleaseBuild UP-TO-DATE
:OsmAnd:preFreeQtcoredebugArmv7DebugBuild UP-TO-DATE
:OsmAnd:preFreeQtcoredebugArmv7ReleaseBuild UP-TO-DATE
:OsmAnd:preFreeQtcoredebugFatDebugBuild UP-TO-DATE
:OsmAnd:preFreeQtcoredebugFatReleaseBuild UP-TO-DATE
:OsmAnd:preFreeQtcoredebugMipsDebugBuild UP-TO-DATE
:OsmAnd:preFreeQtcoredebugMipsReleaseBuild UP-TO-DATE
:OsmAnd:preFreeQtcoredebugX86DebugBuild UP-TO-DATE
:OsmAnd:preFreeQtcoredebugX86ReleaseBuild UP-TO-DATE
:OsmAnd:preFreedevLegacyArmv5DebugBuild UP-TO-DATE
:OsmAnd:preFreedevLegacyArmv5ReleaseBuild UP-TO-DATE
:OsmAnd:preFreedevLegacyArmv7DebugBuild UP-TO-DATE
:OsmAnd:preFreedevLegacyArmv7ReleaseBuild UP-TO-DATE
:OsmAnd:preFreedevLegacyFatDebugBuild UP-TO-DATE
:OsmAnd:preFreedevLegacyFatReleaseBuild UP-TO-DATE
:OsmAnd:preFreedevLegacyMipsDebugBuild UP-TO-DATE
:OsmAnd:preFreedevLegacyMipsReleaseBuild UP-TO-DATE
:OsmAnd:preFreedevLegacyX86DebugBuild UP-TO-DATE
:OsmAnd:preFreedevLegacyX86ReleaseBuild UP-TO-DATE
:OsmAnd:preFreedevQtcoreArmv5DebugBuild UP-TO-DATE
:OsmAnd:preFreedevQtcoreArmv5ReleaseBuild UP-TO-DATE
:OsmAnd:preFreedevQtcoreArmv7DebugBuild UP-TO-DATE
:OsmAnd:preFreedevQtcoreArmv7ReleaseBuild UP-TO-DATE
:OsmAnd:preFreedevQtcoreFatDebugBuild UP-TO-DATE
:OsmAnd:preFreedevQtcoreFatReleaseBuild UP-TO-DATE
:OsmAnd:preFreedevQtcoreMipsDebugBuild UP-TO-DATE
:OsmAnd:preFreedevQtcoreMipsReleaseBuild UP-TO-DATE
:OsmAnd:preFreedevQtcoreX86DebugBuild UP-TO-DATE
:OsmAnd:preFreedevQtcoreX86ReleaseBuild UP-TO-DATE
:OsmAnd:preFreedevQtcoredebugArmv5DebugBuild UP-TO-DATE
:OsmAnd:preFreedevQtcoredebugArmv5ReleaseBuild UP-TO-DATE
:OsmAnd:preFreedevQtcoredebugArmv7DebugBuild UP-TO-DATE
:OsmAnd:preFreedevQtcoredebugArmv7ReleaseBuild UP-TO-DATE
:OsmAnd:preFreedevQtcoredebugFatDebugBuild UP-TO-DATE
:OsmAnd:preFreedevQtcoredebugFatReleaseBuild UP-TO-DATE
:OsmAnd:preFreedevQtcoredebugMipsDebugBuild UP-TO-DATE
:OsmAnd:preFreedevQtcoredebugMipsReleaseBuild UP-TO-DATE
:OsmAnd:preFreedevQtcoredebugX86DebugBuild UP-TO-DATE
:OsmAnd:preFreedevQtcoredebugX86ReleaseBuild UP-TO-DATE
:OsmAnd:preFullLegacyArmv5DebugBuild UP-TO-DATE
:OsmAnd:preFullLegacyArmv5ReleaseBuild UP-TO-DATE
:OsmAnd:preFullLegacyArmv7DebugBuild UP-TO-DATE
:OsmAnd:preFullLegacyArmv7ReleaseBuild UP-TO-DATE
:OsmAnd:preFullLegacyFatDebugBuild UP-TO-DATE
:OsmAnd:preFullLegacyFatReleaseBuild UP-TO-DATE
:OsmAnd:preFullLegacyMipsDebugBuild UP-TO-DATE
:OsmAnd:preFullLegacyMipsReleaseBuild UP-TO-DATE
:OsmAnd:preFullLegacyX86DebugBuild UP-TO-DATE
:OsmAnd:preFullLegacyX86ReleaseBuild UP-TO-DATE
:OsmAnd:preFullQtcoreArmv5DebugBuild UP-TO-DATE
:OsmAnd:preFullQtcoreArmv5ReleaseBuild UP-TO-DATE
:OsmAnd:preFullQtcoreArmv7DebugBuild UP-TO-DATE
:OsmAnd:preFullQtcoreArmv7ReleaseBuild UP-TO-DATE
:OsmAnd:preFullQtcoreFatDebugBuild UP-TO-DATE
:OsmAnd:preFullQtcoreFatReleaseBuild UP-TO-DATE
:OsmAnd:preFullQtcoreMipsDebugBuild UP-TO-DATE
:OsmAnd:preFullQtcoreMipsReleaseBuild UP-TO-DATE
:OsmAnd:preFullQtcoreX86DebugBuild UP-TO-DATE
:OsmAnd:preFullQtcoreX86ReleaseBuild UP-TO-DATE
:OsmAnd:preFullQtcoredebugArmv5DebugBuild UP-TO-DATE
:OsmAnd:preFullQtcoredebugArmv5ReleaseBuild UP-TO-DATE
:OsmAnd:preFullQtcoredebugArmv7DebugBuild UP-TO-DATE
:OsmAnd:preFullQtcoredebugArmv7ReleaseBuild UP-TO-DATE
:OsmAnd:preFullQtcoredebugFatDebugBuild UP-TO-DATE
:OsmAnd:preFullQtcoredebugFatReleaseBuild UP-TO-DATE
:OsmAnd:preFullQtcoredebugMipsDebugBuild UP-TO-DATE
:OsmAnd:preFullQtcoredebugMipsReleaseBuild UP-TO-DATE
:OsmAnd:preFullQtcoredebugX86DebugBuild UP-TO-DATE
:OsmAnd:preFullQtcoredebugX86ReleaseBuild UP-TO-DATE
:OsmAnd-java:compileJavawarning: [options] bootstrap class path not set in conjunction with -source 1.7
/private/tmp/rdisk/647/src/Osmand-master/OsmAnd-java/src/com/google/protobuf/AbstractParser.java:113: warning: unreachable catch clause
    } catch (IOException e) {
      ^
  thrown type InvalidProtocolBufferException has already been caught
/private/tmp/rdisk/647/src/Osmand-master/OsmAnd-java/src/com/google/protobuf/AbstractParser.java:150: warning: unreachable catch clause
    } catch (IOException e) {
      ^
  thrown type InvalidProtocolBufferException has already been caught
Note: /private/tmp/rdisk/647/src/Osmand-master/OsmAnd-java/src/net/osmand/util/GeoPointParserUtil.java uses or overrides a deprecated API.
Note: Recompile with -Xlint:deprecation for details.
Note: Some input files use unchecked or unsafe operations.
Note: Recompile with -Xlint:unchecked for details.
3 warnings

:OsmAnd-java:processResources UP-TO-DATE
:OsmAnd-java:classes
:OsmAnd-java:androidJar
:OsmAnd:prepareComAndroidSupportAnimatedVectorDrawable2330Library
:OsmAnd:prepareComAndroidSupportAppcompatV72330Library
:OsmAnd:prepareComAndroidSupportCardviewV72330Library
:OsmAnd:prepareComAndroidSupportDesign2330Library
:OsmAnd:prepareComAndroidSupportGridlayoutV72330Library
:OsmAnd:prepareComAndroidSupportMultidex101Library
:OsmAnd:prepareComAndroidSupportRecyclerviewV72330Library
:OsmAnd:prepareComAndroidSupportSupportV42330Library
:OsmAnd:prepareComAndroidSupportSupportVectorDrawable2330Library
:OsmAnd:prepareFreeLegacyArmv5DebugDependencies
:OsmAnd:compileFreeLegacyArmv5DebugAidl
:OsmAnd:compileFreeLegacyArmv5DebugRenderscript
:OsmAnd:generateFreeLegacyArmv5DebugBuildConfig
:OsmAnd:mergeFreeLegacyArmv5DebugShaders
:OsmAnd:compileFreeLegacyArmv5DebugShaders
:OsmAnd:generateFreeLegacyArmv5DebugAssets
:OsmAnd:mergeFreeLegacyArmv5DebugAssets
:OsmAnd:generateFreeLegacyArmv5DebugResValues
:OsmAnd:generateFreeLegacyArmv5DebugResources
:OsmAnd:mergeFreeLegacyArmv5DebugResources
:OsmAnd:processFreeLegacyArmv5DebugManifest
:OsmAnd:processFreeLegacyArmv5DebugResources
:OsmAnd:generateFreeLegacyArmv5DebugSources
:OsmAnd:incrementalFreeLegacyArmv5DebugJavaCompilationSafeguard
:OsmAnd:compileFreeLegacyArmv5DebugJavaWithJavac
:OsmAnd:compileFreeLegacyArmv5DebugJavaWithJavac - is not incremental (e.g. outputs have changed, no previous execution, etc.).
/private/tmp/rdisk/647/src/Osmand-master/OsmAnd/src/net/osmand/plus/helpers/WaypointHelper.java:735: error: cannot find symbol
					return uiCtx.getResources().getDrawable(R.drawable.mx_highway_speed_camera);
					                                                  ^
  symbol:   variable mx_highway_speed_camera
  location: class drawable
/private/tmp/rdisk/647/src/Osmand-master/OsmAnd/src/net/osmand/plus/helpers/WaypointHelper.java:737: error: cannot find symbol
					return uiCtx.getResources().getDrawable(R.drawable.mx_barrier_border_control);
					                                                  ^
  symbol:   variable mx_barrier_border_control
  location: class drawable
/private/tmp/rdisk/647/src/Osmand-master/OsmAnd/src/net/osmand/plus/helpers/WaypointHelper.java:751: error: cannot find symbol
					return uiCtx.getResources().getDrawable(R.drawable.mx_toll_booth);
					                                                  ^
  symbol:   variable mx_toll_booth
  location: class drawable
/private/tmp/rdisk/647/src/Osmand-master/OsmAnd/src/net/osmand/plus/mapcontextmenu/controllers/TransportStopController.java:33: error: cannot find symbol
		BUS(R.drawable.mx_route_bus_ref, R.drawable.mx_route_bus_ref),
		              ^
  symbol:   variable mx_route_bus_ref
  location: class drawable
/private/tmp/rdisk/647/src/Osmand-master/OsmAnd/src/net/osmand/plus/mapcontextmenu/controllers/TransportStopController.java:33: error: cannot find symbol
		BUS(R.drawable.mx_route_bus_ref, R.drawable.mx_route_bus_ref),
		                                           ^
  symbol:   variable mx_route_bus_ref
  location: class drawable
/private/tmp/rdisk/647/src/Osmand-master/OsmAnd/src/net/osmand/plus/mapcontextmenu/controllers/TransportStopController.java:34: error: cannot find symbol
		FERRY(R.drawable.mx_route_ferry_ref, R.drawable.mx_route_ferry_ref),
		                ^
  symbol:   variable mx_route_ferry_ref
  location: class drawable
/private/tmp/rdisk/647/src/Osmand-master/OsmAnd/src/net/osmand/plus/mapcontextmenu/controllers/TransportStopController.java:34: error: cannot find symbol
		FERRY(R.drawable.mx_route_ferry_ref, R.drawable.mx_route_ferry_ref),
		                                               ^
  symbol:   variable mx_route_ferry_ref
  location: class drawable
/private/tmp/rdisk/647/src/Osmand-master/OsmAnd/src/net/osmand/plus/mapcontextmenu/controllers/TransportStopController.java:35: error: cannot find symbol
		FUNICULAR(R.drawable.mx_route_funicular_ref, R.drawable.mx_route_funicular_ref),
		                    ^
  symbol:   variable mx_route_funicular_ref
  location: class drawable
/private/tmp/rdisk/647/src/Osmand-master/OsmAnd/src/net/osmand/plus/mapcontextmenu/controllers/TransportStopController.java:35: error: cannot find symbol
		FUNICULAR(R.drawable.mx_route_funicular_ref, R.drawable.mx_route_funicular_ref),
		                                                       ^
  symbol:   variable mx_route_funicular_ref
  location: class drawable
/private/tmp/rdisk/647/src/Osmand-master/OsmAnd/src/net/osmand/plus/mapcontextmenu/controllers/TransportStopController.java:36: error: cannot find symbol
		LIGHT_RAIL(R.drawable.mx_route_light_rail_ref, R.drawable.mx_route_light_rail_ref),
		                     ^
  symbol:   variable mx_route_light_rail_ref
  location: class drawable
/private/tmp/rdisk/647/src/Osmand-master/OsmAnd/src/net/osmand/plus/mapcontextmenu/controllers/TransportStopController.java:36: error: cannot find symbol
		LIGHT_RAIL(R.drawable.mx_route_light_rail_ref, R.drawable.mx_route_light_rail_ref),
		                                                         ^
  symbol:   variable mx_route_light_rail_ref
  location: class drawable
/private/tmp/rdisk/647/src/Osmand-master/OsmAnd/src/net/osmand/plus/mapcontextmenu/controllers/TransportStopController.java:37: error: cannot find symbol
		MONORAIL(R.drawable.mx_route_monorail_ref, R.drawable.mx_route_monorail_ref),
		                   ^
  symbol:   variable mx_route_monorail_ref
  location: class drawable
/private/tmp/rdisk/647/src/Osmand-master/OsmAnd/src/net/osmand/plus/mapcontextmenu/controllers/TransportStopController.java:37: error: cannot find symbol
		MONORAIL(R.drawable.mx_route_monorail_ref, R.drawable.mx_route_monorail_ref),
		                                                     ^
  symbol:   variable mx_route_monorail_ref
  location: class drawable
/private/tmp/rdisk/647/src/Osmand-master/OsmAnd/src/net/osmand/plus/mapcontextmenu/controllers/TransportStopController.java:38: error: cannot find symbol
		RAILWAY(R.drawable.mx_route_railway_ref, R.drawable.mx_route_railway_ref),
		                  ^
  symbol:   variable mx_route_railway_ref
  location: class drawable
/private/tmp/rdisk/647/src/Osmand-master/OsmAnd/src/net/osmand/plus/mapcontextmenu/controllers/TransportStopController.java:38: error: cannot find symbol
		RAILWAY(R.drawable.mx_route_railway_ref, R.drawable.mx_route_railway_ref),
		                                                   ^
  symbol:   variable mx_route_railway_ref
  location: class drawable
/private/tmp/rdisk/647/src/Osmand-master/OsmAnd/src/net/osmand/plus/mapcontextmenu/controllers/TransportStopController.java:39: error: cannot find symbol
		SHARE_TAXI(R.drawable.mx_route_share_taxi_ref, R.drawable.mx_route_share_taxi_ref),
		                     ^
  symbol:   variable mx_route_share_taxi_ref
  location: class drawable
/private/tmp/rdisk/647/src/Osmand-master/OsmAnd/src/net/osmand/plus/mapcontextmenu/controllers/TransportStopController.java:39: error: cannot find symbol
		SHARE_TAXI(R.drawable.mx_route_share_taxi_ref, R.drawable.mx_route_share_taxi_ref),
		                                                         ^
  symbol:   variable mx_route_share_taxi_ref
  location: class drawable
/private/tmp/rdisk/647/src/Osmand-master/OsmAnd/src/net/osmand/plus/mapcontextmenu/controllers/TransportStopController.java:40: error: cannot find symbol
		TRAIN(R.drawable.mx_route_train_ref, R.drawable.mx_route_train_ref),
		                ^
  symbol:   variable mx_route_train_ref
  location: class drawable
/private/tmp/rdisk/647/src/Osmand-master/OsmAnd/src/net/osmand/plus/mapcontextmenu/controllers/TransportStopController.java:40: error: cannot find symbol
		TRAIN(R.drawable.mx_route_train_ref, R.drawable.mx_route_train_ref),
		                                               ^
  symbol:   variable mx_route_train_ref
  location: class drawable
/private/tmp/rdisk/647/src/Osmand-master/OsmAnd/src/net/osmand/plus/mapcontextmenu/controllers/TransportStopController.java:41: error: cannot find symbol
		TRAM(R.drawable.mx_route_tram_ref, R.drawable.mx_railway_tram_stop),
		               ^
  symbol:   variable mx_route_tram_ref
  location: class drawable
/private/tmp/rdisk/647/src/Osmand-master/OsmAnd/src/net/osmand/plus/mapcontextmenu/controllers/TransportStopController.java:41: error: cannot find symbol
		TRAM(R.drawable.mx_route_tram_ref, R.drawable.mx_railway_tram_stop),
		                                             ^
  symbol:   variable mx_railway_tram_stop
  location: class drawable
/private/tmp/rdisk/647/src/Osmand-master/OsmAnd/src/net/osmand/plus/mapcontextmenu/controllers/TransportStopController.java:42: error: cannot find symbol
		TROLLEYBUS(R.drawable.mx_route_trolleybus_ref, R.drawable.mx_route_trolleybus_ref),
		                     ^
  symbol:   variable mx_route_trolleybus_ref
  location: class drawable
/private/tmp/rdisk/647/src/Osmand-master/OsmAnd/src/net/osmand/plus/mapcontextmenu/controllers/TransportStopController.java:42: error: cannot find symbol
		TROLLEYBUS(R.drawable.mx_route_trolleybus_ref, R.drawable.mx_route_trolleybus_ref),
		                                                         ^
  symbol:   variable mx_route_trolleybus_ref
  location: class drawable
/private/tmp/rdisk/647/src/Osmand-master/OsmAnd/src/net/osmand/plus/mapcontextmenu/controllers/TransportStopController.java:43: error: cannot find symbol
		SUBWAY(R.drawable.mx_subway_station, R.drawable.mx_subway_station);
		                 ^
  symbol:   variable mx_subway_station
  location: class drawable
/private/tmp/rdisk/647/src/Osmand-master/OsmAnd/src/net/osmand/plus/mapcontextmenu/controllers/TransportStopController.java:43: error: cannot find symbol
		SUBWAY(R.drawable.mx_subway_station, R.drawable.mx_subway_station);
		                                               ^
  symbol:   variable mx_subway_station
  location: class drawable
/private/tmp/rdisk/647/src/Osmand-master/OsmAnd/src/net/osmand/plus/mapcontextmenu/controllers/TransportStopController.java:109: error: cannot find symbol
			return R.drawable.mx_public_transport;
			                 ^
  symbol:   variable mx_public_transport
  location: class drawable
/private/tmp/rdisk/647/src/Osmand-master/OsmAnd/src/net/osmand/plus/activities/MapActivityLayers.java:415: error: cannot find symbol
			builder.setIcon(R.drawable.mx_user_defined);
			                          ^
  symbol:   variable mx_user_defined
  location: class drawable
/private/tmp/rdisk/647/src/Osmand-master/OsmAnd/src/net/osmand/plus/views/RouteLayer.java:105: error: cannot find symbol
				Bitmap originalArrowUp = BitmapFactory.decodeResource(view.getResources(), R.drawable.h_arrow, null);
				                                                                                     ^
  symbol:   variable h_arrow
  location: class drawable
/private/tmp/rdisk/647/src/Osmand-master/OsmAnd/src/net/osmand/plus/search/QuickSearchListItem.java:295: error: cannot find symbol
					iconId = R.drawable.mx_user_defined;
					                   ^
  symbol:   variable mx_user_defined
  location: class drawable
/private/tmp/rdisk/647/src/Osmand-master/OsmAnd/src/net/osmand/plus/activities/search/SearchPoiFilterFragment.java:300: error: cannot find symbol
					icon.setImageResource(R.drawable.mx_name_finder);
					                                ^
  symbol:   variable mx_name_finder
  location: class drawable
/private/tmp/rdisk/647/src/Osmand-master/OsmAnd/src/net/osmand/plus/activities/search/SearchPoiFilterFragment.java:302: error: cannot find symbol
					icon.setImageResource(R.drawable.mx_user_defined);
					                                ^
  symbol:   variable mx_user_defined
  location: class drawable
/private/tmp/rdisk/647/src/Osmand-master/OsmAnd/src/net/osmand/plus/mapcontextmenu/controllers/TransportRouteController.java:73: error: cannot find symbol
				R.drawable.mx_public_transport :
				          ^
  symbol:   variable mx_public_transport
  location: class drawable
/private/tmp/rdisk/647/src/Osmand-master/OsmAnd/src/net/osmand/plus/mapcontextmenu/controllers/TransportRouteController.java:139: error: cannot find symbol
		int defaultIcon = transportRoute.type == null ? R.drawable.mx_route_bus_ref : transportRoute.type.getResourceId();
		                                                          ^
  symbol:   variable mx_route_bus_ref
  location: class drawable
Note: Some input files use or override a deprecated API.
Note: Recompile with -Xlint:deprecation for details.
Note: Some input files use unchecked or unsafe operations.
Note: Recompile with -Xlint:unchecked for details.
33 errors
:OsmAnd:compileFreeLegacyArmv5DebugJavaWithJavac FAILED

FAILURE: Build failed with an exception.

* What went wrong:
Execution failed for task ':OsmAnd:compileFreeLegacyArmv5DebugJavaWithJavac'.
> Compilation failed; see the compiler error output for details.

* Try:
Run with --info or --debug option to get more log output.

* Exception is:
org.gradle.api.tasks.TaskExecutionException: Execution failed for task ':OsmAnd:compileFreeLegacyArmv5DebugJavaWithJavac'.
	at org.gradle.api.internal.tasks.execution.ExecuteActionsTaskExecuter.executeActions(ExecuteActionsTaskExecuter.java:69)
	at org.gradle.api.internal.tasks.execution.ExecuteActionsTaskExecuter.execute(ExecuteActionsTaskExecuter.java:46)
	at org.gradle.api.internal.tasks.execution.PostExecutionAnalysisTaskExecuter.execute(PostExecutionAnalysisTaskExecuter.java:35)
	at org.gradle.api.internal.tasks.execution.SkipUpToDateTaskExecuter.execute(SkipUpToDateTaskExecuter.java:64)
	at org.gradle.api.internal.tasks.execution.ValidatingTaskExecuter.execute(ValidatingTaskExecuter.java:58)
	at org.gradle.api.internal.tasks.execution.SkipEmptySourceFilesTaskExecuter.execute(SkipEmptySourceFilesTaskExecuter.java:52)
	at org.gradle.api.internal.tasks.execution.SkipTaskWithNoActionsExecuter.execute(SkipTaskWithNoActionsExecuter.java:52)
	at org.gradle.api.internal.tasks.execution.SkipOnlyIfTaskExecuter.execute(SkipOnlyIfTaskExecuter.java:53)
	at org.gradle.api.internal.tasks.execution.ExecuteAtMostOnceTaskExecuter.execute(ExecuteAtMostOnceTaskExecuter.java:43)
	at org.gradle.execution.taskgraph.DefaultTaskGraphExecuter$EventFiringTaskWorker.execute(DefaultTaskGraphExecuter.java:203)
	at org.gradle.execution.taskgraph.DefaultTaskGraphExecuter$EventFiringTaskWorker.execute(DefaultTaskGraphExecuter.java:185)
	at org.gradle.execution.taskgraph.AbstractTaskPlanExecutor$TaskExecutorWorker.processTask(AbstractTaskPlanExecutor.java:66)
	at org.gradle.execution.taskgraph.AbstractTaskPlanExecutor$TaskExecutorWorker.run(AbstractTaskPlanExecutor.java:50)
	at org.gradle.execution.taskgraph.DefaultTaskPlanExecutor.process(DefaultTaskPlanExecutor.java:25)
	at org.gradle.execution.taskgraph.DefaultTaskGraphExecuter.execute(DefaultTaskGraphExecuter.java:110)
	at org.gradle.execution.SelectedTaskExecutionAction.execute(SelectedTaskExecutionAction.java:37)
	at org.gradle.execution.DefaultBuildExecuter.execute(DefaultBuildExecuter.java:37)
	at org.gradle.execution.DefaultBuildExecuter.access$000(DefaultBuildExecuter.java:23)
	at org.gradle.execution.DefaultBuildExecuter$1.proceed(DefaultBuildExecuter.java:43)
	at org.gradle.execution.DryRunBuildExecutionAction.execute(DryRunBuildExecutionAction.java:32)
	at org.gradle.execution.DefaultBuildExecuter.execute(DefaultBuildExecuter.java:37)
	at org.gradle.execution.DefaultBuildExecuter.execute(DefaultBuildExecuter.java:30)
	at org.gradle.initialization.DefaultGradleLauncher$4.run(DefaultGradleLauncher.java:154)
	at org.gradle.internal.Factories$1.create(Factories.java:22)
	at org.gradle.internal.progress.DefaultBuildOperationExecutor.run(DefaultBuildOperationExecutor.java:90)
	at org.gradle.internal.progress.DefaultBuildOperationExecutor.run(DefaultBuildOperationExecutor.java:52)
	at org.gradle.initialization.DefaultGradleLauncher.doBuildStages(DefaultGradleLauncher.java:151)
	at org.gradle.initialization.DefaultGradleLauncher.access$200(DefaultGradleLauncher.java:32)
	at org.gradle.initialization.DefaultGradleLauncher$1.create(DefaultGradleLauncher.java:99)
	at org.gradle.initialization.DefaultGradleLauncher$1.create(DefaultGradleLauncher.java:93)
	at org.gradle.internal.progress.DefaultBuildOperationExecutor.run(DefaultBuildOperationExecutor.java:90)
	at org.gradle.internal.progress.DefaultBuildOperationExecutor.run(DefaultBuildOperationExecutor.java:62)
	at org.gradle.initialization.DefaultGradleLauncher.doBuild(DefaultGradleLauncher.java:93)
	at org.gradle.initialization.DefaultGradleLauncher.run(DefaultGradleLauncher.java:82)
	at org.gradle.launcher.exec.InProcessBuildActionExecuter$DefaultBuildController.run(InProcessBuildActionExecuter.java:94)
	at org.gradle.tooling.internal.provider.ExecuteBuildActionRunner.run(ExecuteBuildActionRunner.java:28)
	at org.gradle.launcher.exec.ChainingBuildActionRunner.run(ChainingBuildActionRunner.java:35)
	at org.gradle.launcher.exec.InProcessBuildActionExecuter.execute(InProcessBuildActionExecuter.java:43)
	at org.gradle.launcher.exec.InProcessBuildActionExecuter.execute(InProcessBuildActionExecuter.java:28)
	at org.gradle.launcher.exec.ContinuousBuildActionExecuter.execute(ContinuousBuildActionExecuter.java:78)
	at org.gradle.launcher.exec.ContinuousBuildActionExecuter.execute(ContinuousBuildActionExecuter.java:48)
	at org.gradle.launcher.exec.DaemonUsageSuggestingBuildActionExecuter.execute(DaemonUsageSuggestingBuildActionExecuter.java:51)
	at org.gradle.launcher.exec.DaemonUsageSuggestingBuildActionExecuter.execute(DaemonUsageSuggestingBuildActionExecuter.java:28)
	at org.gradle.launcher.cli.RunBuildAction.run(RunBuildAction.java:43)
	at org.gradle.internal.Actions$RunnableActionAdapter.execute(Actions.java:170)
	at org.gradle.launcher.cli.CommandLineActionFactory$ParseAndBuildAction.execute(CommandLineActionFactory.java:237)
	at org.gradle.launcher.cli.CommandLineActionFactory$ParseAndBuildAction.execute(CommandLineActionFactory.java:210)
	at org.gradle.launcher.cli.JavaRuntimeValidationAction.execute(JavaRuntimeValidationAction.java:35)
	at org.gradle.launcher.cli.JavaRuntimeValidationAction.execute(JavaRuntimeValidationAction.java:24)
	at org.gradle.launcher.cli.CommandLineActionFactory$WithLogging.execute(CommandLineActionFactory.java:206)
	at org.gradle.launcher.cli.CommandLineActionFactory$WithLogging.execute(CommandLineActionFactory.java:169)
	at org.gradle.launcher.cli.ExceptionReportingAction.execute(ExceptionReportingAction.java:33)
	at org.gradle.launcher.cli.ExceptionReportingAction.execute(ExceptionReportingAction.java:22)
	at org.gradle.launcher.Main.doAction(Main.java:33)
	at org.gradle.launcher.bootstrap.EntryPoint.run(EntryPoint.java:45)
	at org.gradle.launcher.bootstrap.ProcessBootstrap.runNoExit(ProcessBootstrap.java:54)
	at org.gradle.launcher.bootstrap.ProcessBootstrap.run(ProcessBootstrap.java:35)
	at org.gradle.launcher.GradleMain.main(GradleMain.java:23)
	at org.gradle.wrapper.BootstrapMainStarter.start(BootstrapMainStarter.java:33)
	at org.gradle.wrapper.WrapperExecutor.execute(WrapperExecutor.java:130)
	at org.gradle.wrapper.GradleWrapperMain.main(GradleWrapperMain.java:48)
Caused by: org.gradle.api.internal.tasks.compile.CompilationFailedException: Compilation failed; see the compiler error output for details.
	at org.gradle.api.internal.tasks.compile.JdkJavaCompiler.execute(JdkJavaCompiler.java:47)
	at org.gradle.api.internal.tasks.compile.JdkJavaCompiler.execute(JdkJavaCompiler.java:33)
	at org.gradle.api.internal.tasks.compile.NormalizingJavaCompiler.delegateAndHandleErrors(NormalizingJavaCompiler.java:101)
	at org.gradle.api.internal.tasks.compile.NormalizingJavaCompiler.execute(NormalizingJavaCompiler.java:50)
	at org.gradle.api.internal.tasks.compile.NormalizingJavaCompiler.execute(NormalizingJavaCompiler.java:36)
	at org.gradle.api.internal.tasks.compile.CleaningJavaCompilerSupport.execute(CleaningJavaCompilerSupport.java:34)
	at org.gradle.api.internal.tasks.compile.CleaningJavaCompilerSupport.execute(CleaningJavaCompilerSupport.java:25)
	at org.gradle.api.internal.tasks.compile.incremental.IncrementalCompilationFinalizer.execute(IncrementalCompilationFinalizer.java:38)
	at org.gradle.api.internal.tasks.compile.incremental.IncrementalCompilationFinalizer.execute(IncrementalCompilationFinalizer.java:24)
	at org.gradle.api.tasks.compile.JavaCompile.performCompilation(JavaCompile.java:157)
	at org.gradle.api.tasks.compile.JavaCompile.compile(JavaCompile.java:127)
	at com.android.build.gradle.tasks.factory.AndroidJavaCompile.compile(AndroidJavaCompile.java:49)
	at org.gradle.internal.reflect.JavaMethod.invoke(JavaMethod.java:75)
	at org.gradle.api.internal.project.taskfactory.AnnotationProcessingTaskFactory$IncrementalTaskAction.doExecute(AnnotationProcessingTaskFactory.java:244)
	at org.gradle.api.internal.project.taskfactory.AnnotationProcessingTaskFactory$StandardTaskAction.execute(AnnotationProcessingTaskFactory.java:220)
	at org.gradle.api.internal.project.taskfactory.AnnotationProcessingTaskFactory$IncrementalTaskAction.execute(AnnotationProcessingTaskFactory.java:231)
	at org.gradle.api.internal.project.taskfactory.AnnotationProcessingTaskFactory$StandardTaskAction.execute(AnnotationProcessingTaskFactory.java:209)
	at org.gradle.api.internal.tasks.execution.ExecuteActionsTaskExecuter.executeAction(ExecuteActionsTaskExecuter.java:80)
	at org.gradle.api.internal.tasks.execution.ExecuteActionsTaskExecuter.executeActions(ExecuteActionsTaskExecuter.java:61)
	... 60 more


BUILD FAILED

Total time: 2 mins 12.221 secs

2016-08-07 13:24:43,705 INFO  c.g.v.a.s.a.ProjectTaskService - Detecting possible tasks...
2016-08-07 13:24:43,705 INFO  c.g.v.a.u.SysUtils - Execute command: [/tmp/rdisk/647/src/Osmand-master/gradlew, -b, /tmp/rdisk/647/src/Osmand-master/OsmAnd-java/build.gradle, tasks]
2016-08-07 13:25:05,112 INFO  c.g.v.a.s.a.ProjectTaskService - Detected possible tasks: 51
2016-08-07 13:25:05,113 INFO  c.g.v.a.s.a.ProjectTaskService - Excluded tasks: test check javadoc
2016-08-07 13:25:05,113 INFO  c.g.v.a.u.SysUtils - Execute command: [/tmp/rdisk/647/src/Osmand-master/gradlew, -b, /tmp/rdisk/647/src/Osmand-master/OsmAnd-java/build.gradle, --stacktrace, -x, test, -x, check, -x, javadoc, build]
2016-08-07 13:25:28,424 INFO  c.g.v.a.s.a.ProjectTaskService - Detecting possible tasks...
2016-08-07 13:25:28,424 INFO  c.g.v.a.u.SysUtils - Execute command: [/tmp/rdisk/647/src/Osmand-master/gradlew, -b, /tmp/rdisk/647/src/Osmand-master/OsmAnd/build.gradle, tasks]
2016-08-07 13:27:06,159 INFO  c.g.v.a.s.a.ProjectTaskService - Detected possible tasks: 964
2016-08-07 13:27:06,161 INFO  c.g.v.a.s.a.ProjectTaskService - Excluded tasks: lint check connectedAndroidTest connectedCheck test deviceCheck deviceAndroidTest
2016-08-07 13:27:06,161 INFO  c.g.v.a.u.SysUtils - Execute command: [/tmp/rdisk/647/src/Osmand-master/gradlew, -b, /tmp/rdisk/647/src/Osmand-master/OsmAnd/build.gradle, --stacktrace, -x, lint, -x, check, -x, connectedAndroidTest, -x, connectedCheck, -x, test, -x, deviceCheck, -x, deviceAndroidTest, build]
2016-08-07 13:27:42,872 INFO  c.g.v.a.u.SysUtils - Validating translations
Incremental java compilation is an incubating feature.
:OsmAnd:buildOsmAndCore
ANDROID_NDK is not set
:OsmAnd:cleanupDuplicatesInCore
:OsmAnd:collectFonts UP-TO-DATE
:OsmAnd:collectHelpContentsAssets UP-TO-DATE
:OsmAnd:collectHelpContentsStyle UP-TO-DATE
:OsmAnd:collectMiscResources UP-TO-DATE
:OsmAnd:collectRegionsInfoResources UP-TO-DATE
:OsmAnd:collectRenderingStylesResources UP-TO-DATE
:OsmAnd:collectRoutingResources UP-TO-DATE
:OsmAnd:collectVoiceAssets UP-TO-DATE
:OsmAnd:copyStyleIcons UP-TO-DATE
:OsmAnd:updateNoTranslate UP-TO-DATE
:OsmAnd:validateTranslate UP-TO-DATE
:OsmAnd:collectExternalResources
:OsmAnd:preBuild UP-TO-DATE
:OsmAnd:preFreeLegacyArmv5DebugBuild UP-TO-DATE
:OsmAnd:checkFreeLegacyArmv5DebugManifest
:OsmAnd:preFreeLegacyArmv5ReleaseBuild UP-TO-DATE
:OsmAnd:preFreeLegacyArmv7DebugBuild UP-TO-DATE
:OsmAnd:preFreeLegacyArmv7ReleaseBuild UP-TO-DATE
:OsmAnd:preFreeLegacyFatDebugBuild UP-TO-DATE
:OsmAnd:preFreeLegacyFatReleaseBuild UP-TO-DATE
:OsmAnd:preFreeLegacyMipsDebugBuild UP-TO-DATE
:OsmAnd:preFreeLegacyMipsReleaseBuild UP-TO-DATE
:OsmAnd:preFreeLegacyX86DebugBuild UP-TO-DATE
:OsmAnd:preFreeLegacyX86ReleaseBuild UP-TO-DATE
:OsmAnd:preFreeQtcoreArmv5DebugBuild UP-TO-DATE
:OsmAnd:preFreeQtcoreArmv5ReleaseBuild UP-TO-DATE
:OsmAnd:preFreeQtcoreArmv7DebugBuild UP-TO-DATE
:OsmAnd:preFreeQtcoreArmv7ReleaseBuild UP-TO-DATE
:OsmAnd:preFreeQtcoreFatDebugBuild UP-TO-DATE
:OsmAnd:preFreeQtcoreFatReleaseBuild UP-TO-DATE
:OsmAnd:preFreeQtcoreMipsDebugBuild UP-TO-DATE
:OsmAnd:preFreeQtcoreMipsReleaseBuild UP-TO-DATE
:OsmAnd:preFreeQtcoreX86DebugBuild UP-TO-DATE
:OsmAnd:preFreeQtcoreX86ReleaseBuild UP-TO-DATE
:OsmAnd:preFreeQtcoredebugArmv5DebugBuild UP-TO-DATE
:OsmAnd:preFreeQtcoredebugArmv5ReleaseBuild UP-TO-DATE
:OsmAnd:preFreeQtcoredebugArmv7DebugBuild UP-TO-DATE
:OsmAnd:preFreeQtcoredebugArmv7ReleaseBuild UP-TO-DATE
:OsmAnd:preFreeQtcoredebugFatDebugBuild UP-TO-DATE
:OsmAnd:preFreeQtcoredebugFatReleaseBuild UP-TO-DATE
:OsmAnd:preFreeQtcoredebugMipsDebugBuild UP-TO-DATE
:OsmAnd:preFreeQtcoredebugMipsReleaseBuild UP-TO-DATE
:OsmAnd:preFreeQtcoredebugX86DebugBuild UP-TO-DATE
:OsmAnd:preFreeQtcoredebugX86ReleaseBuild UP-TO-DATE
:OsmAnd:preFreedevLegacyArmv5DebugBuild UP-TO-DATE
:OsmAnd:preFreedevLegacyArmv5ReleaseBuild UP-TO-DATE
:OsmAnd:preFreedevLegacyArmv7DebugBuild UP-TO-DATE
:OsmAnd:preFreedevLegacyArmv7ReleaseBuild UP-TO-DATE
:OsmAnd:preFreedevLegacyFatDebugBuild UP-TO-DATE
:OsmAnd:preFreedevLegacyFatReleaseBuild UP-TO-DATE
:OsmAnd:preFreedevLegacyMipsDebugBuild UP-TO-DATE
:OsmAnd:preFreedevLegacyMipsReleaseBuild UP-TO-DATE
:OsmAnd:preFreedevLegacyX86DebugBuild UP-TO-DATE
:OsmAnd:preFreedevLegacyX86ReleaseBuild UP-TO-DATE
:OsmAnd:preFreedevQtcoreArmv5DebugBuild UP-TO-DATE
:OsmAnd:preFreedevQtcoreArmv5ReleaseBuild UP-TO-DATE
:OsmAnd:preFreedevQtcoreArmv7DebugBuild UP-TO-DATE
:OsmAnd:preFreedevQtcoreArmv7ReleaseBuild UP-TO-DATE
:OsmAnd:preFreedevQtcoreFatDebugBuild UP-TO-DATE
:OsmAnd:preFreedevQtcoreFatReleaseBuild UP-TO-DATE
:OsmAnd:preFreedevQtcoreMipsDebugBuild UP-TO-DATE
:OsmAnd:preFreedevQtcoreMipsReleaseBuild UP-TO-DATE
:OsmAnd:preFreedevQtcoreX86DebugBuild UP-TO-DATE
:OsmAnd:preFreedevQtcoreX86ReleaseBuild UP-TO-DATE
:OsmAnd:preFreedevQtcoredebugArmv5DebugBuild UP-TO-DATE
:OsmAnd:preFreedevQtcoredebugArmv5ReleaseBuild UP-TO-DATE
:OsmAnd:preFreedevQtcoredebugArmv7DebugBuild UP-TO-DATE
:OsmAnd:preFreedevQtcoredebugArmv7ReleaseBuild UP-TO-DATE
:OsmAnd:preFreedevQtcoredebugFatDebugBuild UP-TO-DATE
:OsmAnd:preFreedevQtcoredebugFatReleaseBuild UP-TO-DATE
:OsmAnd:preFreedevQtcoredebugMipsDebugBuild UP-TO-DATE
:OsmAnd:preFreedevQtcoredebugMipsReleaseBuild UP-TO-DATE
:OsmAnd:preFreedevQtcoredebugX86DebugBuild UP-TO-DATE
:OsmAnd:preFreedevQtcoredebugX86ReleaseBuild UP-TO-DATE
:OsmAnd:preFullLegacyArmv5DebugBuild UP-TO-DATE
:OsmAnd:preFullLegacyArmv5ReleaseBuild UP-TO-DATE
:OsmAnd:preFullLegacyArmv7DebugBuild UP-TO-DATE
:OsmAnd:preFullLegacyArmv7ReleaseBuild UP-TO-DATE
:OsmAnd:preFullLegacyFatDebugBuild UP-TO-DATE
:OsmAnd:preFullLegacyFatReleaseBuild UP-TO-DATE
:OsmAnd:preFullLegacyMipsDebugBuild UP-TO-DATE
:OsmAnd:preFullLegacyMipsReleaseBuild UP-TO-DATE
:OsmAnd:preFullLegacyX86DebugBuild UP-TO-DATE
:OsmAnd:preFullLegacyX86ReleaseBuild UP-TO-DATE
:OsmAnd:preFullQtcoreArmv5DebugBuild UP-TO-DATE
:OsmAnd:preFullQtcoreArmv5ReleaseBuild UP-TO-DATE
:OsmAnd:preFullQtcoreArmv7DebugBuild UP-TO-DATE
:OsmAnd:preFullQtcoreArmv7ReleaseBuild UP-TO-DATE
:OsmAnd:preFullQtcoreFatDebugBuild UP-TO-DATE
:OsmAnd:preFullQtcoreFatReleaseBuild UP-TO-DATE
:OsmAnd:preFullQtcoreMipsDebugBuild UP-TO-DATE
:OsmAnd:preFullQtcoreMipsReleaseBuild UP-TO-DATE
:OsmAnd:preFullQtcoreX86DebugBuild UP-TO-DATE
:OsmAnd:preFullQtcoreX86ReleaseBuild UP-TO-DATE
:OsmAnd:preFullQtcoredebugArmv5DebugBuild UP-TO-DATE
:OsmAnd:preFullQtcoredebugArmv5ReleaseBuild UP-TO-DATE
:OsmAnd:preFullQtcoredebugArmv7DebugBuild UP-TO-DATE
:OsmAnd:preFullQtcoredebugArmv7ReleaseBuild UP-TO-DATE
:OsmAnd:preFullQtcoredebugFatDebugBuild UP-TO-DATE
:OsmAnd:preFullQtcoredebugFatReleaseBuild UP-TO-DATE
:OsmAnd:preFullQtcoredebugMipsDebugBuild UP-TO-DATE
:OsmAnd:preFullQtcoredebugMipsReleaseBuild UP-TO-DATE
:OsmAnd:preFullQtcoredebugX86DebugBuild UP-TO-DATE
:OsmAnd:preFullQtcoredebugX86ReleaseBuild UP-TO-DATE
:OsmAnd-java:compileJava UP-TO-DATE
:OsmAnd-java:processResources UP-TO-DATE
:OsmAnd-java:classes UP-TO-DATE
:OsmAnd-java:androidJar UP-TO-DATE
:OsmAnd:prepareComAndroidSupportAnimatedVectorDrawable2330Library UP-TO-DATE
:OsmAnd:prepareComAndroidSupportAppcompatV72330Library UP-TO-DATE
:OsmAnd:prepareComAndroidSupportCardviewV72330Library UP-TO-DATE
:OsmAnd:prepareComAndroidSupportDesign2330Library UP-TO-DATE
:OsmAnd:prepareComAndroidSupportGridlayoutV72330Library UP-TO-DATE
:OsmAnd:prepareComAndroidSupportMultidex101Library UP-TO-DATE
:OsmAnd:prepareComAndroidSupportRecyclerviewV72330Library UP-TO-DATE
:OsmAnd:prepareComAndroidSupportSupportV42330Library UP-TO-DATE
:OsmAnd:prepareComAndroidSupportSupportVectorDrawable2330Library UP-TO-DATE
:OsmAnd:prepareFreeLegacyArmv5DebugDependencies
:OsmAnd:compileFreeLegacyArmv5DebugAidl UP-TO-DATE
:OsmAnd:compileFreeLegacyArmv5DebugRenderscript UP-TO-DATE
:OsmAnd:generateFreeLegacyArmv5DebugBuildConfig UP-TO-DATE
:OsmAnd:mergeFreeLegacyArmv5DebugShaders UP-TO-DATE
:OsmAnd:compileFreeLegacyArmv5DebugShaders UP-TO-DATE
:OsmAnd:generateFreeLegacyArmv5DebugAssets UP-TO-DATE
:OsmAnd:mergeFreeLegacyArmv5DebugAssets UP-TO-DATE
:OsmAnd:generateFreeLegacyArmv5DebugResValues UP-TO-DATE
:OsmAnd:generateFreeLegacyArmv5DebugResources UP-TO-DATE
:OsmAnd:mergeFreeLegacyArmv5DebugResources UP-TO-DATE
:OsmAnd:processFreeLegacyArmv5DebugManifest UP-TO-DATE
:OsmAnd:processFreeLegacyArmv5DebugResources UP-TO-DATE
:OsmAnd:generateFreeLegacyArmv5DebugSources UP-TO-DATE
:OsmAnd:incrementalFreeLegacyArmv5DebugJavaCompilationSafeguard UP-TO-DATE
:OsmAnd:compileFreeLegacyArmv5DebugJavaWithJavac
:OsmAnd:compileFreeLegacyArmv5DebugJavaWithJavac - is not incremental (e.g. outputs have changed, no previous execution, etc.).
/private/tmp/rdisk/647/src/Osmand-master/OsmAnd/src/net/osmand/plus/helpers/WaypointHelper.java:735: error: cannot find symbol
					return uiCtx.getResources().getDrawable(R.drawable.mx_highway_speed_camera);
					                                                  ^
  symbol:   variable mx_highway_speed_camera
  location: class drawable
/private/tmp/rdisk/647/src/Osmand-master/OsmAnd/src/net/osmand/plus/helpers/WaypointHelper.java:737: error: cannot find symbol
					return uiCtx.getResources().getDrawable(R.drawable.mx_barrier_border_control);
					                                                  ^
  symbol:   variable mx_barrier_border_control
  location: class drawable
/private/tmp/rdisk/647/src/Osmand-master/OsmAnd/src/net/osmand/plus/helpers/WaypointHelper.java:751: error: cannot find symbol
					return uiCtx.getResources().getDrawable(R.drawable.mx_toll_booth);
					                                                  ^
  symbol:   variable mx_toll_booth
  location: class drawable
/private/tmp/rdisk/647/src/Osmand-master/OsmAnd/src/net/osmand/plus/mapcontextmenu/controllers/TransportStopController.java:33: error: cannot find symbol
		BUS(R.drawable.mx_route_bus_ref, R.drawable.mx_route_bus_ref),
		              ^
  symbol:   variable mx_route_bus_ref
  location: class drawable
/private/tmp/rdisk/647/src/Osmand-master/OsmAnd/src/net/osmand/plus/mapcontextmenu/controllers/TransportStopController.java:33: error: cannot find symbol
		BUS(R.drawable.mx_route_bus_ref, R.drawable.mx_route_bus_ref),
		                                           ^
  symbol:   variable mx_route_bus_ref
  location: class drawable
/private/tmp/rdisk/647/src/Osmand-master/OsmAnd/src/net/osmand/plus/mapcontextmenu/controllers/TransportStopController.java:34: error: cannot find symbol
		FERRY(R.drawable.mx_route_ferry_ref, R.drawable.mx_route_ferry_ref),
		                ^
  symbol:   variable mx_route_ferry_ref
  location: class drawable
/private/tmp/rdisk/647/src/Osmand-master/OsmAnd/src/net/osmand/plus/mapcontextmenu/controllers/TransportStopController.java:34: error: cannot find symbol
		FERRY(R.drawable.mx_route_ferry_ref, R.drawable.mx_route_ferry_ref),
		                                               ^
  symbol:   variable mx_route_ferry_ref
  location: class drawable
/private/tmp/rdisk/647/src/Osmand-master/OsmAnd/src/net/osmand/plus/mapcontextmenu/controllers/TransportStopController.java:35: error: cannot find symbol
		FUNICULAR(R.drawable.mx_route_funicular_ref, R.drawable.mx_route_funicular_ref),
		                    ^
  symbol:   variable mx_route_funicular_ref
  location: class drawable
/private/tmp/rdisk/647/src/Osmand-master/OsmAnd/src/net/osmand/plus/mapcontextmenu/controllers/TransportStopController.java:35: error: cannot find symbol
		FUNICULAR(R.drawable.mx_route_funicular_ref, R.drawable.mx_route_funicular_ref),
		                                                       ^
  symbol:   variable mx_route_funicular_ref
  location: class drawable
/private/tmp/rdisk/647/src/Osmand-master/OsmAnd/src/net/osmand/plus/mapcontextmenu/controllers/TransportStopController.java:36: error: cannot find symbol
		LIGHT_RAIL(R.drawable.mx_route_light_rail_ref, R.drawable.mx_route_light_rail_ref),
		                     ^
  symbol:   variable mx_route_light_rail_ref
  location: class drawable
/private/tmp/rdisk/647/src/Osmand-master/OsmAnd/src/net/osmand/plus/mapcontextmenu/controllers/TransportStopController.java:36: error: cannot find symbol
		LIGHT_RAIL(R.drawable.mx_route_light_rail_ref, R.drawable.mx_route_light_rail_ref),
		                                                         ^
  symbol:   variable mx_route_light_rail_ref
  location: class drawable
/private/tmp/rdisk/647/src/Osmand-master/OsmAnd/src/net/osmand/plus/mapcontextmenu/controllers/TransportStopController.java:37: error: cannot find symbol
		MONORAIL(R.drawable.mx_route_monorail_ref, R.drawable.mx_route_monorail_ref),
		                   ^
  symbol:   variable mx_route_monorail_ref
  location: class drawable
/private/tmp/rdisk/647/src/Osmand-master/OsmAnd/src/net/osmand/plus/mapcontextmenu/controllers/TransportStopController.java:37: error: cannot find symbol
		MONORAIL(R.drawable.mx_route_monorail_ref, R.drawable.mx_route_monorail_ref),
		                                                     ^
  symbol:   variable mx_route_monorail_ref
  location: class drawable
/private/tmp/rdisk/647/src/Osmand-master/OsmAnd/src/net/osmand/plus/mapcontextmenu/controllers/TransportStopController.java:38: error: cannot find symbol
		RAILWAY(R.drawable.mx_route_railway_ref, R.drawable.mx_route_railway_ref),
		                  ^
  symbol:   variable mx_route_railway_ref
  location: class drawable
/private/tmp/rdisk/647/src/Osmand-master/OsmAnd/src/net/osmand/plus/mapcontextmenu/controllers/TransportStopController.java:38: error: cannot find symbol
		RAILWAY(R.drawable.mx_route_railway_ref, R.drawable.mx_route_railway_ref),
		                                                   ^
  symbol:   variable mx_route_railway_ref
  location: class drawable
/private/tmp/rdisk/647/src/Osmand-master/OsmAnd/src/net/osmand/plus/mapcontextmenu/controllers/TransportStopController.java:39: error: cannot find symbol
		SHARE_TAXI(R.drawable.mx_route_share_taxi_ref, R.drawable.mx_route_share_taxi_ref),
		                     ^
  symbol:   variable mx_route_share_taxi_ref
  location: class drawable
/private/tmp/rdisk/647/src/Osmand-master/OsmAnd/src/net/osmand/plus/mapcontextmenu/controllers/TransportStopController.java:39: error: cannot find symbol
		SHARE_TAXI(R.drawable.mx_route_share_taxi_ref, R.drawable.mx_route_share_taxi_ref),
		                                                         ^
  symbol:   variable mx_route_share_taxi_ref
  location: class drawable
/private/tmp/rdisk/647/src/Osmand-master/OsmAnd/src/net/osmand/plus/mapcontextmenu/controllers/TransportStopController.java:40: error: cannot find symbol
		TRAIN(R.drawable.mx_route_train_ref, R.drawable.mx_route_train_ref),
		                ^
  symbol:   variable mx_route_train_ref
  location: class drawable
/private/tmp/rdisk/647/src/Osmand-master/OsmAnd/src/net/osmand/plus/mapcontextmenu/controllers/TransportStopController.java:40: error: cannot find symbol
		TRAIN(R.drawable.mx_route_train_ref, R.drawable.mx_route_train_ref),
		                                               ^
  symbol:   variable mx_route_train_ref
  location: class drawable
/private/tmp/rdisk/647/src/Osmand-master/OsmAnd/src/net/osmand/plus/mapcontextmenu/controllers/TransportStopController.java:41: error: cannot find symbol
		TRAM(R.drawable.mx_route_tram_ref, R.drawable.mx_railway_tram_stop),
		               ^
  symbol:   variable mx_route_tram_ref
  location: class drawable
/private/tmp/rdisk/647/src/Osmand-master/OsmAnd/src/net/osmand/plus/mapcontextmenu/controllers/TransportStopController.java:41: error: cannot find symbol
		TRAM(R.drawable.mx_route_tram_ref, R.drawable.mx_railway_tram_stop),
		                                             ^
  symbol:   variable mx_railway_tram_stop
  location: class drawable
/private/tmp/rdisk/647/src/Osmand-master/OsmAnd/src/net/osmand/plus/mapcontextmenu/controllers/TransportStopController.java:42: error: cannot find symbol
		TROLLEYBUS(R.drawable.mx_route_trolleybus_ref, R.drawable.mx_route_trolleybus_ref),
		                     ^
  symbol:   variable mx_route_trolleybus_ref
  location: class drawable
/private/tmp/rdisk/647/src/Osmand-master/OsmAnd/src/net/osmand/plus/mapcontextmenu/controllers/TransportStopController.java:42: error: cannot find symbol
		TROLLEYBUS(R.drawable.mx_route_trolleybus_ref, R.drawable.mx_route_trolleybus_ref),
		                                                         ^
  symbol:   variable mx_route_trolleybus_ref
  location: class drawable
/private/tmp/rdisk/647/src/Osmand-master/OsmAnd/src/net/osmand/plus/mapcontextmenu/controllers/TransportStopController.java:43: error: cannot find symbol
		SUBWAY(R.drawable.mx_subway_station, R.drawable.mx_subway_station);
		                 ^
  symbol:   variable mx_subway_station
  location: class drawable
/private/tmp/rdisk/647/src/Osmand-master/OsmAnd/src/net/osmand/plus/mapcontextmenu/controllers/TransportStopController.java:43: error: cannot find symbol
		SUBWAY(R.drawable.mx_subway_station, R.drawable.mx_subway_station);
		                                               ^
  symbol:   variable mx_subway_station
  location: class drawable
/private/tmp/rdisk/647/src/Osmand-master/OsmAnd/src/net/osmand/plus/mapcontextmenu/controllers/TransportStopController.java:109: error: cannot find symbol
			return R.drawable.mx_public_transport;
			                 ^
  symbol:   variable mx_public_transport
  location: class drawable
/private/tmp/rdisk/647/src/Osmand-master/OsmAnd/src/net/osmand/plus/activities/MapActivityLayers.java:415: error: cannot find symbol
			builder.setIcon(R.drawable.mx_user_defined);
			                          ^
  symbol:   variable mx_user_defined
  location: class drawable
/private/tmp/rdisk/647/src/Osmand-master/OsmAnd/src/net/osmand/plus/views/RouteLayer.java:105: error: cannot find symbol
				Bitmap originalArrowUp = BitmapFactory.decodeResource(view.getResources(), R.drawable.h_arrow, null);
				                                                                                     ^
  symbol:   variable h_arrow
  location: class drawable
/private/tmp/rdisk/647/src/Osmand-master/OsmAnd/src/net/osmand/plus/search/QuickSearchListItem.java:295: error: cannot find symbol
					iconId = R.drawable.mx_user_defined;
					                   ^
  symbol:   variable mx_user_defined
  location: class drawable
/private/tmp/rdisk/647/src/Osmand-master/OsmAnd/src/net/osmand/plus/activities/search/SearchPoiFilterFragment.java:300: error: cannot find symbol
					icon.setImageResource(R.drawable.mx_name_finder);
					                                ^
  symbol:   variable mx_name_finder
  location: class drawable
/private/tmp/rdisk/647/src/Osmand-master/OsmAnd/src/net/osmand/plus/activities/search/SearchPoiFilterFragment.java:302: error: cannot find symbol
					icon.setImageResource(R.drawable.mx_user_defined);
					                                ^
  symbol:   variable mx_user_defined
  location: class drawable
/private/tmp/rdisk/647/src/Osmand-master/OsmAnd/src/net/osmand/plus/mapcontextmenu/controllers/TransportRouteController.java:73: error: cannot find symbol
				R.drawable.mx_public_transport :
				          ^
  symbol:   variable mx_public_transport
  location: class drawable
/private/tmp/rdisk/647/src/Osmand-master/OsmAnd/src/net/osmand/plus/mapcontextmenu/controllers/TransportRouteController.java:139: error: cannot find symbol
		int defaultIcon = transportRoute.type == null ? R.drawable.mx_route_bus_ref : transportRoute.type.getResourceId();
		                                                          ^
  symbol:   variable mx_route_bus_ref
  location: class drawable
Note: Some input files use or override a deprecated API.
Note: Recompile with -Xlint:deprecation for details.
Note: Some input files use unchecked or unsafe operations.
Note: Recompile with -Xlint:unchecked for details.
33 errors
:OsmAnd:compileFreeLegacyArmv5DebugJavaWithJavac FAILED

FAILURE: Build failed with an exception.

* What went wrong:
Execution failed for task ':OsmAnd:compileFreeLegacyArmv5DebugJavaWithJavac'.
> Compilation failed; see the compiler error output for details.

* Try:
Run with --info or --debug option to get more log output.

* Exception is:
org.gradle.api.tasks.TaskExecutionException: Execution failed for task ':OsmAnd:compileFreeLegacyArmv5DebugJavaWithJavac'.
	at org.gradle.api.internal.tasks.execution.ExecuteActionsTaskExecuter.executeActions(ExecuteActionsTaskExecuter.java:69)
	at org.gradle.api.internal.tasks.execution.ExecuteActionsTaskExecuter.execute(ExecuteActionsTaskExecuter.java:46)
	at org.gradle.api.internal.tasks.execution.PostExecutionAnalysisTaskExecuter.execute(PostExecutionAnalysisTaskExecuter.java:35)
	at org.gradle.api.internal.tasks.execution.SkipUpToDateTaskExecuter.execute(SkipUpToDateTaskExecuter.java:64)
	at org.gradle.api.internal.tasks.execution.ValidatingTaskExecuter.execute(ValidatingTaskExecuter.java:58)
	at org.gradle.api.internal.tasks.execution.SkipEmptySourceFilesTaskExecuter.execute(SkipEmptySourceFilesTaskExecuter.java:52)
	at org.gradle.api.internal.tasks.execution.SkipTaskWithNoActionsExecuter.execute(SkipTaskWithNoActionsExecuter.java:52)
	at org.gradle.api.internal.tasks.execution.SkipOnlyIfTaskExecuter.execute(SkipOnlyIfTaskExecuter.java:53)
	at org.gradle.api.internal.tasks.execution.ExecuteAtMostOnceTaskExecuter.execute(ExecuteAtMostOnceTaskExecuter.java:43)
	at org.gradle.execution.taskgraph.DefaultTaskGraphExecuter$EventFiringTaskWorker.execute(DefaultTaskGraphExecuter.java:203)
	at org.gradle.execution.taskgraph.DefaultTaskGraphExecuter$EventFiringTaskWorker.execute(DefaultTaskGraphExecuter.java:185)
	at org.gradle.execution.taskgraph.AbstractTaskPlanExecutor$TaskExecutorWorker.processTask(AbstractTaskPlanExecutor.java:66)
	at org.gradle.execution.taskgraph.AbstractTaskPlanExecutor$TaskExecutorWorker.run(AbstractTaskPlanExecutor.java:50)
	at org.gradle.execution.taskgraph.DefaultTaskPlanExecutor.process(DefaultTaskPlanExecutor.java:25)
	at org.gradle.execution.taskgraph.DefaultTaskGraphExecuter.execute(DefaultTaskGraphExecuter.java:110)
	at org.gradle.execution.SelectedTaskExecutionAction.execute(SelectedTaskExecutionAction.java:37)
	at org.gradle.execution.DefaultBuildExecuter.execute(DefaultBuildExecuter.java:37)
	at org.gradle.execution.DefaultBuildExecuter.access$000(DefaultBuildExecuter.java:23)
	at org.gradle.execution.DefaultBuildExecuter$1.proceed(DefaultBuildExecuter.java:43)
	at org.gradle.execution.DryRunBuildExecutionAction.execute(DryRunBuildExecutionAction.java:32)
	at org.gradle.execution.DefaultBuildExecuter.execute(DefaultBuildExecuter.java:37)
	at org.gradle.execution.DefaultBuildExecuter.execute(DefaultBuildExecuter.java:30)
	at org.gradle.initialization.DefaultGradleLauncher$4.run(DefaultGradleLauncher.java:154)
	at org.gradle.internal.Factories$1.create(Factories.java:22)
	at org.gradle.internal.progress.DefaultBuildOperationExecutor.run(DefaultBuildOperationExecutor.java:90)
	at org.gradle.internal.progress.DefaultBuildOperationExecutor.run(DefaultBuildOperationExecutor.java:52)
	at org.gradle.initialization.DefaultGradleLauncher.doBuildStages(DefaultGradleLauncher.java:151)
	at org.gradle.initialization.DefaultGradleLauncher.access$200(DefaultGradleLauncher.java:32)
	at org.gradle.initialization.DefaultGradleLauncher$1.create(DefaultGradleLauncher.java:99)
	at org.gradle.initialization.DefaultGradleLauncher$1.create(DefaultGradleLauncher.java:93)
	at org.gradle.internal.progress.DefaultBuildOperationExecutor.run(DefaultBuildOperationExecutor.java:90)
	at org.gradle.internal.progress.DefaultBuildOperationExecutor.run(DefaultBuildOperationExecutor.java:62)
	at org.gradle.initialization.DefaultGradleLauncher.doBuild(DefaultGradleLauncher.java:93)
	at org.gradle.initialization.DefaultGradleLauncher.run(DefaultGradleLauncher.java:82)
	at org.gradle.launcher.exec.InProcessBuildActionExecuter$DefaultBuildController.run(InProcessBuildActionExecuter.java:94)
	at org.gradle.tooling.internal.provider.ExecuteBuildActionRunner.run(ExecuteBuildActionRunner.java:28)
	at org.gradle.launcher.exec.ChainingBuildActionRunner.run(ChainingBuildActionRunner.java:35)
	at org.gradle.launcher.exec.InProcessBuildActionExecuter.execute(InProcessBuildActionExecuter.java:43)
	at org.gradle.launcher.exec.InProcessBuildActionExecuter.execute(InProcessBuildActionExecuter.java:28)
	at org.gradle.launcher.exec.ContinuousBuildActionExecuter.execute(ContinuousBuildActionExecuter.java:78)
	at org.gradle.launcher.exec.ContinuousBuildActionExecuter.execute(ContinuousBuildActionExecuter.java:48)
	at org.gradle.launcher.exec.DaemonUsageSuggestingBuildActionExecuter.execute(DaemonUsageSuggestingBuildActionExecuter.java:51)
	at org.gradle.launcher.exec.DaemonUsageSuggestingBuildActionExecuter.execute(DaemonUsageSuggestingBuildActionExecuter.java:28)
	at org.gradle.launcher.cli.RunBuildAction.run(RunBuildAction.java:43)
	at org.gradle.internal.Actions$RunnableActionAdapter.execute(Actions.java:170)
	at org.gradle.launcher.cli.CommandLineActionFactory$ParseAndBuildAction.execute(CommandLineActionFactory.java:237)
	at org.gradle.launcher.cli.CommandLineActionFactory$ParseAndBuildAction.execute(CommandLineActionFactory.java:210)
	at org.gradle.launcher.cli.JavaRuntimeValidationAction.execute(JavaRuntimeValidationAction.java:35)
	at org.gradle.launcher.cli.JavaRuntimeValidationAction.execute(JavaRuntimeValidationAction.java:24)
	at org.gradle.launcher.cli.CommandLineActionFactory$WithLogging.execute(CommandLineActionFactory.java:206)
	at org.gradle.launcher.cli.CommandLineActionFactory$WithLogging.execute(CommandLineActionFactory.java:169)
	at org.gradle.launcher.cli.ExceptionReportingAction.execute(ExceptionReportingAction.java:33)
	at org.gradle.launcher.cli.ExceptionReportingAction.execute(ExceptionReportingAction.java:22)
	at org.gradle.launcher.Main.doAction(Main.java:33)
	at org.gradle.launcher.bootstrap.EntryPoint.run(EntryPoint.java:45)
	at org.gradle.launcher.bootstrap.ProcessBootstrap.runNoExit(ProcessBootstrap.java:54)
	at org.gradle.launcher.bootstrap.ProcessBootstrap.run(ProcessBootstrap.java:35)
	at org.gradle.launcher.GradleMain.main(GradleMain.java:23)
	at org.gradle.wrapper.BootstrapMainStarter.start(BootstrapMainStarter.java:33)
	at org.gradle.wrapper.WrapperExecutor.execute(WrapperExecutor.java:130)
	at org.gradle.wrapper.GradleWrapperMain.main(GradleWrapperMain.java:48)
Caused by: org.gradle.api.internal.tasks.compile.CompilationFailedException: Compilation failed; see the compiler error output for details.
	at org.gradle.api.internal.tasks.compile.JdkJavaCompiler.execute(JdkJavaCompiler.java:47)
	at org.gradle.api.internal.tasks.compile.JdkJavaCompiler.execute(JdkJavaCompiler.java:33)
	at org.gradle.api.internal.tasks.compile.NormalizingJavaCompiler.delegateAndHandleErrors(NormalizingJavaCompiler.java:101)
	at org.gradle.api.internal.tasks.compile.NormalizingJavaCompiler.execute(NormalizingJavaCompiler.java:50)
	at org.gradle.api.internal.tasks.compile.NormalizingJavaCompiler.execute(NormalizingJavaCompiler.java:36)
	at org.gradle.api.internal.tasks.compile.CleaningJavaCompilerSupport.execute(CleaningJavaCompilerSupport.java:34)
	at org.gradle.api.internal.tasks.compile.CleaningJavaCompilerSupport.execute(CleaningJavaCompilerSupport.java:25)
	at org.gradle.api.internal.tasks.compile.incremental.IncrementalCompilationFinalizer.execute(IncrementalCompilationFinalizer.java:38)
	at org.gradle.api.internal.tasks.compile.incremental.IncrementalCompilationFinalizer.execute(IncrementalCompilationFinalizer.java:24)
	at org.gradle.api.tasks.compile.JavaCompile.performCompilation(JavaCompile.java:157)
	at org.gradle.api.tasks.compile.JavaCompile.compile(JavaCompile.java:127)
	at com.android.build.gradle.tasks.factory.AndroidJavaCompile.compile(AndroidJavaCompile.java:49)
	at org.gradle.internal.reflect.JavaMethod.invoke(JavaMethod.java:75)
	at org.gradle.api.internal.project.taskfactory.AnnotationProcessingTaskFactory$IncrementalTaskAction.doExecute(AnnotationProcessingTaskFactory.java:244)
	at org.gradle.api.internal.project.taskfactory.AnnotationProcessingTaskFactory$StandardTaskAction.execute(AnnotationProcessingTaskFactory.java:220)
	at org.gradle.api.internal.project.taskfactory.AnnotationProcessingTaskFactory$IncrementalTaskAction.execute(AnnotationProcessingTaskFactory.java:231)
	at org.gradle.api.internal.project.taskfactory.AnnotationProcessingTaskFactory$StandardTaskAction.execute(AnnotationProcessingTaskFactory.java:209)
	at org.gradle.api.internal.tasks.execution.ExecuteActionsTaskExecuter.executeAction(ExecuteActionsTaskExecuter.java:80)
	at org.gradle.api.internal.tasks.execution.ExecuteActionsTaskExecuter.executeActions(ExecuteActionsTaskExecuter.java:61)
	... 60 more


BUILD FAILED

Total time: 36.122 secs

2016-08-07 13:27:43,021 INFO  c.g.v.a.s.a.ProjectTaskService - Detecting possible tasks...
2016-08-07 13:27:43,021 INFO  c.g.v.a.u.SysUtils - Execute command: [/tmp/rdisk/647/src/Osmand-master/gradlew, -b, /tmp/rdisk/647/src/Osmand-master/OsmAndCore-sample/build.gradle, tasks]
2016-08-07 13:28:05,619 INFO  c.g.v.a.s.a.ProjectTaskService - Detected possible tasks: 197
2016-08-07 13:28:05,620 INFO  c.g.v.a.s.a.ProjectTaskService - Excluded tasks: deviceCheck lint deviceAndroidTest connectedCheck test check connectedAndroidTest
2016-08-07 13:28:05,621 INFO  c.g.v.a.u.SysUtils - Execute command: [/tmp/rdisk/647/src/Osmand-master/gradlew, -b, /tmp/rdisk/647/src/Osmand-master/OsmAndCore-sample/build.gradle, --stacktrace, -x, deviceCheck, -x, lint, -x, deviceAndroidTest, -x, connectedCheck, -x, test, -x, check, -x, connectedAndroidTest, build]
2016-08-07 13:28:52,777 INFO  c.g.v.a.u.SysUtils - Validating translations
Incremental java compilation is an incubating feature.
:OsmAnd-java:compileJava UP-TO-DATE
:OsmAnd-java:processResources UP-TO-DATE
:OsmAnd-java:classes UP-TO-DATE
:OsmAnd-java:androidJar UP-TO-DATE
:OsmAndCore-sample:preBuild UP-TO-DATE
:OsmAndCore-sample:preArmv5DebugBuild UP-TO-DATE
:OsmAndCore-sample:checkArmv5DebugManifest
:OsmAndCore-sample:preArmv5NativeDebugBuild UP-TO-DATE
:OsmAndCore-sample:preArmv5ReleaseBuild UP-TO-DATE
:OsmAndCore-sample:preArmv7DebugBuild UP-TO-DATE
:OsmAndCore-sample:preArmv7NativeDebugBuild UP-TO-DATE
:OsmAndCore-sample:preArmv7ReleaseBuild UP-TO-DATE
:OsmAndCore-sample:preFatDebugBuild UP-TO-DATE
:OsmAndCore-sample:preFatNativeDebugBuild UP-TO-DATE
:OsmAndCore-sample:preFatReleaseBuild UP-TO-DATE
:OsmAndCore-sample:preMipsDebugBuild UP-TO-DATE
:OsmAndCore-sample:preMipsNativeDebugBuild UP-TO-DATE
:OsmAndCore-sample:preMipsReleaseBuild UP-TO-DATE
:OsmAndCore-sample:preX86DebugBuild UP-TO-DATE
:OsmAndCore-sample:preX86NativeDebugBuild UP-TO-DATE
:OsmAndCore-sample:preX86ReleaseBuild UP-TO-DATE
:OsmAndCore-sample:prepareComAndroidSupportAnimatedVectorDrawable2330Library
:OsmAndCore-sample:prepareComAndroidSupportAppcompatV72330Library
:OsmAndCore-sample:prepareComAndroidSupportSupportV42330Library
:OsmAndCore-sample:prepareComAndroidSupportSupportVectorDrawable2330Library
:OsmAndCore-sample:prepareNetOsmandOsmAndCore_android01SNAPSHOTLibrary
:OsmAndCore-sample:prepareNetOsmandOsmAndCore_androidNativeRelease01SNAPSHOTLibrary
:OsmAndCore-sample:prepareArmv5DebugDependencies
:OsmAndCore-sample:compileArmv5DebugAidl
:OsmAndCore-sample:compileArmv5DebugRenderscript
:OsmAndCore-sample:generateArmv5DebugBuildConfig
:OsmAndCore-sample:mergeArmv5DebugShaders
:OsmAndCore-sample:compileArmv5DebugShaders
:OsmAndCore-sample:generateArmv5DebugAssets
:OsmAndCore-sample:mergeArmv5DebugAssets
:OsmAndCore-sample:generateArmv5DebugResValues
:OsmAndCore-sample:generateArmv5DebugResources
:OsmAndCore-sample:mergeArmv5DebugResources
:OsmAndCore-sample:processArmv5DebugManifest
:OsmAndCore-sample:processArmv5DebugResources
:OsmAndCore-sample:generateArmv5DebugSources
:OsmAndCore-sample:incrementalArmv5DebugJavaCompilationSafeguard
:OsmAndCore-sample:compileArmv5DebugJavaWithJavac
:OsmAndCore-sample:compileArmv5DebugJavaWithJavac - is not incremental (e.g. outputs have changed, no previous execution, etc.).
/private/tmp/rdisk/647/src/Osmand-master/OsmAndCore-sample/src/net/osmand/core/samples/android/sample1/MainActivity.java:267: error: method setLang in class SearchSettings cannot be applied to given types;
					settings = settings.setLang(LANGUAGE);
					                   ^
  required: String,boolean
  found: String
  reason: actual and formal argument lists differ in length
/private/tmp/rdisk/647/src/Osmand-master/OsmAndCore-sample/src/net/osmand/core/samples/android/sample1/MainActivity.java:344: error: constructor SearchUICore in class SearchUICore cannot be applied to given types;
		searchUICore = new SearchUICore(app.getPoiTypes(), LANGUAGE);
		               ^
  required: MapPoiTypes,String,boolean
  found: MapPoiTypes,String
  reason: actual and formal argument lists differ in length
2 errors
:OsmAndCore-sample:compileArmv5DebugJavaWithJavac FAILED

FAILURE: Build failed with an exception.

* What went wrong:
Execution failed for task ':OsmAndCore-sample:compileArmv5DebugJavaWithJavac'.
> Compilation failed; see the compiler error output for details.

* Try:
Run with --info or --debug option to get more log output.

* Exception is:
org.gradle.api.tasks.TaskExecutionException: Execution failed for task ':OsmAndCore-sample:compileArmv5DebugJavaWithJavac'.
	at org.gradle.api.internal.tasks.execution.ExecuteActionsTaskExecuter.executeActions(ExecuteActionsTaskExecuter.java:69)
	at org.gradle.api.internal.tasks.execution.ExecuteActionsTaskExecuter.execute(ExecuteActionsTaskExecuter.java:46)
	at org.gradle.api.internal.tasks.execution.PostExecutionAnalysisTaskExecuter.execute(PostExecutionAnalysisTaskExecuter.java:35)
	at org.gradle.api.internal.tasks.execution.SkipUpToDateTaskExecuter.execute(SkipUpToDateTaskExecuter.java:64)
	at org.gradle.api.internal.tasks.execution.ValidatingTaskExecuter.execute(ValidatingTaskExecuter.java:58)
	at org.gradle.api.internal.tasks.execution.SkipEmptySourceFilesTaskExecuter.execute(SkipEmptySourceFilesTaskExecuter.java:52)
	at org.gradle.api.internal.tasks.execution.SkipTaskWithNoActionsExecuter.execute(SkipTaskWithNoActionsExecuter.java:52)
	at org.gradle.api.internal.tasks.execution.SkipOnlyIfTaskExecuter.execute(SkipOnlyIfTaskExecuter.java:53)
	at org.gradle.api.internal.tasks.execution.ExecuteAtMostOnceTaskExecuter.execute(ExecuteAtMostOnceTaskExecuter.java:43)
	at org.gradle.execution.taskgraph.DefaultTaskGraphExecuter$EventFiringTaskWorker.execute(DefaultTaskGraphExecuter.java:203)
	at org.gradle.execution.taskgraph.DefaultTaskGraphExecuter$EventFiringTaskWorker.execute(DefaultTaskGraphExecuter.java:185)
	at org.gradle.execution.taskgraph.AbstractTaskPlanExecutor$TaskExecutorWorker.processTask(AbstractTaskPlanExecutor.java:66)
	at org.gradle.execution.taskgraph.AbstractTaskPlanExecutor$TaskExecutorWorker.run(AbstractTaskPlanExecutor.java:50)
	at org.gradle.execution.taskgraph.DefaultTaskPlanExecutor.process(DefaultTaskPlanExecutor.java:25)
	at org.gradle.execution.taskgraph.DefaultTaskGraphExecuter.execute(DefaultTaskGraphExecuter.java:110)
	at org.gradle.execution.SelectedTaskExecutionAction.execute(SelectedTaskExecutionAction.java:37)
	at org.gradle.execution.DefaultBuildExecuter.execute(DefaultBuildExecuter.java:37)
	at org.gradle.execution.DefaultBuildExecuter.access$000(DefaultBuildExecuter.java:23)
	at org.gradle.execution.DefaultBuildExecuter$1.proceed(DefaultBuildExecuter.java:43)
	at org.gradle.execution.DryRunBuildExecutionAction.execute(DryRunBuildExecutionAction.java:32)
	at org.gradle.execution.DefaultBuildExecuter.execute(DefaultBuildExecuter.java:37)
	at org.gradle.execution.DefaultBuildExecuter.execute(DefaultBuildExecuter.java:30)
	at org.gradle.initialization.DefaultGradleLauncher$4.run(DefaultGradleLauncher.java:154)
	at org.gradle.internal.Factories$1.create(Factories.java:22)
	at org.gradle.internal.progress.DefaultBuildOperationExecutor.run(DefaultBuildOperationExecutor.java:90)
	at org.gradle.internal.progress.DefaultBuildOperationExecutor.run(DefaultBuildOperationExecutor.java:52)
	at org.gradle.initialization.DefaultGradleLauncher.doBuildStages(DefaultGradleLauncher.java:151)
	at org.gradle.initialization.DefaultGradleLauncher.access$200(DefaultGradleLauncher.java:32)
	at org.gradle.initialization.DefaultGradleLauncher$1.create(DefaultGradleLauncher.java:99)
	at org.gradle.initialization.DefaultGradleLauncher$1.create(DefaultGradleLauncher.java:93)
	at org.gradle.internal.progress.DefaultBuildOperationExecutor.run(DefaultBuildOperationExecutor.java:90)
	at org.gradle.internal.progress.DefaultBuildOperationExecutor.run(DefaultBuildOperationExecutor.java:62)
	at org.gradle.initialization.DefaultGradleLauncher.doBuild(DefaultGradleLauncher.java:93)
	at org.gradle.initialization.DefaultGradleLauncher.run(DefaultGradleLauncher.java:82)
	at org.gradle.launcher.exec.InProcessBuildActionExecuter$DefaultBuildController.run(InProcessBuildActionExecuter.java:94)
	at org.gradle.tooling.internal.provider.ExecuteBuildActionRunner.run(ExecuteBuildActionRunner.java:28)
	at org.gradle.launcher.exec.ChainingBuildActionRunner.run(ChainingBuildActionRunner.java:35)
	at org.gradle.launcher.exec.InProcessBuildActionExecuter.execute(InProcessBuildActionExecuter.java:43)
	at org.gradle.launcher.exec.InProcessBuildActionExecuter.execute(InProcessBuildActionExecuter.java:28)
	at org.gradle.launcher.exec.ContinuousBuildActionExecuter.execute(ContinuousBuildActionExecuter.java:78)
	at org.gradle.launcher.exec.ContinuousBuildActionExecuter.execute(ContinuousBuildActionExecuter.java:48)
	at org.gradle.launcher.exec.DaemonUsageSuggestingBuildActionExecuter.execute(DaemonUsageSuggestingBuildActionExecuter.java:51)
	at org.gradle.launcher.exec.DaemonUsageSuggestingBuildActionExecuter.execute(DaemonUsageSuggestingBuildActionExecuter.java:28)
	at org.gradle.launcher.cli.RunBuildAction.run(RunBuildAction.java:43)
	at org.gradle.internal.Actions$RunnableActionAdapter.execute(Actions.java:170)
	at org.gradle.launcher.cli.CommandLineActionFactory$ParseAndBuildAction.execute(CommandLineActionFactory.java:237)
	at org.gradle.launcher.cli.CommandLineActionFactory$ParseAndBuildAction.execute(CommandLineActionFactory.java:210)
	at org.gradle.launcher.cli.JavaRuntimeValidationAction.execute(JavaRuntimeValidationAction.java:35)
	at org.gradle.launcher.cli.JavaRuntimeValidationAction.execute(JavaRuntimeValidationAction.java:24)
	at org.gradle.launcher.cli.CommandLineActionFactory$WithLogging.execute(CommandLineActionFactory.java:206)
	at org.gradle.launcher.cli.CommandLineActionFactory$WithLogging.execute(CommandLineActionFactory.java:169)
	at org.gradle.launcher.cli.ExceptionReportingAction.execute(ExceptionReportingAction.java:33)
	at org.gradle.launcher.cli.ExceptionReportingAction.execute(ExceptionReportingAction.java:22)
	at org.gradle.launcher.Main.doAction(Main.java:33)
	at org.gradle.launcher.bootstrap.EntryPoint.run(EntryPoint.java:45)
	at org.gradle.launcher.bootstrap.ProcessBootstrap.runNoExit(ProcessBootstrap.java:54)
	at org.gradle.launcher.bootstrap.ProcessBootstrap.run(ProcessBootstrap.java:35)
	at org.gradle.launcher.GradleMain.main(GradleMain.java:23)
	at org.gradle.wrapper.BootstrapMainStarter.start(BootstrapMainStarter.java:33)
	at org.gradle.wrapper.WrapperExecutor.execute(WrapperExecutor.java:130)
	at org.gradle.wrapper.GradleWrapperMain.main(GradleWrapperMain.java:48)
Caused by: org.gradle.api.internal.tasks.compile.CompilationFailedException: Compilation failed; see the compiler error output for details.
	at org.gradle.api.internal.tasks.compile.JdkJavaCompiler.execute(JdkJavaCompiler.java:47)
	at org.gradle.api.internal.tasks.compile.JdkJavaCompiler.execute(JdkJavaCompiler.java:33)
	at org.gradle.api.internal.tasks.compile.NormalizingJavaCompiler.delegateAndHandleErrors(NormalizingJavaCompiler.java:101)
	at org.gradle.api.internal.tasks.compile.NormalizingJavaCompiler.execute(NormalizingJavaCompiler.java:50)
	at org.gradle.api.internal.tasks.compile.NormalizingJavaCompiler.execute(NormalizingJavaCompiler.java:36)
	at org.gradle.api.internal.tasks.compile.CleaningJavaCompilerSupport.execute(CleaningJavaCompilerSupport.java:34)
	at org.gradle.api.internal.tasks.compile.CleaningJavaCompilerSupport.execute(CleaningJavaCompilerSupport.java:25)
	at org.gradle.api.internal.tasks.compile.incremental.IncrementalCompilationFinalizer.execute(IncrementalCompilationFinalizer.java:38)
	at org.gradle.api.internal.tasks.compile.incremental.IncrementalCompilationFinalizer.execute(IncrementalCompilationFinalizer.java:24)
	at org.gradle.api.tasks.compile.JavaCompile.performCompilation(JavaCompile.java:157)
	at org.gradle.api.tasks.compile.JavaCompile.compile(JavaCompile.java:127)
	at com.android.build.gradle.tasks.factory.AndroidJavaCompile.compile(AndroidJavaCompile.java:49)
	at org.gradle.internal.reflect.JavaMethod.invoke(JavaMethod.java:75)
	at org.gradle.api.internal.project.taskfactory.AnnotationProcessingTaskFactory$IncrementalTaskAction.doExecute(AnnotationProcessingTaskFactory.java:244)
	at org.gradle.api.internal.project.taskfactory.AnnotationProcessingTaskFactory$StandardTaskAction.execute(AnnotationProcessingTaskFactory.java:220)
	at org.gradle.api.internal.project.taskfactory.AnnotationProcessingTaskFactory$IncrementalTaskAction.execute(AnnotationProcessingTaskFactory.java:231)
	at org.gradle.api.internal.project.taskfactory.AnnotationProcessingTaskFactory$StandardTaskAction.execute(AnnotationProcessingTaskFactory.java:209)
	at org.gradle.api.internal.tasks.execution.ExecuteActionsTaskExecuter.executeAction(ExecuteActionsTaskExecuter.java:80)
	at org.gradle.api.internal.tasks.execution.ExecuteActionsTaskExecuter.executeActions(ExecuteActionsTaskExecuter.java:61)
	... 60 more


BUILD FAILED

Total time: 46.55 secs

2016-08-07 13:28:53,832 INFO  c.g.v.a.s.a.ProjectTaskService - Detecting possible tasks...
2016-08-07 13:28:53,833 INFO  c.g.v.a.u.SysUtils - Execute command: [/tmp/rdisk/647/src/Osmand-master/gradlew, -b, /tmp/rdisk/647/src/Osmand-master/eclipse-compile/appcompat/build.gradle, tasks]
2016-08-07 13:28:57,300 ERROR c.g.v.a.s.a.ProjectTaskService - Could not detect possible Gradle tasks: Process exited with an error: 1 (Exit value: 1)
2016-08-07 13:28:57,301 INFO  c.g.v.a.s.a.ProjectTaskService - Detected possible tasks: 0
2016-08-07 13:28:57,301 INFO  c.g.v.a.s.a.ProjectTaskService - Excluded tasks: none
2016-08-07 13:28:57,302 INFO  c.g.v.a.u.SysUtils - Execute command: [/tmp/rdisk/647/src/Osmand-master/gradlew, -b, /tmp/rdisk/647/src/Osmand-master/eclipse-compile/appcompat/build.gradle, --stacktrace, build]
2016-08-07 13:28:59,933 INFO  c.g.v.a.u.SysUtils - 
FAILURE: Build failed with an exception.

* Where:
Build file '/private/tmp/rdisk/647/src/Osmand-master/eclipse-compile/appcompat/build.gradle' line: 1

* What went wrong:
A problem occurred evaluating root project 'appcompat'.
> Plugin with id 'com.android.library' not found.

* Try:
Run with --info or --debug option to get more log output.

* Exception is:
org.gradle.api.GradleScriptException: A problem occurred evaluating root project 'appcompat'.
	at org.gradle.groovy.scripts.internal.DefaultScriptRunnerFactory$ScriptRunnerImpl.run(DefaultScriptRunnerFactory.java:93)
	at org.gradle.configuration.DefaultScriptPluginFactory$ScriptPluginImpl$1.run(DefaultScriptPluginFactory.java:144)
	at org.gradle.configuration.ProjectScriptTarget.addConfiguration(ProjectScriptTarget.java:72)
	at org.gradle.configuration.DefaultScriptPluginFactory$ScriptPluginImpl.apply(DefaultScriptPluginFactory.java:149)
	at org.gradle.configuration.project.BuildScriptProcessor.execute(BuildScriptProcessor.java:38)
	at org.gradle.configuration.project.BuildScriptProcessor.execute(BuildScriptProcessor.java:25)
	at org.gradle.configuration.project.ConfigureActionsProjectEvaluator.evaluate(ConfigureActionsProjectEvaluator.java:34)
	at org.gradle.configuration.project.LifecycleProjectEvaluator.evaluate(LifecycleProjectEvaluator.java:55)
	at org.gradle.api.internal.project.AbstractProject.evaluate(AbstractProject.java:510)
	at org.gradle.api.internal.project.AbstractProject.evaluate(AbstractProject.java:90)
	at org.gradle.execution.TaskPathProjectEvaluator.configureHierarchy(TaskPathProjectEvaluator.java:42)
	at org.gradle.configuration.DefaultBuildConfigurer.configure(DefaultBuildConfigurer.java:35)
	at org.gradle.initialization.DefaultGradleLauncher$2.run(DefaultGradleLauncher.java:125)
	at org.gradle.internal.Factories$1.create(Factories.java:22)
	at org.gradle.internal.progress.DefaultBuildOperationExecutor.run(DefaultBuildOperationExecutor.java:90)
	at org.gradle.internal.progress.DefaultBuildOperationExecutor.run(DefaultBuildOperationExecutor.java:52)
	at org.gradle.initialization.DefaultGradleLauncher.doBuildStages(DefaultGradleLauncher.java:122)
	at org.gradle.initialization.DefaultGradleLauncher.access$200(DefaultGradleLauncher.java:32)
	at org.gradle.initialization.DefaultGradleLauncher$1.create(DefaultGradleLauncher.java:99)
	at org.gradle.initialization.DefaultGradleLauncher$1.create(DefaultGradleLauncher.java:93)
	at org.gradle.internal.progress.DefaultBuildOperationExecutor.run(DefaultBuildOperationExecutor.java:90)
	at org.gradle.internal.progress.DefaultBuildOperationExecutor.run(DefaultBuildOperationExecutor.java:62)
	at org.gradle.initialization.DefaultGradleLauncher.doBuild(DefaultGradleLauncher.java:93)
	at org.gradle.initialization.DefaultGradleLauncher.run(DefaultGradleLauncher.java:82)
	at org.gradle.launcher.exec.InProcessBuildActionExecuter$DefaultBuildController.run(InProcessBuildActionExecuter.java:94)
	at org.gradle.tooling.internal.provider.ExecuteBuildActionRunner.run(ExecuteBuildActionRunner.java:28)
	at org.gradle.launcher.exec.ChainingBuildActionRunner.run(ChainingBuildActionRunner.java:35)
	at org.gradle.launcher.exec.InProcessBuildActionExecuter.execute(InProcessBuildActionExecuter.java:43)
	at org.gradle.launcher.exec.InProcessBuildActionExecuter.execute(InProcessBuildActionExecuter.java:28)
	at org.gradle.launcher.exec.ContinuousBuildActionExecuter.execute(ContinuousBuildActionExecuter.java:78)
	at org.gradle.launcher.exec.ContinuousBuildActionExecuter.execute(ContinuousBuildActionExecuter.java:48)
	at org.gradle.launcher.exec.DaemonUsageSuggestingBuildActionExecuter.execute(DaemonUsageSuggestingBuildActionExecuter.java:51)
	at org.gradle.launcher.exec.DaemonUsageSuggestingBuildActionExecuter.execute(DaemonUsageSuggestingBuildActionExecuter.java:28)
	at org.gradle.launcher.cli.RunBuildAction.run(RunBuildAction.java:43)
	at org.gradle.internal.Actions$RunnableActionAdapter.execute(Actions.java:170)
	at org.gradle.launcher.cli.CommandLineActionFactory$ParseAndBuildAction.execute(CommandLineActionFactory.java:237)
	at org.gradle.launcher.cli.CommandLineActionFactory$ParseAndBuildAction.execute(CommandLineActionFactory.java:210)
	at org.gradle.launcher.cli.JavaRuntimeValidationAction.execute(JavaRuntimeValidationAction.java:35)
	at org.gradle.launcher.cli.JavaRuntimeValidationAction.execute(JavaRuntimeValidationAction.java:24)
	at org.gradle.launcher.cli.CommandLineActionFactory$WithLogging.execute(CommandLineActionFactory.java:206)
	at org.gradle.launcher.cli.CommandLineActionFactory$WithLogging.execute(CommandLineActionFactory.java:169)
	at org.gradle.launcher.cli.ExceptionReportingAction.execute(ExceptionReportingAction.java:33)
	at org.gradle.launcher.cli.ExceptionReportingAction.execute(ExceptionReportingAction.java:22)
	at org.gradle.launcher.Main.doAction(Main.java:33)
	at org.gradle.launcher.bootstrap.EntryPoint.run(EntryPoint.java:45)
	at org.gradle.launcher.bootstrap.ProcessBootstrap.runNoExit(ProcessBootstrap.java:54)
	at org.gradle.launcher.bootstrap.ProcessBootstrap.run(ProcessBootstrap.java:35)
	at org.gradle.launcher.GradleMain.main(GradleMain.java:23)
	at org.gradle.wrapper.BootstrapMainStarter.start(BootstrapMainStarter.java:33)
	at org.gradle.wrapper.WrapperExecutor.execute(WrapperExecutor.java:130)
	at org.gradle.wrapper.GradleWrapperMain.main(GradleWrapperMain.java:48)
Caused by: org.gradle.api.plugins.UnknownPluginException: Plugin with id 'com.android.library' not found.
	at org.gradle.api.internal.plugins.DefaultPluginManager.apply(DefaultPluginManager.java:110)
	at org.gradle.api.internal.plugins.DefaultObjectConfigurationAction.applyType(DefaultObjectConfigurationAction.java:112)
	at org.gradle.api.internal.plugins.DefaultObjectConfigurationAction.access$200(DefaultObjectConfigurationAction.java:35)
	at org.gradle.api.internal.plugins.DefaultObjectConfigurationAction$3.run(DefaultObjectConfigurationAction.java:79)
	at org.gradle.api.internal.plugins.DefaultObjectConfigurationAction.execute(DefaultObjectConfigurationAction.java:135)
	at org.gradle.api.internal.project.AbstractPluginAware.apply(AbstractPluginAware.java:46)
	at org.gradle.api.plugins.PluginAware$apply.call(Unknown Source)
	at org.gradle.api.internal.project.ProjectScript.apply(ProjectScript.groovy:35)
	at org.gradle.api.Script$apply.callCurrent(Unknown Source)
	at build_edrl5nqgro8u0ukusjy8dgmfm.run(/private/tmp/rdisk/647/src/Osmand-master/eclipse-compile/appcompat/build.gradle:1)
	at org.gradle.groovy.scripts.internal.DefaultScriptRunnerFactory$ScriptRunnerImpl.run(DefaultScriptRunnerFactory.java:91)
	... 50 more


BUILD FAILED

Total time: 2.431 secs

2016-08-07 13:29:00,410 INFO  c.g.v.a.s.a.ProjectTaskService - Detecting possible tasks...
2016-08-07 13:29:00,410 INFO  c.g.v.a.u.SysUtils - Execute command: [/tmp/rdisk/647/src/Osmand-master/gradlew, -b, /tmp/rdisk/647/src/Osmand-master/eclipse-compile/cardview/build.gradle, tasks]
2016-08-07 13:29:03,557 ERROR c.g.v.a.s.a.ProjectTaskService - Could not detect possible Gradle tasks: Process exited with an error: 1 (Exit value: 1)
2016-08-07 13:29:03,557 INFO  c.g.v.a.s.a.ProjectTaskService - Detected possible tasks: 0
2016-08-07 13:29:03,557 INFO  c.g.v.a.s.a.ProjectTaskService - Excluded tasks: none
2016-08-07 13:29:03,557 INFO  c.g.v.a.u.SysUtils - Execute command: [/tmp/rdisk/647/src/Osmand-master/gradlew, -b, /tmp/rdisk/647/src/Osmand-master/eclipse-compile/cardview/build.gradle, --stacktrace, build]
2016-08-07 13:29:06,371 INFO  c.g.v.a.u.SysUtils - 
FAILURE: Build failed with an exception.

* Where:
Build file '/private/tmp/rdisk/647/src/Osmand-master/eclipse-compile/cardview/build.gradle' line: 1

* What went wrong:
A problem occurred evaluating root project 'cardview'.
> Plugin with id 'com.android.library' not found.

* Try:
Run with --info or --debug option to get more log output.

* Exception is:
org.gradle.api.GradleScriptException: A problem occurred evaluating root project 'cardview'.
	at org.gradle.groovy.scripts.internal.DefaultScriptRunnerFactory$ScriptRunnerImpl.run(DefaultScriptRunnerFactory.java:93)
	at org.gradle.configuration.DefaultScriptPluginFactory$ScriptPluginImpl$1.run(DefaultScriptPluginFactory.java:144)
	at org.gradle.configuration.ProjectScriptTarget.addConfiguration(ProjectScriptTarget.java:72)
	at org.gradle.configuration.DefaultScriptPluginFactory$ScriptPluginImpl.apply(DefaultScriptPluginFactory.java:149)
	at org.gradle.configuration.project.BuildScriptProcessor.execute(BuildScriptProcessor.java:38)
	at org.gradle.configuration.project.BuildScriptProcessor.execute(BuildScriptProcessor.java:25)
	at org.gradle.configuration.project.ConfigureActionsProjectEvaluator.evaluate(ConfigureActionsProjectEvaluator.java:34)
	at org.gradle.configuration.project.LifecycleProjectEvaluator.evaluate(LifecycleProjectEvaluator.java:55)
	at org.gradle.api.internal.project.AbstractProject.evaluate(AbstractProject.java:510)
	at org.gradle.api.internal.project.AbstractProject.evaluate(AbstractProject.java:90)
	at org.gradle.execution.TaskPathProjectEvaluator.configureHierarchy(TaskPathProjectEvaluator.java:42)
	at org.gradle.configuration.DefaultBuildConfigurer.configure(DefaultBuildConfigurer.java:35)
	at org.gradle.initialization.DefaultGradleLauncher$2.run(DefaultGradleLauncher.java:125)
	at org.gradle.internal.Factories$1.create(Factories.java:22)
	at org.gradle.internal.progress.DefaultBuildOperationExecutor.run(DefaultBuildOperationExecutor.java:90)
	at org.gradle.internal.progress.DefaultBuildOperationExecutor.run(DefaultBuildOperationExecutor.java:52)
	at org.gradle.initialization.DefaultGradleLauncher.doBuildStages(DefaultGradleLauncher.java:122)
	at org.gradle.initialization.DefaultGradleLauncher.access$200(DefaultGradleLauncher.java:32)
	at org.gradle.initialization.DefaultGradleLauncher$1.create(DefaultGradleLauncher.java:99)
	at org.gradle.initialization.DefaultGradleLauncher$1.create(DefaultGradleLauncher.java:93)
	at org.gradle.internal.progress.DefaultBuildOperationExecutor.run(DefaultBuildOperationExecutor.java:90)
	at org.gradle.internal.progress.DefaultBuildOperationExecutor.run(DefaultBuildOperationExecutor.java:62)
	at org.gradle.initialization.DefaultGradleLauncher.doBuild(DefaultGradleLauncher.java:93)
	at org.gradle.initialization.DefaultGradleLauncher.run(DefaultGradleLauncher.java:82)
	at org.gradle.launcher.exec.InProcessBuildActionExecuter$DefaultBuildController.run(InProcessBuildActionExecuter.java:94)
	at org.gradle.tooling.internal.provider.ExecuteBuildActionRunner.run(ExecuteBuildActionRunner.java:28)
	at org.gradle.launcher.exec.ChainingBuildActionRunner.run(ChainingBuildActionRunner.java:35)
	at org.gradle.launcher.exec.InProcessBuildActionExecuter.execute(InProcessBuildActionExecuter.java:43)
	at org.gradle.launcher.exec.InProcessBuildActionExecuter.execute(InProcessBuildActionExecuter.java:28)
	at org.gradle.launcher.exec.ContinuousBuildActionExecuter.execute(ContinuousBuildActionExecuter.java:78)
	at org.gradle.launcher.exec.ContinuousBuildActionExecuter.execute(ContinuousBuildActionExecuter.java:48)
	at org.gradle.launcher.exec.DaemonUsageSuggestingBuildActionExecuter.execute(DaemonUsageSuggestingBuildActionExecuter.java:51)
	at org.gradle.launcher.exec.DaemonUsageSuggestingBuildActionExecuter.execute(DaemonUsageSuggestingBuildActionExecuter.java:28)
	at org.gradle.launcher.cli.RunBuildAction.run(RunBuildAction.java:43)
	at org.gradle.internal.Actions$RunnableActionAdapter.execute(Actions.java:170)
	at org.gradle.launcher.cli.CommandLineActionFactory$ParseAndBuildAction.execute(CommandLineActionFactory.java:237)
	at org.gradle.launcher.cli.CommandLineActionFactory$ParseAndBuildAction.execute(CommandLineActionFactory.java:210)
	at org.gradle.launcher.cli.JavaRuntimeValidationAction.execute(JavaRuntimeValidationAction.java:35)
	at org.gradle.launcher.cli.JavaRuntimeValidationAction.execute(JavaRuntimeValidationAction.java:24)
	at org.gradle.launcher.cli.CommandLineActionFactory$WithLogging.execute(CommandLineActionFactory.java:206)
	at org.gradle.launcher.cli.CommandLineActionFactory$WithLogging.execute(CommandLineActionFactory.java:169)
	at org.gradle.launcher.cli.ExceptionReportingAction.execute(ExceptionReportingAction.java:33)
	at org.gradle.launcher.cli.ExceptionReportingAction.execute(ExceptionReportingAction.java:22)
	at org.gradle.launcher.Main.doAction(Main.java:33)
	at org.gradle.launcher.bootstrap.EntryPoint.run(EntryPoint.java:45)
	at org.gradle.launcher.bootstrap.ProcessBootstrap.runNoExit(ProcessBootstrap.java:54)
	at org.gradle.launcher.bootstrap.ProcessBootstrap.run(ProcessBootstrap.java:35)
	at org.gradle.launcher.GradleMain.main(GradleMain.java:23)
	at org.gradle.wrapper.BootstrapMainStarter.start(BootstrapMainStarter.java:33)
	at org.gradle.wrapper.WrapperExecutor.execute(WrapperExecutor.java:130)
	at org.gradle.wrapper.GradleWrapperMain.main(GradleWrapperMain.java:48)
Caused by: org.gradle.api.plugins.UnknownPluginException: Plugin with id 'com.android.library' not found.
	at org.gradle.api.internal.plugins.DefaultPluginManager.apply(DefaultPluginManager.java:110)
	at org.gradle.api.internal.plugins.DefaultObjectConfigurationAction.applyType(DefaultObjectConfigurationAction.java:112)
	at org.gradle.api.internal.plugins.DefaultObjectConfigurationAction.access$200(DefaultObjectConfigurationAction.java:35)
	at org.gradle.api.internal.plugins.DefaultObjectConfigurationAction$3.run(DefaultObjectConfigurationAction.java:79)
	at org.gradle.api.internal.plugins.DefaultObjectConfigurationAction.execute(DefaultObjectConfigurationAction.java:135)
	at org.gradle.api.internal.project.AbstractPluginAware.apply(AbstractPluginAware.java:46)
	at org.gradle.api.plugins.PluginAware$apply.call(Unknown Source)
	at org.gradle.api.internal.project.ProjectScript.apply(ProjectScript.groovy:35)
	at org.gradle.api.Script$apply.callCurrent(Unknown Source)
	at build_2lrckcxyu0wscn1cx3ycvk5wv.run(/private/tmp/rdisk/647/src/Osmand-master/eclipse-compile/cardview/build.gradle:1)
	at org.gradle.groovy.scripts.internal.DefaultScriptRunnerFactory$ScriptRunnerImpl.run(DefaultScriptRunnerFactory.java:91)
	... 50 more


BUILD FAILED

Total time: 2.524 secs

2016-08-07 13:29:06,819 INFO  c.g.v.a.s.a.ProjectTaskService - Detecting possible tasks...
2016-08-07 13:29:06,819 INFO  c.g.v.a.u.SysUtils - Execute command: [/tmp/rdisk/647/src/Osmand-master/gradlew, -b, /tmp/rdisk/647/src/Osmand-master/eclipse-compile/design/build.gradle, tasks]
2016-08-07 13:29:09,934 ERROR c.g.v.a.s.a.ProjectTaskService - Could not detect possible Gradle tasks: Process exited with an error: 1 (Exit value: 1)
2016-08-07 13:29:09,935 INFO  c.g.v.a.s.a.ProjectTaskService - Detected possible tasks: 0
2016-08-07 13:29:09,935 INFO  c.g.v.a.s.a.ProjectTaskService - Excluded tasks: none
2016-08-07 13:29:09,935 INFO  c.g.v.a.u.SysUtils - Execute command: [/tmp/rdisk/647/src/Osmand-master/gradlew, -b, /tmp/rdisk/647/src/Osmand-master/eclipse-compile/design/build.gradle, --stacktrace, build]
2016-08-07 13:29:12,412 INFO  c.g.v.a.u.SysUtils - 
FAILURE: Build failed with an exception.

* Where:
Build file '/private/tmp/rdisk/647/src/Osmand-master/eclipse-compile/design/build.gradle' line: 1

* What went wrong:
A problem occurred evaluating root project 'design'.
> Plugin with id 'com.android.library' not found.

* Try:
Run with --info or --debug option to get more log output.

* Exception is:
org.gradle.api.GradleScriptException: A problem occurred evaluating root project 'design'.
	at org.gradle.groovy.scripts.internal.DefaultScriptRunnerFactory$ScriptRunnerImpl.run(DefaultScriptRunnerFactory.java:93)
	at org.gradle.configuration.DefaultScriptPluginFactory$ScriptPluginImpl$1.run(DefaultScriptPluginFactory.java:144)
	at org.gradle.configuration.ProjectScriptTarget.addConfiguration(ProjectScriptTarget.java:72)
	at org.gradle.configuration.DefaultScriptPluginFactory$ScriptPluginImpl.apply(DefaultScriptPluginFactory.java:149)
	at org.gradle.configuration.project.BuildScriptProcessor.execute(BuildScriptProcessor.java:38)
	at org.gradle.configuration.project.BuildScriptProcessor.execute(BuildScriptProcessor.java:25)
	at org.gradle.configuration.project.ConfigureActionsProjectEvaluator.evaluate(ConfigureActionsProjectEvaluator.java:34)
	at org.gradle.configuration.project.LifecycleProjectEvaluator.evaluate(LifecycleProjectEvaluator.java:55)
	at org.gradle.api.internal.project.AbstractProject.evaluate(AbstractProject.java:510)
	at org.gradle.api.internal.project.AbstractProject.evaluate(AbstractProject.java:90)
	at org.gradle.execution.TaskPathProjectEvaluator.configureHierarchy(TaskPathProjectEvaluator.java:42)
	at org.gradle.configuration.DefaultBuildConfigurer.configure(DefaultBuildConfigurer.java:35)
	at org.gradle.initialization.DefaultGradleLauncher$2.run(DefaultGradleLauncher.java:125)
	at org.gradle.internal.Factories$1.create(Factories.java:22)
	at org.gradle.internal.progress.DefaultBuildOperationExecutor.run(DefaultBuildOperationExecutor.java:90)
	at org.gradle.internal.progress.DefaultBuildOperationExecutor.run(DefaultBuildOperationExecutor.java:52)
	at org.gradle.initialization.DefaultGradleLauncher.doBuildStages(DefaultGradleLauncher.java:122)
	at org.gradle.initialization.DefaultGradleLauncher.access$200(DefaultGradleLauncher.java:32)
	at org.gradle.initialization.DefaultGradleLauncher$1.create(DefaultGradleLauncher.java:99)
	at org.gradle.initialization.DefaultGradleLauncher$1.create(DefaultGradleLauncher.java:93)
	at org.gradle.internal.progress.DefaultBuildOperationExecutor.run(DefaultBuildOperationExecutor.java:90)
	at org.gradle.internal.progress.DefaultBuildOperationExecutor.run(DefaultBuildOperationExecutor.java:62)
	at org.gradle.initialization.DefaultGradleLauncher.doBuild(DefaultGradleLauncher.java:93)
	at org.gradle.initialization.DefaultGradleLauncher.run(DefaultGradleLauncher.java:82)
	at org.gradle.launcher.exec.InProcessBuildActionExecuter$DefaultBuildController.run(InProcessBuildActionExecuter.java:94)
	at org.gradle.tooling.internal.provider.ExecuteBuildActionRunner.run(ExecuteBuildActionRunner.java:28)
	at org.gradle.launcher.exec.ChainingBuildActionRunner.run(ChainingBuildActionRunner.java:35)
	at org.gradle.launcher.exec.InProcessBuildActionExecuter.execute(InProcessBuildActionExecuter.java:43)
	at org.gradle.launcher.exec.InProcessBuildActionExecuter.execute(InProcessBuildActionExecuter.java:28)
	at org.gradle.launcher.exec.ContinuousBuildActionExecuter.execute(ContinuousBuildActionExecuter.java:78)
	at org.gradle.launcher.exec.ContinuousBuildActionExecuter.execute(ContinuousBuildActionExecuter.java:48)
	at org.gradle.launcher.exec.DaemonUsageSuggestingBuildActionExecuter.execute(DaemonUsageSuggestingBuildActionExecuter.java:51)
	at org.gradle.launcher.exec.DaemonUsageSuggestingBuildActionExecuter.execute(DaemonUsageSuggestingBuildActionExecuter.java:28)
	at org.gradle.launcher.cli.RunBuildAction.run(RunBuildAction.java:43)
	at org.gradle.internal.Actions$RunnableActionAdapter.execute(Actions.java:170)
	at org.gradle.launcher.cli.CommandLineActionFactory$ParseAndBuildAction.execute(CommandLineActionFactory.java:237)
	at org.gradle.launcher.cli.CommandLineActionFactory$ParseAndBuildAction.execute(CommandLineActionFactory.java:210)
	at org.gradle.launcher.cli.JavaRuntimeValidationAction.execute(JavaRuntimeValidationAction.java:35)
	at org.gradle.launcher.cli.JavaRuntimeValidationAction.execute(JavaRuntimeValidationAction.java:24)
	at org.gradle.launcher.cli.CommandLineActionFactory$WithLogging.execute(CommandLineActionFactory.java:206)
	at org.gradle.launcher.cli.CommandLineActionFactory$WithLogging.execute(CommandLineActionFactory.java:169)
	at org.gradle.launcher.cli.ExceptionReportingAction.execute(ExceptionReportingAction.java:33)
	at org.gradle.launcher.cli.ExceptionReportingAction.execute(ExceptionReportingAction.java:22)
	at org.gradle.launcher.Main.doAction(Main.java:33)
	at org.gradle.launcher.bootstrap.EntryPoint.run(EntryPoint.java:45)
	at org.gradle.launcher.bootstrap.ProcessBootstrap.runNoExit(ProcessBootstrap.java:54)
	at org.gradle.launcher.bootstrap.ProcessBootstrap.run(ProcessBootstrap.java:35)
	at org.gradle.launcher.GradleMain.main(GradleMain.java:23)
	at org.gradle.wrapper.BootstrapMainStarter.start(BootstrapMainStarter.java:33)
	at org.gradle.wrapper.WrapperExecutor.execute(WrapperExecutor.java:130)
	at org.gradle.wrapper.GradleWrapperMain.main(GradleWrapperMain.java:48)
Caused by: org.gradle.api.plugins.UnknownPluginException: Plugin with id 'com.android.library' not found.
	at org.gradle.api.internal.plugins.DefaultPluginManager.apply(DefaultPluginManager.java:110)
	at org.gradle.api.internal.plugins.DefaultObjectConfigurationAction.applyType(DefaultObjectConfigurationAction.java:112)
	at org.gradle.api.internal.plugins.DefaultObjectConfigurationAction.access$200(DefaultObjectConfigurationAction.java:35)
	at org.gradle.api.internal.plugins.DefaultObjectConfigurationAction$3.run(DefaultObjectConfigurationAction.java:79)
	at org.gradle.api.internal.plugins.DefaultObjectConfigurationAction.execute(DefaultObjectConfigurationAction.java:135)
	at org.gradle.api.internal.project.AbstractPluginAware.apply(AbstractPluginAware.java:46)
	at org.gradle.api.plugins.PluginAware$apply.call(Unknown Source)
	at org.gradle.api.internal.project.ProjectScript.apply(ProjectScript.groovy:35)
	at org.gradle.api.Script$apply.callCurrent(Unknown Source)
	at build_2riyq4dzhe6h0mp1azv3996y7.run(/private/tmp/rdisk/647/src/Osmand-master/eclipse-compile/design/build.gradle:1)
	at org.gradle.groovy.scripts.internal.DefaultScriptRunnerFactory$ScriptRunnerImpl.run(DefaultScriptRunnerFactory.java:91)
	... 50 more


BUILD FAILED

Total time: 2.306 secs

2016-08-07 13:29:12,815 INFO  c.g.v.a.s.a.ProjectTaskService - Detecting possible tasks...
2016-08-07 13:29:12,816 INFO  c.g.v.a.u.SysUtils - Execute command: [/tmp/rdisk/647/src/Osmand-master/gradlew, -b, /tmp/rdisk/647/src/Osmand-master/eclipse-compile/gridlayout/build.gradle, tasks]
2016-08-07 13:29:15,980 ERROR c.g.v.a.s.a.ProjectTaskService - Could not detect possible Gradle tasks: Process exited with an error: 1 (Exit value: 1)
2016-08-07 13:29:15,981 INFO  c.g.v.a.s.a.ProjectTaskService - Detected possible tasks: 0
2016-08-07 13:29:15,981 INFO  c.g.v.a.s.a.ProjectTaskService - Excluded tasks: none
2016-08-07 13:29:15,981 INFO  c.g.v.a.u.SysUtils - Execute command: [/tmp/rdisk/647/src/Osmand-master/gradlew, -b, /tmp/rdisk/647/src/Osmand-master/eclipse-compile/gridlayout/build.gradle, --stacktrace, build]
2016-08-07 13:29:18,591 INFO  c.g.v.a.u.SysUtils - 
FAILURE: Build failed with an exception.

* Where:
Build file '/private/tmp/rdisk/647/src/Osmand-master/eclipse-compile/gridlayout/build.gradle' line: 1

* What went wrong:
A problem occurred evaluating root project 'gridlayout'.
> Plugin with id 'com.android.library' not found.

* Try:
Run with --info or --debug option to get more log output.

* Exception is:
org.gradle.api.GradleScriptException: A problem occurred evaluating root project 'gridlayout'.
	at org.gradle.groovy.scripts.internal.DefaultScriptRunnerFactory$ScriptRunnerImpl.run(DefaultScriptRunnerFactory.java:93)
	at org.gradle.configuration.DefaultScriptPluginFactory$ScriptPluginImpl$1.run(DefaultScriptPluginFactory.java:144)
	at org.gradle.configuration.ProjectScriptTarget.addConfiguration(ProjectScriptTarget.java:72)
	at org.gradle.configuration.DefaultScriptPluginFactory$ScriptPluginImpl.apply(DefaultScriptPluginFactory.java:149)
	at org.gradle.configuration.project.BuildScriptProcessor.execute(BuildScriptProcessor.java:38)
	at org.gradle.configuration.project.BuildScriptProcessor.execute(BuildScriptProcessor.java:25)
	at org.gradle.configuration.project.ConfigureActionsProjectEvaluator.evaluate(ConfigureActionsProjectEvaluator.java:34)
	at org.gradle.configuration.project.LifecycleProjectEvaluator.evaluate(LifecycleProjectEvaluator.java:55)
	at org.gradle.api.internal.project.AbstractProject.evaluate(AbstractProject.java:510)
	at org.gradle.api.internal.project.AbstractProject.evaluate(AbstractProject.java:90)
	at org.gradle.execution.TaskPathProjectEvaluator.configureHierarchy(TaskPathProjectEvaluator.java:42)
	at org.gradle.configuration.DefaultBuildConfigurer.configure(DefaultBuildConfigurer.java:35)
	at org.gradle.initialization.DefaultGradleLauncher$2.run(DefaultGradleLauncher.java:125)
	at org.gradle.internal.Factories$1.create(Factories.java:22)
	at org.gradle.internal.progress.DefaultBuildOperationExecutor.run(DefaultBuildOperationExecutor.java:90)
	at org.gradle.internal.progress.DefaultBuildOperationExecutor.run(DefaultBuildOperationExecutor.java:52)
	at org.gradle.initialization.DefaultGradleLauncher.doBuildStages(DefaultGradleLauncher.java:122)
	at org.gradle.initialization.DefaultGradleLauncher.access$200(DefaultGradleLauncher.java:32)
	at org.gradle.initialization.DefaultGradleLauncher$1.create(DefaultGradleLauncher.java:99)
	at org.gradle.initialization.DefaultGradleLauncher$1.create(DefaultGradleLauncher.java:93)
	at org.gradle.internal.progress.DefaultBuildOperationExecutor.run(DefaultBuildOperationExecutor.java:90)
	at org.gradle.internal.progress.DefaultBuildOperationExecutor.run(DefaultBuildOperationExecutor.java:62)
	at org.gradle.initialization.DefaultGradleLauncher.doBuild(DefaultGradleLauncher.java:93)
	at org.gradle.initialization.DefaultGradleLauncher.run(DefaultGradleLauncher.java:82)
	at org.gradle.launcher.exec.InProcessBuildActionExecuter$DefaultBuildController.run(InProcessBuildActionExecuter.java:94)
	at org.gradle.tooling.internal.provider.ExecuteBuildActionRunner.run(ExecuteBuildActionRunner.java:28)
	at org.gradle.launcher.exec.ChainingBuildActionRunner.run(ChainingBuildActionRunner.java:35)
	at org.gradle.launcher.exec.InProcessBuildActionExecuter.execute(InProcessBuildActionExecuter.java:43)
	at org.gradle.launcher.exec.InProcessBuildActionExecuter.execute(InProcessBuildActionExecuter.java:28)
	at org.gradle.launcher.exec.ContinuousBuildActionExecuter.execute(ContinuousBuildActionExecuter.java:78)
	at org.gradle.launcher.exec.ContinuousBuildActionExecuter.execute(ContinuousBuildActionExecuter.java:48)
	at org.gradle.launcher.exec.DaemonUsageSuggestingBuildActionExecuter.execute(DaemonUsageSuggestingBuildActionExecuter.java:51)
	at org.gradle.launcher.exec.DaemonUsageSuggestingBuildActionExecuter.execute(DaemonUsageSuggestingBuildActionExecuter.java:28)
	at org.gradle.launcher.cli.RunBuildAction.run(RunBuildAction.java:43)
	at org.gradle.internal.Actions$RunnableActionAdapter.execute(Actions.java:170)
	at org.gradle.launcher.cli.CommandLineActionFactory$ParseAndBuildAction.execute(CommandLineActionFactory.java:237)
	at org.gradle.launcher.cli.CommandLineActionFactory$ParseAndBuildAction.execute(CommandLineActionFactory.java:210)
	at org.gradle.launcher.cli.JavaRuntimeValidationAction.execute(JavaRuntimeValidationAction.java:35)
	at org.gradle.launcher.cli.JavaRuntimeValidationAction.execute(JavaRuntimeValidationAction.java:24)
	at org.gradle.launcher.cli.CommandLineActionFactory$WithLogging.execute(CommandLineActionFactory.java:206)
	at org.gradle.launcher.cli.CommandLineActionFactory$WithLogging.execute(CommandLineActionFactory.java:169)
	at org.gradle.launcher.cli.ExceptionReportingAction.execute(ExceptionReportingAction.java:33)
	at org.gradle.launcher.cli.ExceptionReportingAction.execute(ExceptionReportingAction.java:22)
	at org.gradle.launcher.Main.doAction(Main.java:33)
	at org.gradle.launcher.bootstrap.EntryPoint.run(EntryPoint.java:45)
	at org.gradle.launcher.bootstrap.ProcessBootstrap.runNoExit(ProcessBootstrap.java:54)
	at org.gradle.launcher.bootstrap.ProcessBootstrap.run(ProcessBootstrap.java:35)
	at org.gradle.launcher.GradleMain.main(GradleMain.java:23)
	at org.gradle.wrapper.BootstrapMainStarter.start(BootstrapMainStarter.java:33)
	at org.gradle.wrapper.WrapperExecutor.execute(WrapperExecutor.java:130)
	at org.gradle.wrapper.GradleWrapperMain.main(GradleWrapperMain.java:48)
Caused by: org.gradle.api.plugins.UnknownPluginException: Plugin with id 'com.android.library' not found.
	at org.gradle.api.internal.plugins.DefaultPluginManager.apply(DefaultPluginManager.java:110)
	at org.gradle.api.internal.plugins.DefaultObjectConfigurationAction.applyType(DefaultObjectConfigurationAction.java:112)
	at org.gradle.api.internal.plugins.DefaultObjectConfigurationAction.access$200(DefaultObjectConfigurationAction.java:35)
	at org.gradle.api.internal.plugins.DefaultObjectConfigurationAction$3.run(DefaultObjectConfigurationAction.java:79)
	at org.gradle.api.internal.plugins.DefaultObjectConfigurationAction.execute(DefaultObjectConfigurationAction.java:135)
	at org.gradle.api.internal.project.AbstractPluginAware.apply(AbstractPluginAware.java:46)
	at org.gradle.api.plugins.PluginAware$apply.call(Unknown Source)
	at org.gradle.api.internal.project.ProjectScript.apply(ProjectScript.groovy:35)
	at org.gradle.api.Script$apply.callCurrent(Unknown Source)
	at build_bxt4izgpisylhlqt9gj2x1eld.run(/private/tmp/rdisk/647/src/Osmand-master/eclipse-compile/gridlayout/build.gradle:1)
	at org.gradle.groovy.scripts.internal.DefaultScriptRunnerFactory$ScriptRunnerImpl.run(DefaultScriptRunnerFactory.java:91)
	... 50 more


BUILD FAILED

Total time: 2.386 secs

2016-08-07 13:29:18,986 INFO  c.g.v.a.s.a.ProjectTaskService - Detecting possible tasks...
2016-08-07 13:29:18,986 INFO  c.g.v.a.u.SysUtils - Execute command: [/tmp/rdisk/647/src/Osmand-master/gradlew, -b, /tmp/rdisk/647/src/Osmand-master/plugins/Osmand-Nautical/build.gradle, tasks]
