2018-04-09 20:15:20,697 INFO  DownloadService - Downloading "https://github.com/castorflex/VerticalViewPager/archive/master.zip", attempt 3
2018-04-09 20:16:21,181 INFO  GithubDownloadService - Could not find ZIP archive for master branch
2018-04-09 20:16:21,854 INFO  GithubDownloadService - Default branch of this repository: master
2018-04-09 20:16:21,855 INFO  DownloadService - Downloading "https://github.com/castorflex/VerticalViewPager/archive/master.zip", attempt 3
2018-04-09 20:17:23,084 DEBUG FullProcessService - Repository https://github.com/castorflex/VerticalViewPager available: true
2018-04-09 20:17:23,084 INFO  FullProcessService - Could not download ZIP file from Github, lets clone it
2018-04-09 20:17:23,084 INFO  SysUtils - Execute command: [git, clone, -q, --single-branch, --depth, 1, https://github.com/castorflex/VerticalViewPager, /tmp/rdisk/540/src]
2018-04-09 20:17:24,688 INFO  SysUtils - 
2018-04-09 20:17:24,698 INFO  GitService - Deleted "/tmp/rdisk/540/src/.git": true
2018-04-09 20:17:24,700 INFO  FullProcessService - Size of directory with sources: 224 KB
2018-04-09 20:17:24,700 INFO  SysUtils - Execute command: [git, init, /tmp/rdisk/540/src]
2018-04-09 20:17:24,704 INFO  SysUtils - Initialized empty Git repository in /tmp/rdisk/540/src/.git/

2018-04-09 20:17:24,706 INFO  ProjectBuildService - Gradle wrapper(s): /tmp/rdisk/540/src/gradlew
2018-04-09 20:17:24,708 INFO  ProjectBuildService - Build script(s): /tmp/rdisk/540/src/library/build.gradle /tmp/rdisk/540/src/sample/build.gradle /tmp/rdisk/540/src/build.gradle
2018-04-09 20:17:24,709 INFO  ProjectBuildService - All script(s): /tmp/rdisk/540/src/settings.gradle /tmp/rdisk/540/src/sample/build.gradle /tmp/rdisk/540/src/mvn_push.gradle /tmp/rdisk/540/src/library/build.gradle /tmp/rdisk/540/src/build.gradle
2018-04-09 20:17:24,710 INFO  ProjectBuildService - Remote scripts: none
2018-04-09 20:17:24,710 INFO  ProjectFixService - Fixing project...
2018-04-09 20:17:24,715 INFO  LocalPropertiesFixService - Created fake /tmp/rdisk/540/src/library/local.properties
2018-04-09 20:17:24,716 INFO  ProjectFixService - Build info for "/tmp/rdisk/540/src/library/build.gradle": [buildToolsVersion=19.0.0,compileSdkVersion=19,minSdkVersion=4,targetSdkVersion=19]
2018-04-09 20:17:24,716 INFO  ProjectFixService - Fixed build info for "/tmp/rdisk/540/src/library/build.gradle": [buildToolsVersion=19.1.0,compileSdkVersion=19,minSdkVersion=7,targetSdkVersion=19]
2018-04-09 20:17:24,716 INFO  LocalPropertiesFixService - Created fake /tmp/rdisk/540/src/sample/local.properties
2018-04-09 20:17:24,717 INFO  ProjectFixService - Build info for "/tmp/rdisk/540/src/sample/build.gradle": [buildToolsVersion=19.0.0,compileSdkVersion=19,minSdkVersion=14,targetSdkVersion=19]
2018-04-09 20:17:24,717 INFO  ProjectFixService - Fixed build info for "/tmp/rdisk/540/src/sample/build.gradle": [buildToolsVersion=19.1.0,compileSdkVersion=19,minSdkVersion=14,targetSdkVersion=19]
2018-04-09 20:17:24,717 INFO  LocalPropertiesFixService - Created fake /tmp/rdisk/540/src/local.properties
2018-04-09 20:17:24,717 INFO  WrapperPropertiesFixService - Gradle wrapper: http://services.gradle.org/distributions/gradle-1.9-all.zip
2018-04-09 20:17:24,717 INFO  WrapperPropertiesFixService - Gradle wrapper was changed from "-all.zip" to "-bin.zip" (http://services.gradle.org/distributions/gradle-1.9-bin.zip)
2018-04-09 20:17:24,718 INFO  ProjectFixService - Build info for "/tmp/rdisk/540/src/build.gradle": [buildToolsVersion=19.1.0,compileSdkVersion=19,minSdkVersion=14,targetSdkVersion=19]
2018-04-09 20:17:24,718 INFO  ProjectFixService - Project was maybe fixed
2018-04-09 20:17:24,718 INFO  ProjectTaskService - Detecting possible tasks...
2018-04-09 20:17:24,718 INFO  SysUtils - Execute command: [/tmp/rdisk/540/src/gradlew, -b, /tmp/rdisk/540/src/library/build.gradle, -Dorg.gradle.daemon=false, -Dorg.gradle.daemon.performance.enable-monitoring=false, -Dorg.gradle.configureondemand=true, tasks]
2018-04-09 20:17:41,431 INFO  ProjectTaskService - Detected possible tasks: 50
2018-04-09 20:17:41,431 INFO  ProjectTaskService - Excluded tasks (8): lintDebug androidJavadocs deviceCheck lint connectedCheck uninstallAll check lintRelease
2018-04-09 20:17:41,431 INFO  SysUtils - Execute command: [/tmp/rdisk/540/src/gradlew, -b, /tmp/rdisk/540/src/library/build.gradle, -Dorg.gradle.daemon=false, -Dorg.gradle.daemon.performance.enable-monitoring=false, -Dorg.gradle.configureondemand=true, --stacktrace, -x, lintDebug, -x, androidJavadocs, -x, deviceCheck, -x, lint, -x, connectedCheck, -x, uninstallAll, -x, check, -x, lintRelease, build]
2018-04-09 20:17:49,769 INFO  SysUtils - Configuration on demand is an incubating feature.
:library:androidJavadocsJar
:library:androidSourcesJar
:library:compileDebugNdk
:library:compileLint
:library:copyDebugLint UP-TO-DATE
:library:mergeDebugProguardFiles
:library:packageDebugAidl UP-TO-DATE
:library:preBuild UP-TO-DATE
:library:preDebugBuild UP-TO-DATE
:library:prepareDebugDependencies
:library:compileDebugAidl
:library:compileDebugRenderscript
:library:generateDebugBuildConfig
:library:mergeDebugAssets
:library:mergeDebugResources
:library:processDebugManifest
:library:processDebugResources
:library:generateDebugSources
:library:compileDebugJavaNote: /tmp/rdisk/540/src/library/src/main/java/fr/castorflex/android/verticalviewpager/VerticalViewPager.java uses or overrides a deprecated API.
Note: Recompile with -Xlint:deprecation for details.

:library:processDebugJavaRes UP-TO-DATE
:library:packageDebugJar
:library:packageDebugLocalJar UP-TO-DATE
:library:packageDebugRenderscript UP-TO-DATE
:library:packageDebugResources
:library:bundleDebug
:library:assembleDebug
:library:compileReleaseNdk
:library:copyReleaseLint UP-TO-DATE
:library:mergeReleaseProguardFiles
:library:packageReleaseAidl UP-TO-DATE
:library:preReleaseBuild UP-TO-DATE
:library:prepareReleaseDependencies
:library:compileReleaseAidl
:library:compileReleaseRenderscript
:library:generateReleaseBuildConfig
:library:mergeReleaseAssets
:library:mergeReleaseResources
:library:processReleaseManifest
:library:processReleaseResources
:library:generateReleaseSources
:library:compileReleaseJavaNote: /tmp/rdisk/540/src/library/src/main/java/fr/castorflex/android/verticalviewpager/VerticalViewPager.java uses or overrides a deprecated API.
Note: Recompile with -Xlint:deprecation for details.

:library:processReleaseJavaRes UP-TO-DATE
:library:packageReleaseJar
:library:packageReleaseLocalJar UP-TO-DATE
:library:packageReleaseRenderscript UP-TO-DATE
:library:packageReleaseResources
:library:bundleRelease
:library:assembleRelease
:library:signArchives SKIPPED
:library:assemble
:library:build

BUILD SUCCESSFUL

Total time: 7.912 secs

2018-04-09 20:17:49,775 INFO  ProjectTaskService - Detecting possible tasks...
2018-04-09 20:17:49,775 INFO  SysUtils - Execute command: [/tmp/rdisk/540/src/gradlew, -b, /tmp/rdisk/540/src/sample/build.gradle, -Dorg.gradle.daemon=false, -Dorg.gradle.daemon.performance.enable-monitoring=false, -Dorg.gradle.configureondemand=true, tasks]
2018-04-09 20:17:56,366 INFO  ProjectTaskService - Detected possible tasks: 49
2018-04-09 20:17:56,366 INFO  ProjectTaskService - Excluded tasks (11): lintDebug deviceCheck lint uninstallRelease installRelease connectedCheck uninstallAll check installDebug lintRelease uninstallDebug
2018-04-09 20:17:56,366 INFO  SysUtils - Execute command: [/tmp/rdisk/540/src/gradlew, -b, /tmp/rdisk/540/src/sample/build.gradle, -Dorg.gradle.daemon=false, -Dorg.gradle.daemon.performance.enable-monitoring=false, -Dorg.gradle.configureondemand=true, --stacktrace, -x, lintDebug, -x, deviceCheck, -x, lint, -x, uninstallRelease, -x, installRelease, -x, connectedCheck, -x, uninstallAll, -x, check, -x, installDebug, -x, lintRelease, -x, uninstallDebug, build]
2018-04-09 20:18:15,966 ERROR SysUtils - Could not process external command
org.apache.commons.exec.ExecuteException: Process exited with an error: 1 (Exit value: 1)
	at org.apache.commons.exec.DefaultExecutor.executeInternal(DefaultExecutor.java:404)
	at org.apache.commons.exec.DefaultExecutor.execute(DefaultExecutor.java:166)
	at com.github.vbauer.apkmaster.util.SysUtils.execute(SysUtils.java:67)
	at com.github.vbauer.apkmaster.util.SysUtils.executeSimple(SysUtils.java:43)
	at com.github.vbauer.apkmaster.service.assembly.ProjectBuildService.buildProject(ProjectBuildService.java:78)
	at com.github.vbauer.apkmaster.service.assembly.ProjectBuildService.buildProject(ProjectBuildService.java:64)
	at com.github.vbauer.apkmaster.service.assembly.ProjectBuildService.buildProject(ProjectBuildService.java:43)
	at com.github.vbauer.apkmaster.service.FullProcessService.build(FullProcessService.java:84)
	at com.github.vbauer.apkmaster.service.FullProcessService.process(FullProcessService.java:34)
	at com.github.vbauer.apkmaster.app.MainApplication.process(MainApplication.java:38)
	at com.github.vbauer.apkmaster.app.MainApplication.main(MainApplication.java:20)
	at sun.reflect.GeneratedMethodAccessor8.invoke(Unknown Source)
	at sun.reflect.DelegatingMethodAccessorImpl.invoke(DelegatingMethodAccessorImpl.java:43)
	at java.lang.reflect.Method.invoke(Method.java:498)
	at com.android.arsenal.util.ReflectionUtils.invoke(ReflectionUtils.java:42)
	at com.android.arsenal.util.ApkMasterUtils.main(ApkMasterUtils.java:30)
	at com.android.arsenal.service.processor.impl.BuildProcessorServiceImpl.buildProject(BuildProcessorServiceImpl.java:197)
	at com.android.arsenal.service.processor.impl.BuildProcessorServiceImpl.build(BuildProcessorServiceImpl.java:131)
	at com.android.arsenal.service.processor.impl.BuildProcessorServiceImpl.lambda$null$1(BuildProcessorServiceImpl.java:114)
	at java.util.concurrent.FutureTask.run(FutureTask.java:266)
	at java.util.concurrent.Executors$RunnableAdapter.call(Executors.java:511)
	at java.util.concurrent.FutureTask.run(FutureTask.java:266)
	at java.util.concurrent.ThreadPoolExecutor.runWorker(ThreadPoolExecutor.java:1149)
	at java.util.concurrent.ThreadPoolExecutor$Worker.run(ThreadPoolExecutor.java:624)
	at java.lang.Thread.run(Thread.java:748)
2018-04-09 20:18:15,966 INFO  SysUtils - Configuration on demand is an incubating feature.
:sample:compileDebugNdk
:library:compileReleaseNdk UP-TO-DATE
:library:compileLint
:library:copyReleaseLint UP-TO-DATE
:library:mergeReleaseProguardFiles UP-TO-DATE
:library:packageReleaseAidl UP-TO-DATE
:library:preBuild UP-TO-DATE
:library:preReleaseBuild UP-TO-DATE
:library:prepareReleaseDependencies
:library:compileReleaseAidl UP-TO-DATE
:library:compileReleaseRenderscript UP-TO-DATE
:library:generateReleaseBuildConfig UP-TO-DATE
:library:mergeReleaseAssets UP-TO-DATE
:library:mergeReleaseResources UP-TO-DATE
:library:processReleaseManifest UP-TO-DATE
:library:processReleaseResources UP-TO-DATE
:library:generateReleaseSources UP-TO-DATE
:library:compileReleaseJava UP-TO-DATE
:library:processReleaseJavaRes UP-TO-DATE
:library:packageReleaseJar UP-TO-DATE
:library:packageReleaseLocalJar UP-TO-DATE
:library:packageReleaseRenderscript UP-TO-DATE
:library:packageReleaseResources UP-TO-DATE
:library:bundleRelease UP-TO-DATE
:sample:preBuild UP-TO-DATE
:sample:preDebugBuild UP-TO-DATE
:sample:preReleaseBuild UP-TO-DATE
:sample:prepareComGithubCastorflexVerticalviewpagerLibrary1901Library
:sample:prepareDebugDependencies
:sample:compileDebugAidl
:sample:compileDebugRenderscript
:sample:generateDebugBuildConfig
:sample:mergeDebugAssets
:sample:mergeDebugResources
:sample:processDebugManifest
:sample:processDebugResources
:sample:generateDebugSources
:sample:compileDebugJava
:sample:preDexDebug
:sample:dexDebug
:sample:processDebugJavaRes UP-TO-DATE
:sample:validateDebugSigning
:sample:packageDebug
:sample:assembleDebug
:sample:compileReleaseNdk
:sample:prepareReleaseDependencies
:sample:compileReleaseAidl
:sample:compileReleaseRenderscript
:sample:generateReleaseBuildConfig
:sample:mergeReleaseAssets
:sample:mergeReleaseResources
:sample:processReleaseManifest
:sample:processReleaseResources
:sample:generateReleaseSources
:sample:compileReleaseJava
:sample:preDexRelease
:sample:dexRelease
:sample:processReleaseJavaRes UP-TO-DATE
:sample:packageRelease
:sample:zipalignRelease FAILED

FAILURE: Build failed with an exception.

* What went wrong:
A problem was found with the configuration of task ':sample:zipalignRelease'.
> File '/root/Applications/android-sdk/tools/zipalign' specified for property 'zipAlignExe' does not exist.

* Try:
Run with --info or --debug option to get more log output.

* Exception is:
org.gradle.api.tasks.TaskValidationException: A problem was found with the configuration of task ':sample:zipalignRelease'.
	at org.gradle.api.internal.tasks.execution.ValidatingTaskExecuter.execute(ValidatingTaskExecuter.java:55)
	at org.gradle.api.internal.tasks.execution.SkipEmptySourceFilesTaskExecuter.execute(SkipEmptySourceFilesTaskExecuter.java:42)
	at org.gradle.api.internal.tasks.execution.SkipTaskWithNoActionsExecuter.execute(SkipTaskWithNoActionsExecuter.java:52)
	at org.gradle.api.internal.tasks.execution.SkipOnlyIfTaskExecuter.execute(SkipOnlyIfTaskExecuter.java:53)
	at org.gradle.api.internal.tasks.execution.ExecuteAtMostOnceTaskExecuter.execute(ExecuteAtMostOnceTaskExecuter.java:43)
	at org.gradle.api.internal.AbstractTask.executeWithoutThrowingTaskFailure(AbstractTask.java:286)
	at org.gradle.execution.taskgraph.AbstractTaskPlanExecutor$TaskExecutorWorker.executeTask(AbstractTaskPlanExecutor.java:79)
	at org.gradle.execution.taskgraph.AbstractTaskPlanExecutor$TaskExecutorWorker.processTask(AbstractTaskPlanExecutor.java:63)
	at org.gradle.execution.taskgraph.AbstractTaskPlanExecutor$TaskExecutorWorker.run(AbstractTaskPlanExecutor.java:51)
	at org.gradle.execution.taskgraph.DefaultTaskPlanExecutor$1.run(DefaultTaskPlanExecutor.java:33)
	at org.gradle.internal.Factories$1.create(Factories.java:22)
	at org.gradle.cache.internal.DefaultCacheAccess.longRunningOperation(DefaultCacheAccess.java:198)
	at org.gradle.cache.internal.DefaultCacheAccess.longRunningOperation(DefaultCacheAccess.java:266)
	at org.gradle.cache.internal.DefaultPersistentDirectoryStore.longRunningOperation(DefaultPersistentDirectoryStore.java:135)
	at org.gradle.api.internal.changedetection.state.DefaultTaskArtifactStateCacheAccess.longRunningOperation(DefaultTaskArtifactStateCacheAccess.java:93)
	at org.gradle.execution.taskgraph.DefaultTaskPlanExecutor.process(DefaultTaskPlanExecutor.java:31)
	at org.gradle.execution.taskgraph.DefaultTaskGraphExecuter.execute(DefaultTaskGraphExecuter.java:86)
	at org.gradle.execution.SelectedTaskExecutionAction.execute(SelectedTaskExecutionAction.java:29)
	at org.gradle.execution.DefaultBuildExecuter.execute(DefaultBuildExecuter.java:61)
	at org.gradle.execution.DefaultBuildExecuter.access$200(DefaultBuildExecuter.java:23)
	at org.gradle.execution.DefaultBuildExecuter$2.proceed(DefaultBuildExecuter.java:67)
	at org.gradle.execution.DryRunBuildExecutionAction.execute(DryRunBuildExecutionAction.java:32)
	at org.gradle.execution.DefaultBuildExecuter.execute(DefaultBuildExecuter.java:61)
	at org.gradle.execution.DefaultBuildExecuter.execute(DefaultBuildExecuter.java:54)
	at org.gradle.initialization.DefaultGradleLauncher.doBuildStages(DefaultGradleLauncher.java:166)
	at org.gradle.initialization.DefaultGradleLauncher.doBuild(DefaultGradleLauncher.java:113)
	at org.gradle.initialization.DefaultGradleLauncher.run(DefaultGradleLauncher.java:81)
	at org.gradle.launcher.exec.InProcessBuildActionExecuter$DefaultBuildController.run(InProcessBuildActionExecuter.java:64)
	at org.gradle.launcher.cli.ExecuteBuildAction.run(ExecuteBuildAction.java:33)
	at org.gradle.launcher.cli.ExecuteBuildAction.run(ExecuteBuildAction.java:24)
	at org.gradle.launcher.exec.InProcessBuildActionExecuter.execute(InProcessBuildActionExecuter.java:35)
	at org.gradle.launcher.exec.InProcessBuildActionExecuter.execute(InProcessBuildActionExecuter.java:26)
	at org.gradle.launcher.cli.RunBuildAction.run(RunBuildAction.java:50)
	at org.gradle.api.internal.Actions$RunnableActionAdapter.execute(Actions.java:171)
	at org.gradle.launcher.cli.CommandLineActionFactory$ParseAndBuildAction.execute(CommandLineActionFactory.java:201)
	at org.gradle.launcher.cli.CommandLineActionFactory$ParseAndBuildAction.execute(CommandLineActionFactory.java:174)
	at org.gradle.launcher.cli.CommandLineActionFactory$WithLogging.execute(CommandLineActionFactory.java:170)
	at org.gradle.launcher.cli.CommandLineActionFactory$WithLogging.execute(CommandLineActionFactory.java:139)
	at org.gradle.launcher.cli.ExceptionReportingAction.execute(ExceptionReportingAction.java:33)
	at org.gradle.launcher.cli.ExceptionReportingAction.execute(ExceptionReportingAction.java:22)
	at org.gradle.launcher.Main.doAction(Main.java:46)
	at org.gradle.launcher.bootstrap.EntryPoint.run(EntryPoint.java:45)
	at org.gradle.launcher.Main.main(Main.java:37)
	at org.gradle.launcher.bootstrap.ProcessBootstrap.runNoExit(ProcessBootstrap.java:50)
	at org.gradle.launcher.bootstrap.ProcessBootstrap.run(ProcessBootstrap.java:32)
	at org.gradle.launcher.GradleMain.main(GradleMain.java:23)
	at org.gradle.wrapper.BootstrapMainStarter.start(BootstrapMainStarter.java:33)
	at org.gradle.wrapper.WrapperExecutor.execute(WrapperExecutor.java:130)
	at org.gradle.wrapper.GradleWrapperMain.main(GradleWrapperMain.java:48)
Caused by: org.gradle.api.InvalidUserDataException: File '/root/Applications/android-sdk/tools/zipalign' specified for property 'zipAlignExe' does not exist.
	at org.gradle.api.internal.tasks.execution.ValidatingTaskExecuter.execute(ValidatingTaskExecuter.java:47)
	... 48 more


BUILD FAILED

Total time: 19.192 secs

2018-04-09 20:18:15,976 INFO  FullProcessService - Found APK file: /tmp/rdisk/540/src/sample/build/apk/sample-release-unaligned.apk
