2018-04-09 20:25:02,685 INFO  DownloadService - Downloading "https://github.com/kmshack/Android-ParallaxHeaderViewPager/archive/master.zip", attempt 3
2018-04-09 20:26:03,154 INFO  GithubDownloadService - Could not find ZIP archive for master branch
2018-04-09 20:26:04,100 INFO  GithubDownloadService - Default branch of this repository: master
2018-04-09 20:26:04,100 INFO  DownloadService - Downloading "https://github.com/kmshack/Android-ParallaxHeaderViewPager/archive/master.zip", attempt 3
2018-04-09 20:27:05,367 DEBUG FullProcessService - Repository https://github.com/kmshack/Android-ParallaxHeaderViewPager available: true
2018-04-09 20:27:05,367 INFO  FullProcessService - Could not download ZIP file from Github, lets clone it
2018-04-09 20:27:05,367 INFO  SysUtils - Execute command: [git, clone, -q, --single-branch, --depth, 1, https://github.com/kmshack/Android-ParallaxHeaderViewPager, /tmp/rdisk/536/src]
2018-04-09 20:27:10,243 INFO  SysUtils - 
2018-04-09 20:27:10,253 INFO  GitService - Deleted "/tmp/rdisk/536/src/.git": true
2018-04-09 20:27:10,254 INFO  FullProcessService - Size of directory with sources: 6 MB
2018-04-09 20:27:10,254 INFO  SysUtils - Execute command: [git, init, /tmp/rdisk/536/src]
2018-04-09 20:27:10,259 INFO  SysUtils - Initialized empty Git repository in /tmp/rdisk/536/src/.git/

2018-04-09 20:27:10,260 INFO  ProjectBuildService - Gradle wrapper(s): /tmp/rdisk/536/src/gradlew
2018-04-09 20:27:10,262 INFO  ProjectBuildService - Build script(s): /tmp/rdisk/536/src/build.gradle
2018-04-09 20:27:10,263 INFO  ProjectBuildService - All script(s): /tmp/rdisk/536/src/build.gradle
2018-04-09 20:27:10,263 INFO  ProjectBuildService - Remote scripts: none
2018-04-09 20:27:10,263 INFO  ProjectFixService - Fixing project...
2018-04-09 20:27:10,266 INFO  LocalPropertiesFixService - Created fake /tmp/rdisk/536/src/local.properties
2018-04-09 20:27:10,267 INFO  WrapperPropertiesFixService - Gradle wrapper: http://services.gradle.org/distributions/gradle-1.10-all.zip
2018-04-09 20:27:10,267 INFO  WrapperPropertiesFixService - Gradle wrapper was changed from "-all.zip" to "-bin.zip" (http://services.gradle.org/distributions/gradle-1.10-bin.zip)
2018-04-09 20:27:10,267 INFO  ProjectFixService - Build info for "/tmp/rdisk/536/src/build.gradle": [buildToolsVersion=22.0.1,compileSdkVersion=22,minSdkVersion=<null>,targetSdkVersion=<null>]
2018-04-09 20:27:10,267 INFO  ProjectFixService - Fixed build info for "/tmp/rdisk/536/src/build.gradle": [buildToolsVersion=22.0.1,compileSdkVersion=22,minSdkVersion=27,targetSdkVersion=27]
2018-04-09 20:27:10,268 INFO  ProjectFixService - Project was maybe fixed
2018-04-09 20:27:10,268 INFO  ProjectTaskService - Detecting possible tasks...
2018-04-09 20:27:10,268 INFO  SysUtils - Execute command: [/tmp/rdisk/536/src/gradlew, -b, /tmp/rdisk/536/src/build.gradle, -Dorg.gradle.daemon=false, -Dorg.gradle.daemon.performance.enable-monitoring=false, -Dorg.gradle.configureondemand=true, tasks]
2018-04-09 20:27:19,233 ERROR ProjectTaskService - Could not detect possible Gradle tasks: Process exited with an error: 1 (Exit value: 1)
2018-04-09 20:27:19,233 INFO  ProjectTaskService - Detected possible tasks: 0
2018-04-09 20:27:19,233 INFO  ProjectTaskService - Excluded tasks (0): none
2018-04-09 20:27:19,233 INFO  SysUtils - Execute command: [/tmp/rdisk/536/src/gradlew, -b, /tmp/rdisk/536/src/build.gradle, -Dorg.gradle.daemon=false, -Dorg.gradle.daemon.performance.enable-monitoring=false, -Dorg.gradle.configureondemand=true, --stacktrace, build]
2018-04-09 20:27:22,467 ERROR SysUtils - Could not process external command
org.apache.commons.exec.ExecuteException: Process exited with an error: 1 (Exit value: 1)
	at org.apache.commons.exec.DefaultExecutor.executeInternal(DefaultExecutor.java:404)
	at org.apache.commons.exec.DefaultExecutor.execute(DefaultExecutor.java:166)
	at com.github.vbauer.apkmaster.util.SysUtils.execute(SysUtils.java:67)
	at com.github.vbauer.apkmaster.util.SysUtils.executeSimple(SysUtils.java:43)
	at com.github.vbauer.apkmaster.service.assembly.ProjectBuildService.buildProject(ProjectBuildService.java:78)
	at com.github.vbauer.apkmaster.service.assembly.ProjectBuildService.buildProject(ProjectBuildService.java:64)
	at com.github.vbauer.apkmaster.service.assembly.ProjectBuildService.buildProject(ProjectBuildService.java:43)
	at com.github.vbauer.apkmaster.service.FullProcessService.build(FullProcessService.java:84)
	at com.github.vbauer.apkmaster.service.FullProcessService.process(FullProcessService.java:34)
	at com.github.vbauer.apkmaster.app.MainApplication.process(MainApplication.java:38)
	at com.github.vbauer.apkmaster.app.MainApplication.main(MainApplication.java:20)
	at sun.reflect.GeneratedMethodAccessor8.invoke(Unknown Source)
	at sun.reflect.DelegatingMethodAccessorImpl.invoke(DelegatingMethodAccessorImpl.java:43)
	at java.lang.reflect.Method.invoke(Method.java:498)
	at com.android.arsenal.util.ReflectionUtils.invoke(ReflectionUtils.java:42)
	at com.android.arsenal.util.ApkMasterUtils.main(ApkMasterUtils.java:30)
	at com.android.arsenal.service.processor.impl.BuildProcessorServiceImpl.buildProject(BuildProcessorServiceImpl.java:197)
	at com.android.arsenal.service.processor.impl.BuildProcessorServiceImpl.build(BuildProcessorServiceImpl.java:131)
	at com.android.arsenal.service.processor.impl.BuildProcessorServiceImpl.lambda$null$1(BuildProcessorServiceImpl.java:114)
	at java.util.concurrent.FutureTask.run(FutureTask.java:266)
	at java.util.concurrent.Executors$RunnableAdapter.call(Executors.java:511)
	at java.util.concurrent.FutureTask.run(FutureTask.java:266)
	at java.util.concurrent.ThreadPoolExecutor.runWorker(ThreadPoolExecutor.java:1149)
	at java.util.concurrent.ThreadPoolExecutor$Worker.run(ThreadPoolExecutor.java:624)
	at java.lang.Thread.run(Thread.java:748)
2018-04-09 20:27:22,467 INFO  SysUtils - Configuration on demand is an incubating feature.

FAILURE: Build failed with an exception.

* Where:
Build file '/tmp/rdisk/536/src/build.gradle' line: 9

* What went wrong:
A problem occurred evaluating root project 'src'.
> Could not create plugin of type 'AppPlugin'.

* Try:
Run with --info or --debug option to get more log output.

* Exception is:
org.gradle.api.GradleScriptException: A problem occurred evaluating root project 'src'.
	at org.gradle.groovy.scripts.internal.DefaultScriptRunnerFactory$ScriptRunnerImpl.run(DefaultScriptRunnerFactory.java:54)
	at org.gradle.configuration.DefaultScriptPluginFactory$ScriptPluginImpl.apply(DefaultScriptPluginFactory.java:156)
	at org.gradle.configuration.project.BuildScriptProcessor.execute(BuildScriptProcessor.java:38)
	at org.gradle.configuration.project.BuildScriptProcessor.execute(BuildScriptProcessor.java:25)
	at org.gradle.configuration.project.ConfigureActionsProjectEvaluator.evaluate(ConfigureActionsProjectEvaluator.java:34)
	at org.gradle.configuration.project.LifecycleProjectEvaluator.evaluate(LifecycleProjectEvaluator.java:55)
	at org.gradle.api.internal.project.AbstractProject.evaluate(AbstractProject.java:507)
	at org.gradle.api.internal.project.AbstractProject.evaluate(AbstractProject.java:82)
	at org.gradle.configuration.DefaultBuildConfigurer.configure(DefaultBuildConfigurer.java:28)
	at org.gradle.initialization.DefaultGradleLauncher.doBuildStages(DefaultGradleLauncher.java:142)
	at org.gradle.initialization.DefaultGradleLauncher.doBuild(DefaultGradleLauncher.java:113)
	at org.gradle.initialization.DefaultGradleLauncher.run(DefaultGradleLauncher.java:81)
	at org.gradle.launcher.exec.InProcessBuildActionExecuter$DefaultBuildController.run(InProcessBuildActionExecuter.java:64)
	at org.gradle.launcher.cli.ExecuteBuildAction.run(ExecuteBuildAction.java:33)
	at org.gradle.launcher.cli.ExecuteBuildAction.run(ExecuteBuildAction.java:24)
	at org.gradle.launcher.exec.InProcessBuildActionExecuter.execute(InProcessBuildActionExecuter.java:35)
	at org.gradle.launcher.exec.InProcessBuildActionExecuter.execute(InProcessBuildActionExecuter.java:26)
	at org.gradle.launcher.cli.RunBuildAction.run(RunBuildAction.java:50)
	at org.gradle.internal.Actions$RunnableActionAdapter.execute(Actions.java:171)
	at org.gradle.launcher.cli.CommandLineActionFactory$ParseAndBuildAction.execute(CommandLineActionFactory.java:201)
	at org.gradle.launcher.cli.CommandLineActionFactory$ParseAndBuildAction.execute(CommandLineActionFactory.java:174)
	at org.gradle.launcher.cli.CommandLineActionFactory$WithLogging.execute(CommandLineActionFactory.java:170)
	at org.gradle.launcher.cli.CommandLineActionFactory$WithLogging.execute(CommandLineActionFactory.java:139)
	at org.gradle.launcher.cli.ExceptionReportingAction.execute(ExceptionReportingAction.java:33)
	at org.gradle.launcher.cli.ExceptionReportingAction.execute(ExceptionReportingAction.java:22)
	at org.gradle.launcher.Main.doAction(Main.java:46)
	at org.gradle.launcher.bootstrap.EntryPoint.run(EntryPoint.java:45)
	at org.gradle.launcher.Main.main(Main.java:37)
	at org.gradle.launcher.bootstrap.ProcessBootstrap.runNoExit(ProcessBootstrap.java:50)
	at org.gradle.launcher.bootstrap.ProcessBootstrap.run(ProcessBootstrap.java:32)
	at org.gradle.launcher.GradleMain.main(GradleMain.java:23)
	at org.gradle.wrapper.BootstrapMainStarter.start(BootstrapMainStarter.java:33)
	at org.gradle.wrapper.WrapperExecutor.execute(WrapperExecutor.java:130)
	at org.gradle.wrapper.GradleWrapperMain.main(GradleWrapperMain.java:48)
Caused by: org.gradle.api.plugins.PluginInstantiationException: Could not create plugin of type 'AppPlugin'.
	at org.gradle.api.internal.plugins.DefaultPluginRegistry.loadPlugin(DefaultPluginRegistry.java:69)
	at org.gradle.api.internal.plugins.DefaultPluginContainer.providePlugin(DefaultPluginContainer.java:103)
	at org.gradle.api.internal.plugins.DefaultPluginContainer.addPluginInternal(DefaultPluginContainer.java:68)
	at org.gradle.api.internal.plugins.DefaultPluginContainer.apply(DefaultPluginContainer.java:34)
	at org.gradle.api.internal.plugins.DefaultObjectConfigurationAction.applyPlugin(DefaultObjectConfigurationAction.java:101)
	at org.gradle.api.internal.plugins.DefaultObjectConfigurationAction.access$200(DefaultObjectConfigurationAction.java:32)
	at org.gradle.api.internal.plugins.DefaultObjectConfigurationAction$3.run(DefaultObjectConfigurationAction.java:72)
	at org.gradle.api.internal.plugins.DefaultObjectConfigurationAction.execute(DefaultObjectConfigurationAction.java:114)
	at org.gradle.api.internal.project.AbstractPluginAware.apply(AbstractPluginAware.java:39)
	at org.gradle.api.Project$apply.call(Unknown Source)
	at org.gradle.api.internal.project.ProjectScript.apply(ProjectScript.groovy:34)
	at org.gradle.api.Script$apply.callCurrent(Unknown Source)
	at build_45onv1sslogr8bgrefo8m5npgq.run(/tmp/rdisk/536/src/build.gradle:9)
	at org.gradle.groovy.scripts.internal.DefaultScriptRunnerFactory$ScriptRunnerImpl.run(DefaultScriptRunnerFactory.java:52)
	... 33 more
Caused by: java.lang.NoClassDefFoundError: org/codehaus/groovy/runtime/typehandling/ShortTypeHandling
	at com.android.build.gradle.BasePlugin.getLocalVersion(BasePlugin.groovy:491)
	at com.android.build.gradle.BasePlugin.<init>(BasePlugin.groovy:129)
	at com.android.build.gradle.AppPlugin.<init>(AppPlugin.groovy:40)
	at org.gradle.api.internal.DependencyInjectingInstantiator.newInstance(DependencyInjectingInstantiator.java:62)
	at org.gradle.api.internal.plugins.DefaultPluginRegistry.loadPlugin(DefaultPluginRegistry.java:67)
	... 46 more
Caused by: java.lang.ClassNotFoundException: org.codehaus.groovy.runtime.typehandling.ShortTypeHandling
	... 51 more


BUILD FAILED

Total time: 2.791 secs

2018-04-09 20:27:22,469 ERROR FullProcessService - Project build has not produced APK file
2018-04-09 20:27:22,470 ERROR FullProcessService - Could not find generated or existed APK file
