2018-04-09 20:27:22,482 INFO  DownloadService - Downloading "https://github.com/astuetz/PagerSlidingTabStrip/archive/master.zip", attempt 3
2018-04-09 20:28:22,954 INFO  GithubDownloadService - Could not find ZIP archive for master branch
2018-04-09 20:28:23,645 INFO  GithubDownloadService - Default branch of this repository: master
2018-04-09 20:28:23,646 INFO  DownloadService - Downloading "https://github.com/astuetz/PagerSlidingTabStrip/archive/master.zip", attempt 3
2018-04-09 20:29:24,905 DEBUG FullProcessService - Repository https://github.com/astuetz/PagerSlidingTabStrip available: true
2018-04-09 20:29:24,905 INFO  FullProcessService - Could not download ZIP file from Github, lets clone it
2018-04-09 20:29:24,905 INFO  SysUtils - Execute command: [git, clone, -q, --single-branch, --depth, 1, https://github.com/astuetz/PagerSlidingTabStrip, /tmp/rdisk/535/src]
2018-04-09 20:29:27,371 INFO  SysUtils - 
2018-04-09 20:29:27,387 INFO  GitService - Deleted "/tmp/rdisk/535/src/.git": true
2018-04-09 20:29:27,389 INFO  FullProcessService - Size of directory with sources: 3 MB
2018-04-09 20:29:27,389 INFO  SysUtils - Execute command: [git, init, /tmp/rdisk/535/src]
2018-04-09 20:29:27,394 INFO  SysUtils - Initialized empty Git repository in /tmp/rdisk/535/src/.git/

2018-04-09 20:29:27,396 INFO  ProjectBuildService - Gradle wrapper(s): /tmp/rdisk/535/src/gradlew
2018-04-09 20:29:27,399 INFO  ProjectBuildService - Build script(s): /tmp/rdisk/535/src/library/build.gradle /tmp/rdisk/535/src/sample/build.gradle /tmp/rdisk/535/src/build.gradle
2018-04-09 20:29:27,401 INFO  ProjectBuildService - All script(s): /tmp/rdisk/535/src/settings.gradle /tmp/rdisk/535/src/sample/build.gradle /tmp/rdisk/535/src/library/build.gradle /tmp/rdisk/535/src/build.gradle
2018-04-09 20:29:27,401 INFO  DownloadService - Downloading "https://raw.github.com/chrisbanes/gradle-mvn-push/master/gradle-mvn-push.gradle", attempt 3
2018-04-09 20:29:28,107 INFO  DownloadService - Downloaded https://raw.github.com/chrisbanes/gradle-mvn-push/master/gradle-mvn-push.gradle, attempt 3
2018-04-09 20:29:28,107 INFO  ProjectBuildService - Remote scripts: https://raw.github.com/chrisbanes/gradle-mvn-push/master/gradle-mvn-push.gradle
2018-04-09 20:29:28,107 INFO  ProjectFixService - Fixing project...
2018-04-09 20:29:28,125 INFO  LocalPropertiesFixService - Created fake /tmp/rdisk/535/src/library/local.properties
2018-04-09 20:29:28,126 INFO  ProjectFixService - Build info for "/tmp/rdisk/535/src/library/build.gradle": [buildToolsVersion=<null>,compileSdkVersion=<null>,minSdkVersion=8,targetSdkVersion=<null>]
2018-04-09 20:29:28,126 INFO  ProjectFixService - Fixed build info for "/tmp/rdisk/535/src/library/build.gradle": [buildToolsVersion=28.0.0-rc1,compileSdkVersion=27,minSdkVersion=8,targetSdkVersion=27]
2018-04-09 20:29:28,127 INFO  LocalPropertiesFixService - Created fake /tmp/rdisk/535/src/sample/local.properties
2018-04-09 20:29:28,128 INFO  ProjectFixService - Build info for "/tmp/rdisk/535/src/sample/build.gradle": [buildToolsVersion=<null>,compileSdkVersion=<null>,minSdkVersion=8,targetSdkVersion=<null>]
2018-04-09 20:29:28,128 INFO  ProjectFixService - Fixed build info for "/tmp/rdisk/535/src/sample/build.gradle": [buildToolsVersion=28.0.0-rc1,compileSdkVersion=27,minSdkVersion=8,targetSdkVersion=27]
2018-04-09 20:29:28,129 INFO  LocalPropertiesFixService - Created fake /tmp/rdisk/535/src/local.properties
2018-04-09 20:29:28,137 INFO  WrapperPropertiesFixService - Gradle wrapper: http://services.gradle.org/distributions/gradle-1.8-all.zip
2018-04-09 20:29:28,137 INFO  WrapperPropertiesFixService - Gradle wrapper was changed from "-all.zip" to "-bin.zip" (http://services.gradle.org/distributions/gradle-1.8-bin.zip)
2018-04-09 20:29:28,138 INFO  ProjectFixService - Build info for "/tmp/rdisk/535/src/build.gradle": [buildToolsVersion=<null>,compileSdkVersion=<null>,minSdkVersion=8,targetSdkVersion=<null>]
2018-04-09 20:29:28,138 INFO  ProjectFixService - Fixed build info for "/tmp/rdisk/535/src/build.gradle": [buildToolsVersion=28.0.0-rc1,compileSdkVersion=27,minSdkVersion=8,targetSdkVersion=27]
2018-04-09 20:29:28,138 INFO  ProjectFixService - Project was maybe fixed
2018-04-09 20:29:28,139 INFO  ProjectTaskService - Detecting possible tasks...
2018-04-09 20:29:28,139 INFO  SysUtils - Execute command: [/tmp/rdisk/535/src/gradlew, -b, /tmp/rdisk/535/src/library/build.gradle, -Dorg.gradle.daemon=false, -Dorg.gradle.daemon.performance.enable-monitoring=false, -Dorg.gradle.configureondemand=true, tasks]
2018-04-09 20:29:43,725 ERROR ProjectTaskService - Could not detect possible Gradle tasks: Process exited with an error: 1 (Exit value: 1)
2018-04-09 20:29:43,725 INFO  ProjectTaskService - Detected possible tasks: 4
2018-04-09 20:29:43,726 INFO  ProjectTaskService - Excluded tasks (3): androidJavadocsJar androidJavadocs androidSourcesJar
2018-04-09 20:29:43,726 INFO  SysUtils - Execute command: [/tmp/rdisk/535/src/gradlew, -b, /tmp/rdisk/535/src/library/build.gradle, -Dorg.gradle.daemon=false, -Dorg.gradle.daemon.performance.enable-monitoring=false, -Dorg.gradle.configureondemand=true, --stacktrace, -x, androidJavadocsJar, -x, androidJavadocs, -x, androidSourcesJar, build]
2018-04-09 20:29:50,026 ERROR SysUtils - Could not process external command
org.apache.commons.exec.ExecuteException: Process exited with an error: 1 (Exit value: 1)
	at org.apache.commons.exec.DefaultExecutor.executeInternal(DefaultExecutor.java:404)
	at org.apache.commons.exec.DefaultExecutor.execute(DefaultExecutor.java:166)
	at com.github.vbauer.apkmaster.util.SysUtils.execute(SysUtils.java:67)
	at com.github.vbauer.apkmaster.util.SysUtils.executeSimple(SysUtils.java:43)
	at com.github.vbauer.apkmaster.service.assembly.ProjectBuildService.buildProject(ProjectBuildService.java:78)
	at com.github.vbauer.apkmaster.service.assembly.ProjectBuildService.buildProject(ProjectBuildService.java:64)
	at com.github.vbauer.apkmaster.service.assembly.ProjectBuildService.buildProject(ProjectBuildService.java:43)
	at com.github.vbauer.apkmaster.service.FullProcessService.build(FullProcessService.java:84)
	at com.github.vbauer.apkmaster.service.FullProcessService.process(FullProcessService.java:34)
	at com.github.vbauer.apkmaster.app.MainApplication.process(MainApplication.java:38)
	at com.github.vbauer.apkmaster.app.MainApplication.main(MainApplication.java:20)
	at sun.reflect.GeneratedMethodAccessor8.invoke(Unknown Source)
	at sun.reflect.DelegatingMethodAccessorImpl.invoke(DelegatingMethodAccessorImpl.java:43)
	at java.lang.reflect.Method.invoke(Method.java:498)
	at com.android.arsenal.util.ReflectionUtils.invoke(ReflectionUtils.java:42)
	at com.android.arsenal.util.ApkMasterUtils.main(ApkMasterUtils.java:30)
	at com.android.arsenal.service.processor.impl.BuildProcessorServiceImpl.buildProject(BuildProcessorServiceImpl.java:197)
	at com.android.arsenal.service.processor.impl.BuildProcessorServiceImpl.build(BuildProcessorServiceImpl.java:131)
	at com.android.arsenal.service.processor.impl.BuildProcessorServiceImpl.lambda$null$1(BuildProcessorServiceImpl.java:114)
	at java.util.concurrent.FutureTask.run(FutureTask.java:266)
	at java.util.concurrent.Executors$RunnableAdapter.call(Executors.java:511)
	at java.util.concurrent.FutureTask.run(FutureTask.java:266)
	at java.util.concurrent.ThreadPoolExecutor.runWorker(ThreadPoolExecutor.java:1149)
	at java.util.concurrent.ThreadPoolExecutor$Worker.run(ThreadPoolExecutor.java:624)
	at java.lang.Thread.run(Thread.java:748)
2018-04-09 20:29:50,026 INFO  SysUtils - Configuration on demand is an incubating feature.

FAILURE: Build failed with an exception.

* Where:
Script 'https://raw.github.com/chrisbanes/gradle-mvn-push/master/gradle-mvn-push.gradle' line: 97

* What went wrong:
A problem occurred configuring project ':library'.
> Failed to notify project evaluation listener.
   > org.gradle.api.internal.MissingMethodException: Could not find method getBootClasspath() for arguments [] on com.android.build.gradle.LibraryExtension_Decorated@312b34e3.

* Try:
Run with --info or --debug option to get more log output.

* Exception is:
org.gradle.api.ProjectConfigurationException: A problem occurred configuring project ':library'.
	at org.gradle.configuration.project.LifecycleProjectEvaluator.addConfigurationFailure(LifecycleProjectEvaluator.java:79)
	at org.gradle.configuration.project.LifecycleProjectEvaluator.notifyAfterEvaluate(LifecycleProjectEvaluator.java:74)
	at org.gradle.configuration.project.LifecycleProjectEvaluator.evaluate(LifecycleProjectEvaluator.java:61)
	at org.gradle.api.internal.project.AbstractProject.evaluate(AbstractProject.java:468)
	at org.gradle.api.internal.project.AbstractProject.evaluate(AbstractProject.java:76)
	at org.gradle.execution.TaskPathProjectEvaluator.evaluateByPath(TaskPathProjectEvaluator.java:41)
	at org.gradle.execution.ProjectEvaluatingAction.configure(ProjectEvaluatingAction.java:50)
	at org.gradle.execution.DefaultBuildExecuter.configure(DefaultBuildExecuter.java:42)
	at org.gradle.execution.DefaultBuildExecuter.select(DefaultBuildExecuter.java:35)
	at org.gradle.initialization.DefaultGradleLauncher.doBuildStages(DefaultGradleLauncher.java:155)
	at org.gradle.initialization.DefaultGradleLauncher.doBuild(DefaultGradleLauncher.java:113)
	at org.gradle.initialization.DefaultGradleLauncher.run(DefaultGradleLauncher.java:81)
	at org.gradle.launcher.exec.InProcessBuildActionExecuter$DefaultBuildController.run(InProcessBuildActionExecuter.java:64)
	at org.gradle.launcher.cli.ExecuteBuildAction.run(ExecuteBuildAction.java:33)
	at org.gradle.launcher.cli.ExecuteBuildAction.run(ExecuteBuildAction.java:24)
	at org.gradle.launcher.exec.InProcessBuildActionExecuter.execute(InProcessBuildActionExecuter.java:35)
	at org.gradle.launcher.exec.InProcessBuildActionExecuter.execute(InProcessBuildActionExecuter.java:26)
	at org.gradle.launcher.cli.RunBuildAction.run(RunBuildAction.java:50)
	at org.gradle.api.internal.Actions$RunnableActionAdapter.execute(Actions.java:171)
	at org.gradle.launcher.cli.CommandLineActionFactory$ParseAndBuildAction.execute(CommandLineActionFactory.java:201)
	at org.gradle.launcher.cli.CommandLineActionFactory$ParseAndBuildAction.execute(CommandLineActionFactory.java:174)
	at org.gradle.launcher.cli.CommandLineActionFactory$WithLogging.execute(CommandLineActionFactory.java:170)
	at org.gradle.launcher.cli.CommandLineActionFactory$WithLogging.execute(CommandLineActionFactory.java:139)
	at org.gradle.launcher.cli.ExceptionReportingAction.execute(ExceptionReportingAction.java:33)
	at org.gradle.launcher.cli.ExceptionReportingAction.execute(ExceptionReportingAction.java:22)
	at org.gradle.launcher.Main.doAction(Main.java:46)
	at org.gradle.launcher.bootstrap.EntryPoint.run(EntryPoint.java:45)
	at org.gradle.launcher.Main.main(Main.java:37)
	at org.gradle.launcher.bootstrap.ProcessBootstrap.runNoExit(ProcessBootstrap.java:50)
	at org.gradle.launcher.bootstrap.ProcessBootstrap.run(ProcessBootstrap.java:32)
	at org.gradle.launcher.GradleMain.main(GradleMain.java:23)
	at org.gradle.wrapper.BootstrapMainStarter.start(BootstrapMainStarter.java:33)
	at org.gradle.wrapper.WrapperExecutor.execute(WrapperExecutor.java:130)
	at org.gradle.wrapper.GradleWrapperMain.main(GradleWrapperMain.java:61)
Caused by: org.gradle.listener.ListenerNotificationException: Failed to notify project evaluation listener.
	at org.gradle.listener.BroadcastDispatch.dispatch(BroadcastDispatch.java:90)
	at org.gradle.listener.BroadcastDispatch.dispatch(BroadcastDispatch.java:30)
	at org.gradle.messaging.dispatch.ProxyDispatchAdapter$DispatchingInvocationHandler.invoke(ProxyDispatchAdapter.java:93)
	at com.sun.proxy.$Proxy15.afterEvaluate(Unknown Source)
	at org.gradle.configuration.project.LifecycleProjectEvaluator.notifyAfterEvaluate(LifecycleProjectEvaluator.java:67)
	... 32 more
Caused by: org.codehaus.groovy.runtime.InvokerInvocationException: org.gradle.api.internal.MissingMethodException: Could not find method getBootClasspath() for arguments [] on com.android.build.gradle.LibraryExtension_Decorated@312b34e3.
	at org.gradle.listener.ClosureBackedMethodInvocationDispatch.dispatch(ClosureBackedMethodInvocationDispatch.java:40)
	at org.gradle.listener.ClosureBackedMethodInvocationDispatch.dispatch(ClosureBackedMethodInvocationDispatch.java:25)
	at org.gradle.listener.BroadcastDispatch.dispatch(BroadcastDispatch.java:81)
	... 36 more
Caused by: org.gradle.api.internal.MissingMethodException: Could not find method getBootClasspath() for arguments [] on com.android.build.gradle.LibraryExtension_Decorated@312b34e3.
	at org.gradle.api.internal.AbstractDynamicObject.methodMissingException(AbstractDynamicObject.java:68)
	at org.gradle.api.internal.AbstractDynamicObject.invokeMethod(AbstractDynamicObject.java:56)
	at org.gradle.api.internal.CompositeDynamicObject.invokeMethod(CompositeDynamicObject.java:172)
	at com.android.build.gradle.LibraryExtension_Decorated.invokeMethod(Unknown Source)
	at gradle_mvn_push_1uslct06794lqcnn3dd7el7lq3$_run_closure1_closure4.doCall(https://raw.github.com/chrisbanes/gradle-mvn-push/master/gradle-mvn-push.gradle:97)
	at org.gradle.api.internal.ClosureBackedAction.execute(ClosureBackedAction.java:58)
	at org.gradle.util.ConfigureUtil.configure(ConfigureUtil.java:130)
	at org.gradle.util.ConfigureUtil.configure(ConfigureUtil.java:110)
	at org.gradle.api.internal.AbstractTask.configure(AbstractTask.java:433)
	at org.gradle.api.internal.project.AbstractProject.task(AbstractProject.java:919)
	at org.gradle.api.internal.BeanDynamicObject$MetaClassAdapter.invokeMethod(BeanDynamicObject.java:246)
	at org.gradle.api.internal.BeanDynamicObject.invokeMethod(BeanDynamicObject.java:134)
	at org.gradle.api.internal.CompositeDynamicObject.invokeMethod(CompositeDynamicObject.java:147)
	at org.gradle.groovy.scripts.BasicScript.methodMissing(BasicScript.java:79)
	at gradle_mvn_push_1uslct06794lqcnn3dd7el7lq3$_run_closure1.doCall(https://raw.github.com/chrisbanes/gradle-mvn-push/master/gradle-mvn-push.gradle:95)
	... 39 more


BUILD FAILED

Total time: 5.877 secs

2018-04-09 20:29:50,029 INFO  ProjectTaskService - Detecting possible tasks...
2018-04-09 20:29:50,029 INFO  SysUtils - Execute command: [/tmp/rdisk/535/src/gradlew, -b, /tmp/rdisk/535/src/sample/build.gradle, -Dorg.gradle.daemon=false, -Dorg.gradle.daemon.performance.enable-monitoring=false, -Dorg.gradle.configureondemand=true, tasks]
2018-04-09 20:30:01,065 ERROR ProjectTaskService - Could not detect possible Gradle tasks: Process exited with an error: 1 (Exit value: 1)
2018-04-09 20:30:01,065 INFO  ProjectTaskService - Detected possible tasks: 4
2018-04-09 20:30:01,065 INFO  ProjectTaskService - Excluded tasks (3): androidJavadocsJar androidJavadocs androidSourcesJar
2018-04-09 20:30:01,065 INFO  SysUtils - Execute command: [/tmp/rdisk/535/src/gradlew, -b, /tmp/rdisk/535/src/sample/build.gradle, -Dorg.gradle.daemon=false, -Dorg.gradle.daemon.performance.enable-monitoring=false, -Dorg.gradle.configureondemand=true, --stacktrace, -x, androidJavadocsJar, -x, androidJavadocs, -x, androidSourcesJar, build]
2018-04-09 20:30:07,662 ERROR SysUtils - Could not process external command
org.apache.commons.exec.ExecuteException: Process exited with an error: 1 (Exit value: 1)
	at org.apache.commons.exec.DefaultExecutor.executeInternal(DefaultExecutor.java:404)
	at org.apache.commons.exec.DefaultExecutor.execute(DefaultExecutor.java:166)
	at com.github.vbauer.apkmaster.util.SysUtils.execute(SysUtils.java:67)
	at com.github.vbauer.apkmaster.util.SysUtils.executeSimple(SysUtils.java:43)
	at com.github.vbauer.apkmaster.service.assembly.ProjectBuildService.buildProject(ProjectBuildService.java:78)
	at com.github.vbauer.apkmaster.service.assembly.ProjectBuildService.buildProject(ProjectBuildService.java:64)
	at com.github.vbauer.apkmaster.service.assembly.ProjectBuildService.buildProject(ProjectBuildService.java:43)
	at com.github.vbauer.apkmaster.service.FullProcessService.build(FullProcessService.java:84)
	at com.github.vbauer.apkmaster.service.FullProcessService.process(FullProcessService.java:34)
	at com.github.vbauer.apkmaster.app.MainApplication.process(MainApplication.java:38)
	at com.github.vbauer.apkmaster.app.MainApplication.main(MainApplication.java:20)
	at sun.reflect.GeneratedMethodAccessor8.invoke(Unknown Source)
	at sun.reflect.DelegatingMethodAccessorImpl.invoke(DelegatingMethodAccessorImpl.java:43)
	at java.lang.reflect.Method.invoke(Method.java:498)
	at com.android.arsenal.util.ReflectionUtils.invoke(ReflectionUtils.java:42)
	at com.android.arsenal.util.ApkMasterUtils.main(ApkMasterUtils.java:30)
	at com.android.arsenal.service.processor.impl.BuildProcessorServiceImpl.buildProject(BuildProcessorServiceImpl.java:197)
	at com.android.arsenal.service.processor.impl.BuildProcessorServiceImpl.build(BuildProcessorServiceImpl.java:131)
	at com.android.arsenal.service.processor.impl.BuildProcessorServiceImpl.lambda$null$1(BuildProcessorServiceImpl.java:114)
	at java.util.concurrent.FutureTask.run(FutureTask.java:266)
	at java.util.concurrent.Executors$RunnableAdapter.call(Executors.java:511)
	at java.util.concurrent.FutureTask.run(FutureTask.java:266)
	at java.util.concurrent.ThreadPoolExecutor.runWorker(ThreadPoolExecutor.java:1149)
	at java.util.concurrent.ThreadPoolExecutor$Worker.run(ThreadPoolExecutor.java:624)
	at java.lang.Thread.run(Thread.java:748)
2018-04-09 20:30:07,662 INFO  SysUtils - Configuration on demand is an incubating feature.

FAILURE: Build failed with an exception.

* Where:
Script 'https://raw.github.com/chrisbanes/gradle-mvn-push/master/gradle-mvn-push.gradle' line: 97

* What went wrong:
A problem occurred configuring project ':sample'.
> Failed to notify project evaluation listener.
   > A problem occurred configuring project ':library'.
      > Failed to notify project evaluation listener.
         > org.gradle.api.internal.MissingMethodException: Could not find method getBootClasspath() for arguments [] on com.android.build.gradle.LibraryExtension_Decorated@aaa0f76.

* Try:
Run with --info or --debug option to get more log output.

* Exception is:
org.gradle.api.ProjectConfigurationException: A problem occurred configuring project ':sample'.
	at org.gradle.configuration.project.LifecycleProjectEvaluator.addConfigurationFailure(LifecycleProjectEvaluator.java:79)
	at org.gradle.configuration.project.LifecycleProjectEvaluator.notifyAfterEvaluate(LifecycleProjectEvaluator.java:74)
	at org.gradle.configuration.project.LifecycleProjectEvaluator.evaluate(LifecycleProjectEvaluator.java:61)
	at org.gradle.api.internal.project.AbstractProject.evaluate(AbstractProject.java:468)
	at org.gradle.api.internal.project.AbstractProject.evaluate(AbstractProject.java:76)
	at org.gradle.execution.TaskPathProjectEvaluator.evaluateByPath(TaskPathProjectEvaluator.java:41)
	at org.gradle.execution.ProjectEvaluatingAction.configure(ProjectEvaluatingAction.java:50)
	at org.gradle.execution.DefaultBuildExecuter.configure(DefaultBuildExecuter.java:42)
	at org.gradle.execution.DefaultBuildExecuter.select(DefaultBuildExecuter.java:35)
	at org.gradle.initialization.DefaultGradleLauncher.doBuildStages(DefaultGradleLauncher.java:155)
	at org.gradle.initialization.DefaultGradleLauncher.doBuild(DefaultGradleLauncher.java:113)
	at org.gradle.initialization.DefaultGradleLauncher.run(DefaultGradleLauncher.java:81)
	at org.gradle.launcher.exec.InProcessBuildActionExecuter$DefaultBuildController.run(InProcessBuildActionExecuter.java:64)
	at org.gradle.launcher.cli.ExecuteBuildAction.run(ExecuteBuildAction.java:33)
	at org.gradle.launcher.cli.ExecuteBuildAction.run(ExecuteBuildAction.java:24)
	at org.gradle.launcher.exec.InProcessBuildActionExecuter.execute(InProcessBuildActionExecuter.java:35)
	at org.gradle.launcher.exec.InProcessBuildActionExecuter.execute(InProcessBuildActionExecuter.java:26)
	at org.gradle.launcher.cli.RunBuildAction.run(RunBuildAction.java:50)
	at org.gradle.api.internal.Actions$RunnableActionAdapter.execute(Actions.java:171)
	at org.gradle.launcher.cli.CommandLineActionFactory$ParseAndBuildAction.execute(CommandLineActionFactory.java:201)
	at org.gradle.launcher.cli.CommandLineActionFactory$ParseAndBuildAction.execute(CommandLineActionFactory.java:174)
	at org.gradle.launcher.cli.CommandLineActionFactory$WithLogging.execute(CommandLineActionFactory.java:170)
	at org.gradle.launcher.cli.CommandLineActionFactory$WithLogging.execute(CommandLineActionFactory.java:139)
	at org.gradle.launcher.cli.ExceptionReportingAction.execute(ExceptionReportingAction.java:33)
	at org.gradle.launcher.cli.ExceptionReportingAction.execute(ExceptionReportingAction.java:22)
	at org.gradle.launcher.Main.doAction(Main.java:46)
	at org.gradle.launcher.bootstrap.EntryPoint.run(EntryPoint.java:45)
	at org.gradle.launcher.Main.main(Main.java:37)
	at org.gradle.launcher.bootstrap.ProcessBootstrap.runNoExit(ProcessBootstrap.java:50)
	at org.gradle.launcher.bootstrap.ProcessBootstrap.run(ProcessBootstrap.java:32)
	at org.gradle.launcher.GradleMain.main(GradleMain.java:23)
	at org.gradle.wrapper.BootstrapMainStarter.start(BootstrapMainStarter.java:33)
	at org.gradle.wrapper.WrapperExecutor.execute(WrapperExecutor.java:130)
	at org.gradle.wrapper.GradleWrapperMain.main(GradleWrapperMain.java:61)
Caused by: org.gradle.listener.ListenerNotificationException: Failed to notify project evaluation listener.
	at org.gradle.listener.BroadcastDispatch.dispatch(BroadcastDispatch.java:90)
	at org.gradle.listener.BroadcastDispatch.dispatch(BroadcastDispatch.java:30)
	at org.gradle.messaging.dispatch.ProxyDispatchAdapter$DispatchingInvocationHandler.invoke(ProxyDispatchAdapter.java:93)
	at com.sun.proxy.$Proxy15.afterEvaluate(Unknown Source)
	at org.gradle.configuration.project.LifecycleProjectEvaluator.notifyAfterEvaluate(LifecycleProjectEvaluator.java:67)
	... 32 more
Caused by: org.gradle.api.ProjectConfigurationException: A problem occurred configuring project ':library'.
	at org.gradle.configuration.project.LifecycleProjectEvaluator.addConfigurationFailure(LifecycleProjectEvaluator.java:79)
	at org.gradle.configuration.project.LifecycleProjectEvaluator.notifyAfterEvaluate(LifecycleProjectEvaluator.java:74)
	at org.gradle.configuration.project.LifecycleProjectEvaluator.evaluate(LifecycleProjectEvaluator.java:61)
	at org.gradle.api.internal.project.AbstractProject.evaluate(AbstractProject.java:468)
	at org.gradle.api.internal.project.AbstractProject.evaluationDependsOn(AbstractProject.java:572)
	at org.gradle.api.internal.project.AbstractProject.evaluationDependsOn(AbstractProject.java:564)
	at org.gradle.api.Project$evaluationDependsOn.call(Unknown Source)
	at com.android.build.gradle.BasePlugin$_ensureConfigured_closure96.doCall(BasePlugin.groovy:1510)
	at com.android.build.gradle.BasePlugin.ensureConfigured(BasePlugin.groovy:1509)
	at com.android.build.gradle.BasePlugin$ensureConfigured.callCurrent(Unknown Source)
	at com.android.build.gradle.BasePlugin.resolveDependencyForConfig(BasePlugin.groovy:1437)
	at com.android.build.gradle.BasePlugin$resolveDependencyForConfig.callCurrent(Unknown Source)
	at com.android.build.gradle.BasePlugin.resolveDependencies(BasePlugin.groovy:1395)
	at com.android.build.gradle.BasePlugin$resolveDependencies.callCurrent(Unknown Source)
	at com.android.build.gradle.AppPlugin.createTasksForDefaultBuild(AppPlugin.groovy:337)
	at com.android.build.gradle.AppPlugin.doCreateAndroidTasks(AppPlugin.groovy:199)
	at com.android.build.gradle.BasePlugin.createAndroidTasks(BasePlugin.groovy:272)
	at com.android.build.gradle.BasePlugin$_apply_closure1.doCall(BasePlugin.groovy:215)
	at org.gradle.listener.ClosureBackedMethodInvocationDispatch.dispatch(ClosureBackedMethodInvocationDispatch.java:40)
	at org.gradle.listener.ClosureBackedMethodInvocationDispatch.dispatch(ClosureBackedMethodInvocationDispatch.java:25)
	at org.gradle.listener.BroadcastDispatch.dispatch(BroadcastDispatch.java:81)
	... 36 more
Caused by: org.gradle.listener.ListenerNotificationException: Failed to notify project evaluation listener.
	at org.gradle.listener.BroadcastDispatch.dispatch(BroadcastDispatch.java:90)
	at org.gradle.listener.BroadcastDispatch.dispatch(BroadcastDispatch.java:30)
	at org.gradle.messaging.dispatch.ProxyDispatchAdapter$DispatchingInvocationHandler.invoke(ProxyDispatchAdapter.java:93)
	at com.sun.proxy.$Proxy15.afterEvaluate(Unknown Source)
	at org.gradle.configuration.project.LifecycleProjectEvaluator.notifyAfterEvaluate(LifecycleProjectEvaluator.java:67)
	... 55 more
Caused by: org.codehaus.groovy.runtime.InvokerInvocationException: org.gradle.api.internal.MissingMethodException: Could not find method getBootClasspath() for arguments [] on com.android.build.gradle.LibraryExtension_Decorated@aaa0f76.
	at org.gradle.listener.ClosureBackedMethodInvocationDispatch.dispatch(ClosureBackedMethodInvocationDispatch.java:40)
	at org.gradle.listener.ClosureBackedMethodInvocationDispatch.dispatch(ClosureBackedMethodInvocationDispatch.java:25)
	at org.gradle.listener.BroadcastDispatch.dispatch(BroadcastDispatch.java:81)
	... 59 more
Caused by: org.gradle.api.internal.MissingMethodException: Could not find method getBootClasspath() for arguments [] on com.android.build.gradle.LibraryExtension_Decorated@aaa0f76.
	at org.gradle.api.internal.AbstractDynamicObject.methodMissingException(AbstractDynamicObject.java:68)
	at org.gradle.api.internal.AbstractDynamicObject.invokeMethod(AbstractDynamicObject.java:56)
	at org.gradle.api.internal.CompositeDynamicObject.invokeMethod(CompositeDynamicObject.java:172)
	at com.android.build.gradle.LibraryExtension_Decorated.invokeMethod(Unknown Source)
	at gradle_mvn_push_1uslct06794lqcnn3dd7el7lq3$_run_closure1_closure4.doCall(https://raw.github.com/chrisbanes/gradle-mvn-push/master/gradle-mvn-push.gradle:97)
	at org.gradle.api.internal.ClosureBackedAction.execute(ClosureBackedAction.java:58)
	at org.gradle.util.ConfigureUtil.configure(ConfigureUtil.java:130)
	at org.gradle.util.ConfigureUtil.configure(ConfigureUtil.java:110)
	at org.gradle.api.internal.AbstractTask.configure(AbstractTask.java:433)
	at org.gradle.api.internal.project.AbstractProject.task(AbstractProject.java:919)
	at org.gradle.api.internal.BeanDynamicObject$MetaClassAdapter.invokeMethod(BeanDynamicObject.java:246)
	at org.gradle.api.internal.BeanDynamicObject.invokeMethod(BeanDynamicObject.java:134)
	at org.gradle.api.internal.CompositeDynamicObject.invokeMethod(CompositeDynamicObject.java:147)
	at org.gradle.groovy.scripts.BasicScript.methodMissing(BasicScript.java:79)
	at gradle_mvn_push_1uslct06794lqcnn3dd7el7lq3$_run_closure1.doCall(https://raw.github.com/chrisbanes/gradle-mvn-push/master/gradle-mvn-push.gradle:95)
	... 62 more


BUILD FAILED

Total time: 6.145 secs

2018-04-09 20:30:07,665 INFO  ProjectTaskService - Detecting possible tasks...
2018-04-09 20:30:07,665 INFO  SysUtils - Execute command: [/tmp/rdisk/535/src/gradlew, -b, /tmp/rdisk/535/src/build.gradle, -Dorg.gradle.daemon=false, -Dorg.gradle.daemon.performance.enable-monitoring=false, -Dorg.gradle.configureondemand=true, tasks]
2018-04-09 20:30:13,861 ERROR ProjectTaskService - Could not detect possible Gradle tasks: Process exited with an error: 1 (Exit value: 1)
2018-04-09 20:30:13,861 INFO  ProjectTaskService - Detected possible tasks: 4
2018-04-09 20:30:13,861 INFO  ProjectTaskService - Excluded tasks (3): androidJavadocsJar androidJavadocs androidSourcesJar
2018-04-09 20:30:13,861 INFO  SysUtils - Execute command: [/tmp/rdisk/535/src/gradlew, -b, /tmp/rdisk/535/src/build.gradle, -Dorg.gradle.daemon=false, -Dorg.gradle.daemon.performance.enable-monitoring=false, -Dorg.gradle.configureondemand=true, --stacktrace, -x, androidJavadocsJar, -x, androidJavadocs, -x, androidSourcesJar, build]
2018-04-09 20:30:19,947 ERROR SysUtils - Could not process external command
org.apache.commons.exec.ExecuteException: Process exited with an error: 1 (Exit value: 1)
	at org.apache.commons.exec.DefaultExecutor.executeInternal(DefaultExecutor.java:404)
	at org.apache.commons.exec.DefaultExecutor.execute(DefaultExecutor.java:166)
	at com.github.vbauer.apkmaster.util.SysUtils.execute(SysUtils.java:67)
	at com.github.vbauer.apkmaster.util.SysUtils.executeSimple(SysUtils.java:43)
	at com.github.vbauer.apkmaster.service.assembly.ProjectBuildService.buildProject(ProjectBuildService.java:78)
	at com.github.vbauer.apkmaster.service.assembly.ProjectBuildService.buildProject(ProjectBuildService.java:64)
	at com.github.vbauer.apkmaster.service.assembly.ProjectBuildService.buildProject(ProjectBuildService.java:43)
	at com.github.vbauer.apkmaster.service.FullProcessService.build(FullProcessService.java:84)
	at com.github.vbauer.apkmaster.service.FullProcessService.process(FullProcessService.java:34)
	at com.github.vbauer.apkmaster.app.MainApplication.process(MainApplication.java:38)
	at com.github.vbauer.apkmaster.app.MainApplication.main(MainApplication.java:20)
	at sun.reflect.GeneratedMethodAccessor8.invoke(Unknown Source)
	at sun.reflect.DelegatingMethodAccessorImpl.invoke(DelegatingMethodAccessorImpl.java:43)
	at java.lang.reflect.Method.invoke(Method.java:498)
	at com.android.arsenal.util.ReflectionUtils.invoke(ReflectionUtils.java:42)
	at com.android.arsenal.util.ApkMasterUtils.main(ApkMasterUtils.java:30)
	at com.android.arsenal.service.processor.impl.BuildProcessorServiceImpl.buildProject(BuildProcessorServiceImpl.java:197)
	at com.android.arsenal.service.processor.impl.BuildProcessorServiceImpl.build(BuildProcessorServiceImpl.java:131)
	at com.android.arsenal.service.processor.impl.BuildProcessorServiceImpl.lambda$null$1(BuildProcessorServiceImpl.java:114)
	at java.util.concurrent.FutureTask.run(FutureTask.java:266)
	at java.util.concurrent.Executors$RunnableAdapter.call(Executors.java:511)
	at java.util.concurrent.FutureTask.run(FutureTask.java:266)
	at java.util.concurrent.ThreadPoolExecutor.runWorker(ThreadPoolExecutor.java:1149)
	at java.util.concurrent.ThreadPoolExecutor$Worker.run(ThreadPoolExecutor.java:624)
	at java.lang.Thread.run(Thread.java:748)
2018-04-09 20:30:19,947 INFO  SysUtils - Configuration on demand is an incubating feature.

FAILURE: Build failed with an exception.

* Where:
Script 'https://raw.github.com/chrisbanes/gradle-mvn-push/master/gradle-mvn-push.gradle' line: 97

* What went wrong:
A problem occurred configuring project ':library'.
> Failed to notify project evaluation listener.
   > org.gradle.api.internal.MissingMethodException: Could not find method getBootClasspath() for arguments [] on com.android.build.gradle.LibraryExtension_Decorated@312b34e3.

* Try:
Run with --info or --debug option to get more log output.

* Exception is:
org.gradle.api.ProjectConfigurationException: A problem occurred configuring project ':library'.
	at org.gradle.configuration.project.LifecycleProjectEvaluator.addConfigurationFailure(LifecycleProjectEvaluator.java:79)
	at org.gradle.configuration.project.LifecycleProjectEvaluator.notifyAfterEvaluate(LifecycleProjectEvaluator.java:74)
	at org.gradle.configuration.project.LifecycleProjectEvaluator.evaluate(LifecycleProjectEvaluator.java:61)
	at org.gradle.api.internal.project.AbstractProject.evaluate(AbstractProject.java:468)
	at org.gradle.api.internal.project.AbstractProject.evaluate(AbstractProject.java:76)
	at org.gradle.execution.TaskPathProjectEvaluator.evaluateByPath(TaskPathProjectEvaluator.java:43)
	at org.gradle.execution.ProjectEvaluatingAction.configure(ProjectEvaluatingAction.java:50)
	at org.gradle.execution.DefaultBuildExecuter.configure(DefaultBuildExecuter.java:42)
	at org.gradle.execution.DefaultBuildExecuter.select(DefaultBuildExecuter.java:35)
	at org.gradle.initialization.DefaultGradleLauncher.doBuildStages(DefaultGradleLauncher.java:155)
	at org.gradle.initialization.DefaultGradleLauncher.doBuild(DefaultGradleLauncher.java:113)
	at org.gradle.initialization.DefaultGradleLauncher.run(DefaultGradleLauncher.java:81)
	at org.gradle.launcher.exec.InProcessBuildActionExecuter$DefaultBuildController.run(InProcessBuildActionExecuter.java:64)
	at org.gradle.launcher.cli.ExecuteBuildAction.run(ExecuteBuildAction.java:33)
	at org.gradle.launcher.cli.ExecuteBuildAction.run(ExecuteBuildAction.java:24)
	at org.gradle.launcher.exec.InProcessBuildActionExecuter.execute(InProcessBuildActionExecuter.java:35)
	at org.gradle.launcher.exec.InProcessBuildActionExecuter.execute(InProcessBuildActionExecuter.java:26)
	at org.gradle.launcher.cli.RunBuildAction.run(RunBuildAction.java:50)
	at org.gradle.api.internal.Actions$RunnableActionAdapter.execute(Actions.java:171)
	at org.gradle.launcher.cli.CommandLineActionFactory$ParseAndBuildAction.execute(CommandLineActionFactory.java:201)
	at org.gradle.launcher.cli.CommandLineActionFactory$ParseAndBuildAction.execute(CommandLineActionFactory.java:174)
	at org.gradle.launcher.cli.CommandLineActionFactory$WithLogging.execute(CommandLineActionFactory.java:170)
	at org.gradle.launcher.cli.CommandLineActionFactory$WithLogging.execute(CommandLineActionFactory.java:139)
	at org.gradle.launcher.cli.ExceptionReportingAction.execute(ExceptionReportingAction.java:33)
	at org.gradle.launcher.cli.ExceptionReportingAction.execute(ExceptionReportingAction.java:22)
	at org.gradle.launcher.Main.doAction(Main.java:46)
	at org.gradle.launcher.bootstrap.EntryPoint.run(EntryPoint.java:45)
	at org.gradle.launcher.Main.main(Main.java:37)
	at org.gradle.launcher.bootstrap.ProcessBootstrap.runNoExit(ProcessBootstrap.java:50)
	at org.gradle.launcher.bootstrap.ProcessBootstrap.run(ProcessBootstrap.java:32)
	at org.gradle.launcher.GradleMain.main(GradleMain.java:23)
	at org.gradle.wrapper.BootstrapMainStarter.start(BootstrapMainStarter.java:33)
	at org.gradle.wrapper.WrapperExecutor.execute(WrapperExecutor.java:130)
	at org.gradle.wrapper.GradleWrapperMain.main(GradleWrapperMain.java:61)
Caused by: org.gradle.listener.ListenerNotificationException: Failed to notify project evaluation listener.
	at org.gradle.listener.BroadcastDispatch.dispatch(BroadcastDispatch.java:90)
	at org.gradle.listener.BroadcastDispatch.dispatch(BroadcastDispatch.java:30)
	at org.gradle.messaging.dispatch.ProxyDispatchAdapter$DispatchingInvocationHandler.invoke(ProxyDispatchAdapter.java:93)
	at com.sun.proxy.$Proxy15.afterEvaluate(Unknown Source)
	at org.gradle.configuration.project.LifecycleProjectEvaluator.notifyAfterEvaluate(LifecycleProjectEvaluator.java:67)
	... 32 more
Caused by: org.codehaus.groovy.runtime.InvokerInvocationException: org.gradle.api.internal.MissingMethodException: Could not find method getBootClasspath() for arguments [] on com.android.build.gradle.LibraryExtension_Decorated@312b34e3.
	at org.gradle.listener.ClosureBackedMethodInvocationDispatch.dispatch(ClosureBackedMethodInvocationDispatch.java:40)
	at org.gradle.listener.ClosureBackedMethodInvocationDispatch.dispatch(ClosureBackedMethodInvocationDispatch.java:25)
	at org.gradle.listener.BroadcastDispatch.dispatch(BroadcastDispatch.java:81)
	... 36 more
Caused by: org.gradle.api.internal.MissingMethodException: Could not find method getBootClasspath() for arguments [] on com.android.build.gradle.LibraryExtension_Decorated@312b34e3.
	at org.gradle.api.internal.AbstractDynamicObject.methodMissingException(AbstractDynamicObject.java:68)
	at org.gradle.api.internal.AbstractDynamicObject.invokeMethod(AbstractDynamicObject.java:56)
	at org.gradle.api.internal.CompositeDynamicObject.invokeMethod(CompositeDynamicObject.java:172)
	at com.android.build.gradle.LibraryExtension_Decorated.invokeMethod(Unknown Source)
	at gradle_mvn_push_1uslct06794lqcnn3dd7el7lq3$_run_closure1_closure4.doCall(https://raw.github.com/chrisbanes/gradle-mvn-push/master/gradle-mvn-push.gradle:97)
	at org.gradle.api.internal.ClosureBackedAction.execute(ClosureBackedAction.java:58)
	at org.gradle.util.ConfigureUtil.configure(ConfigureUtil.java:130)
	at org.gradle.util.ConfigureUtil.configure(ConfigureUtil.java:110)
	at org.gradle.api.internal.AbstractTask.configure(AbstractTask.java:433)
	at org.gradle.api.internal.project.AbstractProject.task(AbstractProject.java:919)
	at org.gradle.api.internal.BeanDynamicObject$MetaClassAdapter.invokeMethod(BeanDynamicObject.java:246)
	at org.gradle.api.internal.BeanDynamicObject.invokeMethod(BeanDynamicObject.java:134)
	at org.gradle.api.internal.CompositeDynamicObject.invokeMethod(CompositeDynamicObject.java:147)
	at org.gradle.groovy.scripts.BasicScript.methodMissing(BasicScript.java:79)
	at gradle_mvn_push_1uslct06794lqcnn3dd7el7lq3$_run_closure1.doCall(https://raw.github.com/chrisbanes/gradle-mvn-push/master/gradle-mvn-push.gradle:95)
	... 39 more


BUILD FAILED

Total time: 5.662 secs

2018-04-09 20:30:19,950 ERROR FullProcessService - Project build has not produced APK file
2018-04-09 20:30:19,952 ERROR FullProcessService - Could not find generated or existed APK file
