2018-04-09 18:05:05,089 INFO  DownloadService - Downloading "https://github.com/guerwan/TransitionsBackport/archive/master.zip", attempt 3
2018-04-09 18:05:05,569 INFO  DownloadService - Downloaded https://github.com/guerwan/TransitionsBackport/archive/master.zip, attempt 3
2018-04-09 18:05:05,569 INFO  DownloadService - Size of file "/tmp/rdisk/688/master.zip": 654 KB
2018-04-09 18:05:05,569 INFO  ArchiveUtils - Checking entries [.gradle] in ZIP file...
2018-04-09 18:05:05,569 INFO  ArchiveUtils - Has entries [.gradle] in ZIP file /tmp/rdisk/688/master.zip: true
2018-04-09 18:05:05,569 DEBUG ZipUtil - Extracting '/tmp/rdisk/688/master.zip' into '/tmp/rdisk/688/src'.
2018-04-09 18:05:05,584 INFO  FullProcessService - Size of directory with sources: 940 KB
2018-04-09 18:05:05,584 INFO  SysUtils - Execute command: [git, init, /tmp/rdisk/688/src]
2018-04-09 18:05:05,589 INFO  SysUtils - Initialized empty Git repository in /tmp/rdisk/688/src/.git/

2018-04-09 18:05:05,592 INFO  ProjectBuildService - Gradle wrapper(s): /tmp/rdisk/688/src/TransitionsBackport-master/gradlew
2018-04-09 18:05:05,594 INFO  ProjectBuildService - Build script(s): /tmp/rdisk/688/src/TransitionsBackport-master/TransitionSample/build.gradle /tmp/rdisk/688/src/TransitionsBackport-master/library/build.gradle /tmp/rdisk/688/src/TransitionsBackport-master/build.gradle
2018-04-09 18:05:05,596 INFO  ProjectBuildService - All script(s): /tmp/rdisk/688/src/TransitionsBackport-master/settings.gradle /tmp/rdisk/688/src/TransitionsBackport-master/maven_push.gradle /tmp/rdisk/688/src/TransitionsBackport-master/library/build.gradle /tmp/rdisk/688/src/TransitionsBackport-master/build.gradle /tmp/rdisk/688/src/TransitionsBackport-master/TransitionSample/build.gradle
2018-04-09 18:05:05,596 INFO  ProjectBuildService - Remote scripts: none
2018-04-09 18:05:05,596 INFO  ProjectFixService - Fixing project...
2018-04-09 18:05:05,603 INFO  LocalPropertiesFixService - Created fake /tmp/rdisk/688/src/TransitionsBackport-master/TransitionSample/local.properties
2018-04-09 18:05:05,607 INFO  ProjectFixService - Build info for "/tmp/rdisk/688/src/TransitionsBackport-master/TransitionSample/build.gradle": [buildToolsVersion=19.1,compileSdkVersion=19,minSdkVersion=14,targetSdkVersion=19]
2018-04-09 18:05:05,607 INFO  ProjectFixService - Fixed build info for "/tmp/rdisk/688/src/TransitionsBackport-master/TransitionSample/build.gradle": [buildToolsVersion=19.1.0,compileSdkVersion=19,minSdkVersion=14,targetSdkVersion=19]
2018-04-09 18:05:05,608 INFO  LocalPropertiesFixService - Created fake /tmp/rdisk/688/src/TransitionsBackport-master/library/local.properties
2018-04-09 18:05:05,610 INFO  ProjectFixService - Build info for "/tmp/rdisk/688/src/TransitionsBackport-master/library/build.gradle": [buildToolsVersion=19.1,compileSdkVersion=19,minSdkVersion=14,targetSdkVersion=19]
2018-04-09 18:05:05,610 INFO  ProjectFixService - Fixed build info for "/tmp/rdisk/688/src/TransitionsBackport-master/library/build.gradle": [buildToolsVersion=19.1.0,compileSdkVersion=19,minSdkVersion=14,targetSdkVersion=19]
2018-04-09 18:05:05,611 INFO  LocalPropertiesFixService - Created fake /tmp/rdisk/688/src/TransitionsBackport-master/local.properties
2018-04-09 18:05:05,611 INFO  WrapperPropertiesFixService - Gradle wrapper: http://services.gradle.org/distributions/gradle-1.12-all.zip
2018-04-09 18:05:05,611 INFO  WrapperPropertiesFixService - Gradle wrapper was changed from "-all.zip" to "-bin.zip" (http://services.gradle.org/distributions/gradle-1.12-bin.zip)
2018-04-09 18:05:05,611 INFO  ProjectFixService - Build info for "/tmp/rdisk/688/src/TransitionsBackport-master/build.gradle": [buildToolsVersion=19.1,compileSdkVersion=19,minSdkVersion=14,targetSdkVersion=19]
2018-04-09 18:05:05,611 INFO  ProjectFixService - Fixed build info for "/tmp/rdisk/688/src/TransitionsBackport-master/build.gradle": [buildToolsVersion=19.1.0,compileSdkVersion=19,minSdkVersion=14,targetSdkVersion=19]
2018-04-09 18:05:05,612 INFO  ProjectFixService - Project was maybe fixed
2018-04-09 18:05:05,612 INFO  ProjectTaskService - Detecting possible tasks...
2018-04-09 18:05:05,612 INFO  SysUtils - Execute command: [/tmp/rdisk/688/src/TransitionsBackport-master/gradlew, -b, /tmp/rdisk/688/src/TransitionsBackport-master/TransitionSample/build.gradle, -Dorg.gradle.daemon=false, -Dorg.gradle.daemon.performance.enable-monitoring=false, -Dorg.gradle.configureondemand=true, tasks]
2018-04-09 18:05:17,433 INFO  ProjectTaskService - Detected possible tasks: 49
2018-04-09 18:05:17,433 INFO  ProjectTaskService - Excluded tasks (11): lintDebug deviceCheck lint uninstallRelease connectedCheck uninstallAll check connectedAndroidTest installDebug lintRelease uninstallDebug
2018-04-09 18:05:17,433 INFO  SysUtils - Execute command: [/tmp/rdisk/688/src/TransitionsBackport-master/gradlew, -b, /tmp/rdisk/688/src/TransitionsBackport-master/TransitionSample/build.gradle, -Dorg.gradle.daemon=false, -Dorg.gradle.daemon.performance.enable-monitoring=false, -Dorg.gradle.configureondemand=true, --stacktrace, -x, lintDebug, -x, deviceCheck, -x, lint, -x, uninstallRelease, -x, connectedCheck, -x, uninstallAll, -x, check, -x, connectedAndroidTest, -x, installDebug, -x, lintRelease, -x, uninstallDebug, build]
2018-04-09 18:05:27,160 ERROR SysUtils - Could not process external command
org.apache.commons.exec.ExecuteException: Process exited with an error: 1 (Exit value: 1)
	at org.apache.commons.exec.DefaultExecutor.executeInternal(DefaultExecutor.java:404)
	at org.apache.commons.exec.DefaultExecutor.execute(DefaultExecutor.java:166)
	at com.github.vbauer.apkmaster.util.SysUtils.execute(SysUtils.java:67)
	at com.github.vbauer.apkmaster.util.SysUtils.executeSimple(SysUtils.java:43)
	at com.github.vbauer.apkmaster.service.assembly.ProjectBuildService.buildProject(ProjectBuildService.java:78)
	at com.github.vbauer.apkmaster.service.assembly.ProjectBuildService.buildProject(ProjectBuildService.java:64)
	at com.github.vbauer.apkmaster.service.assembly.ProjectBuildService.buildProject(ProjectBuildService.java:43)
	at com.github.vbauer.apkmaster.service.FullProcessService.build(FullProcessService.java:84)
	at com.github.vbauer.apkmaster.service.FullProcessService.process(FullProcessService.java:34)
	at com.github.vbauer.apkmaster.app.MainApplication.process(MainApplication.java:38)
	at com.github.vbauer.apkmaster.app.MainApplication.main(MainApplication.java:20)
	at sun.reflect.GeneratedMethodAccessor8.invoke(Unknown Source)
	at sun.reflect.DelegatingMethodAccessorImpl.invoke(DelegatingMethodAccessorImpl.java:43)
	at java.lang.reflect.Method.invoke(Method.java:498)
	at com.android.arsenal.util.ReflectionUtils.invoke(ReflectionUtils.java:42)
	at com.android.arsenal.util.ApkMasterUtils.main(ApkMasterUtils.java:30)
	at com.android.arsenal.service.processor.impl.BuildProcessorServiceImpl.buildProject(BuildProcessorServiceImpl.java:197)
	at com.android.arsenal.service.processor.impl.BuildProcessorServiceImpl.build(BuildProcessorServiceImpl.java:131)
	at com.android.arsenal.service.processor.impl.BuildProcessorServiceImpl.lambda$null$1(BuildProcessorServiceImpl.java:114)
	at java.util.concurrent.FutureTask.run(FutureTask.java:266)
	at java.util.concurrent.Executors$RunnableAdapter.call(Executors.java:511)
	at java.util.concurrent.FutureTask.run(FutureTask.java:266)
	at java.util.concurrent.ThreadPoolExecutor.runWorker(ThreadPoolExecutor.java:1149)
	at java.util.concurrent.ThreadPoolExecutor$Worker.run(ThreadPoolExecutor.java:624)
	at java.lang.Thread.run(Thread.java:748)
2018-04-09 18:05:27,160 INFO  SysUtils - Configuration on demand is an incubating feature.
Relying on packaging to define the extension of the main artifact has been deprecated and is scheduled to be removed in Gradle 2.0
:TransitionSample:preBuild
:TransitionSample:compileDebugNdk
:TransitionSample:preDebugBuild
:TransitionSample:checkDebugManifest
:TransitionSample:preReleaseBuild
:library:compileLint
:library:copyReleaseLint UP-TO-DATE
:library:mergeReleaseProguardFiles
:library:preBuild
:library:preReleaseBuild
:library:checkReleaseManifest
:library:prepareReleaseDependencies
:library:compileReleaseAidl
:library:compileReleaseRenderscript
:library:generateReleaseBuildConfig
:library:generateReleaseAssets UP-TO-DATE
:library:mergeReleaseAssets
:library:generateReleaseResValues
:library:generateReleaseResources
:library:packageReleaseResources
:library:processReleaseManifest
:library:processReleaseResources
:library:generateReleaseSources
:library:compileReleaseJavaNote: /tmp/rdisk/688/src/TransitionsBackport-master/library/src/android/support/transition/Crossfade.java uses or overrides a deprecated API.
Note: Recompile with -Xlint:deprecation for details.
Note: Some input files use unchecked or unsafe operations.
Note: Recompile with -Xlint:unchecked for details.

:library:processReleaseJavaRes UP-TO-DATE
:library:packageReleaseJar
:library:compileReleaseNdk
:library:packageReleaseJniLibs UP-TO-DATE
:library:packageReleaseLocalJar UP-TO-DATE
:library:packageReleaseRenderscript UP-TO-DATE
:library:bundleRelease
:TransitionSample:prepareComAndroidSupportAnimatedVectorDrawable2600Alpha1Library
:TransitionSample:prepareComAndroidSupportAppcompatV72600Alpha1Library
:TransitionSample:prepareComAndroidSupportSupportCompat2600Alpha1Library
:TransitionSample:prepareComAndroidSupportSupportCoreUi2600Alpha1Library
:TransitionSample:prepareComAndroidSupportSupportCoreUtils2600Alpha1Library
:TransitionSample:prepareComAndroidSupportSupportFragment2600Alpha1Library
:TransitionSample:prepareComAndroidSupportSupportMediaCompat2600Alpha1Library
:TransitionSample:prepareComAndroidSupportSupportV42600Alpha1Library
:TransitionSample:prepareComAndroidSupportSupportVectorDrawable2600Alpha1Library
:TransitionSample:prepareTransitionsBackportMasterLibraryUnspecifiedLibrary
:TransitionSample:prepareDebugDependencies
:TransitionSample:compileDebugAidl
:TransitionSample:compileDebugRenderscript
:TransitionSample:generateDebugBuildConfig
:TransitionSample:generateDebugAssets UP-TO-DATE
:TransitionSample:mergeDebugAssets
:TransitionSample:generateDebugResValues
:TransitionSample:generateDebugResources
:TransitionSample:mergeDebugResources
:TransitionSample:processDebugManifest FAILED

FAILURE: Build failed with an exception.

* What went wrong:
Execution failed for task ':TransitionSample:processDebugManifest'.
> Error: [/tmp/rdisk/688/src/TransitionsBackport-master/build/intermediates/exploded-aar/com.android.support/support-v4/26.0.0-alpha1/AndroidManifest.xml:21] Invalid instruction 'overrideLibrary', valid instructions are : REMOVE,REPLACE,STRICT

* Try:
Run with --info or --debug option to get more log output.

* Exception is:
org.gradle.api.tasks.TaskExecutionException: Execution failed for task ':TransitionSample:processDebugManifest'.
	at org.gradle.api.internal.tasks.execution.ExecuteActionsTaskExecuter.executeActions(ExecuteActionsTaskExecuter.java:69)
	at org.gradle.api.internal.tasks.execution.ExecuteActionsTaskExecuter.execute(ExecuteActionsTaskExecuter.java:46)
	at org.gradle.api.internal.tasks.execution.PostExecutionAnalysisTaskExecuter.execute(PostExecutionAnalysisTaskExecuter.java:35)
	at org.gradle.api.internal.tasks.execution.SkipUpToDateTaskExecuter.execute(SkipUpToDateTaskExecuter.java:64)
	at org.gradle.api.internal.tasks.execution.ValidatingTaskExecuter.execute(ValidatingTaskExecuter.java:58)
	at org.gradle.api.internal.tasks.execution.SkipEmptySourceFilesTaskExecuter.execute(SkipEmptySourceFilesTaskExecuter.java:42)
	at org.gradle.api.internal.tasks.execution.SkipTaskWithNoActionsExecuter.execute(SkipTaskWithNoActionsExecuter.java:52)
	at org.gradle.api.internal.tasks.execution.SkipOnlyIfTaskExecuter.execute(SkipOnlyIfTaskExecuter.java:53)
	at org.gradle.api.internal.tasks.execution.ExecuteAtMostOnceTaskExecuter.execute(ExecuteAtMostOnceTaskExecuter.java:43)
	at org.gradle.api.internal.AbstractTask.executeWithoutThrowingTaskFailure(AbstractTask.java:289)
	at org.gradle.execution.taskgraph.AbstractTaskPlanExecutor$TaskExecutorWorker.executeTask(AbstractTaskPlanExecutor.java:79)
	at org.gradle.execution.taskgraph.AbstractTaskPlanExecutor$TaskExecutorWorker.processTask(AbstractTaskPlanExecutor.java:63)
	at org.gradle.execution.taskgraph.AbstractTaskPlanExecutor$TaskExecutorWorker.run(AbstractTaskPlanExecutor.java:51)
	at org.gradle.execution.taskgraph.DefaultTaskPlanExecutor.process(DefaultTaskPlanExecutor.java:23)
	at org.gradle.execution.taskgraph.DefaultTaskGraphExecuter.execute(DefaultTaskGraphExecuter.java:86)
	at org.gradle.execution.SelectedTaskExecutionAction.execute(SelectedTaskExecutionAction.java:29)
	at org.gradle.execution.DefaultBuildExecuter.execute(DefaultBuildExecuter.java:61)
	at org.gradle.execution.DefaultBuildExecuter.access$200(DefaultBuildExecuter.java:23)
	at org.gradle.execution.DefaultBuildExecuter$2.proceed(DefaultBuildExecuter.java:67)
	at org.gradle.execution.DryRunBuildExecutionAction.execute(DryRunBuildExecutionAction.java:32)
	at org.gradle.execution.DefaultBuildExecuter.execute(DefaultBuildExecuter.java:61)
	at org.gradle.execution.DefaultBuildExecuter.execute(DefaultBuildExecuter.java:54)
	at org.gradle.initialization.DefaultGradleLauncher.doBuildStages(DefaultGradleLauncher.java:166)
	at org.gradle.initialization.DefaultGradleLauncher.doBuild(DefaultGradleLauncher.java:113)
	at org.gradle.initialization.DefaultGradleLauncher.run(DefaultGradleLauncher.java:81)
	at org.gradle.launcher.exec.InProcessBuildActionExecuter$DefaultBuildController.run(InProcessBuildActionExecuter.java:64)
	at org.gradle.launcher.cli.ExecuteBuildAction.run(ExecuteBuildAction.java:33)
	at org.gradle.launcher.cli.ExecuteBuildAction.run(ExecuteBuildAction.java:24)
	at org.gradle.launcher.exec.InProcessBuildActionExecuter.execute(InProcessBuildActionExecuter.java:35)
	at org.gradle.launcher.exec.InProcessBuildActionExecuter.execute(InProcessBuildActionExecuter.java:26)
	at org.gradle.launcher.cli.RunBuildAction.run(RunBuildAction.java:50)
	at org.gradle.internal.Actions$RunnableActionAdapter.execute(Actions.java:171)
	at org.gradle.launcher.cli.CommandLineActionFactory$ParseAndBuildAction.execute(CommandLineActionFactory.java:201)
	at org.gradle.launcher.cli.CommandLineActionFactory$ParseAndBuildAction.execute(CommandLineActionFactory.java:174)
	at org.gradle.launcher.cli.CommandLineActionFactory$WithLogging.execute(CommandLineActionFactory.java:170)
	at org.gradle.launcher.cli.CommandLineActionFactory$WithLogging.execute(CommandLineActionFactory.java:139)
	at org.gradle.launcher.cli.ExceptionReportingAction.execute(ExceptionReportingAction.java:33)
	at org.gradle.launcher.cli.ExceptionReportingAction.execute(ExceptionReportingAction.java:22)
	at org.gradle.launcher.Main.doAction(Main.java:46)
	at org.gradle.launcher.bootstrap.EntryPoint.run(EntryPoint.java:45)
	at org.gradle.launcher.Main.main(Main.java:37)
	at org.gradle.launcher.bootstrap.ProcessBootstrap.runNoExit(ProcessBootstrap.java:50)
	at org.gradle.launcher.bootstrap.ProcessBootstrap.run(ProcessBootstrap.java:32)
	at org.gradle.launcher.GradleMain.main(GradleMain.java:23)
	at org.gradle.wrapper.BootstrapMainStarter.start(BootstrapMainStarter.java:30)
	at org.gradle.wrapper.WrapperExecutor.execute(WrapperExecutor.java:127)
	at org.gradle.wrapper.GradleWrapperMain.main(GradleWrapperMain.java:58)
Caused by: java.lang.RuntimeException: Error: [/tmp/rdisk/688/src/TransitionsBackport-master/build/intermediates/exploded-aar/com.android.support/support-v4/26.0.0-alpha1/AndroidManifest.xml:21] Invalid instruction 'overrideLibrary', valid instructions are : REMOVE,REPLACE,STRICT
	at com.android.manifmerger.XmlElement.<init>(XmlElement.java:116)
	at com.android.manifmerger.XmlElement.initMergeableChildren(XmlElement.java:796)
	at com.android.manifmerger.XmlElement.<init>(XmlElement.java:144)
	at com.android.manifmerger.XmlDocument.getRootNode(XmlDocument.java:232)
	at com.android.manifmerger.ManifestMerger2.loadLibraries(ManifestMerger2.java:262)
	at com.android.manifmerger.ManifestMerger2.merge(ManifestMerger2.java:113)
	at com.android.manifmerger.ManifestMerger2.access$1000(ManifestMerger2.java:49)
	at com.android.manifmerger.ManifestMerger2$Invoker.merge(ManifestMerger2.java:689)
	at com.android.builder.core.AndroidBuilder.mergeManifests(AndroidBuilder.java:412)
	at com.android.builder.core.AndroidBuilder$mergeManifests.call(Unknown Source)
	at com.android.build.gradle.tasks.MergeManifests.doFullTaskAction(MergeManifests.groovy:114)
	at com.android.build.gradle.internal.tasks.IncrementalTask.taskAction(IncrementalTask.groovy:64)
	at org.gradle.internal.reflect.JavaMethod.invoke(JavaMethod.java:63)
	at org.gradle.api.internal.project.taskfactory.AnnotationProcessingTaskFactory$IncrementalTaskAction.doExecute(AnnotationProcessingTaskFactory.java:236)
	at org.gradle.api.internal.project.taskfactory.AnnotationProcessingTaskFactory$StandardTaskAction.execute(AnnotationProcessingTaskFactory.java:212)
	at org.gradle.api.internal.project.taskfactory.AnnotationProcessingTaskFactory$IncrementalTaskAction.execute(AnnotationProcessingTaskFactory.java:223)
	at org.gradle.api.internal.project.taskfactory.AnnotationProcessingTaskFactory$StandardTaskAction.execute(AnnotationProcessingTaskFactory.java:201)
	at org.gradle.api.internal.AbstractTask$TaskActionWrapper.execute(AbstractTask.java:533)
	at org.gradle.api.internal.AbstractTask$TaskActionWrapper.execute(AbstractTask.java:516)
	at org.gradle.api.internal.tasks.execution.ExecuteActionsTaskExecuter.executeAction(ExecuteActionsTaskExecuter.java:80)
	at org.gradle.api.internal.tasks.execution.ExecuteActionsTaskExecuter.executeActions(ExecuteActionsTaskExecuter.java:61)
	... 46 more
Caused by: Error: [/tmp/rdisk/688/src/TransitionsBackport-master/build/intermediates/exploded-aar/com.android.support/support-v4/26.0.0-alpha1/AndroidManifest.xml:21] Invalid instruction 'overrideLibrary', valid instructions are : REMOVE,REPLACE,STRICT
	... 67 more
Caused by: java.lang.IllegalArgumentException: No enum constant com.android.manifmerger.AttributeOperationType.OVERRIDELIBRARY
	at com.android.manifmerger.AttributeOperationType.valueOf(AttributeOperationType.java:54)
	at com.android.manifmerger.XmlElement.<init>(XmlElement.java:99)
	... 66 more


BUILD FAILED

Total time: 9.288 secs

2018-04-09 18:05:27,194 INFO  ProjectTaskService - Detecting possible tasks...
2018-04-09 18:05:27,194 INFO  SysUtils - Execute command: [/tmp/rdisk/688/src/TransitionsBackport-master/gradlew, -b, /tmp/rdisk/688/src/TransitionsBackport-master/library/build.gradle, -Dorg.gradle.daemon=false, -Dorg.gradle.daemon.performance.enable-monitoring=false, -Dorg.gradle.configureondemand=true, tasks]
2018-04-09 18:05:33,271 INFO  ProjectTaskService - Detected possible tasks: 48
2018-04-09 18:05:33,272 INFO  ProjectTaskService - Excluded tasks (8): lintDebug deviceCheck lint connectedCheck uninstallAll check connectedAndroidTest lintRelease
2018-04-09 18:05:33,272 INFO  SysUtils - Execute command: [/tmp/rdisk/688/src/TransitionsBackport-master/gradlew, -b, /tmp/rdisk/688/src/TransitionsBackport-master/library/build.gradle, -Dorg.gradle.daemon=false, -Dorg.gradle.daemon.performance.enable-monitoring=false, -Dorg.gradle.configureondemand=true, --stacktrace, -x, lintDebug, -x, deviceCheck, -x, lint, -x, connectedCheck, -x, uninstallAll, -x, check, -x, connectedAndroidTest, -x, lintRelease, build]
2018-04-09 18:05:41,526 INFO  SysUtils - Configuration on demand is an incubating feature.
Relying on packaging to define the extension of the main artifact has been deprecated and is scheduled to be removed in Gradle 2.0
:library:compileLint
:library:copyDebugLint UP-TO-DATE
:library:mergeDebugProguardFiles
:library:preBuild
:library:preDebugBuild
:library:checkDebugManifest
:library:prepareDebugDependencies
:library:compileDebugAidl
:library:compileDebugRenderscript
:library:generateDebugBuildConfig
:library:generateDebugAssets UP-TO-DATE
:library:mergeDebugAssets
:library:generateDebugResValues
:library:generateDebugResources
:library:packageDebugResources
:library:processDebugManifest
:library:processDebugResources
:library:generateDebugSources
:library:compileDebugJavaNote: /tmp/rdisk/688/src/TransitionsBackport-master/library/src/android/support/transition/Crossfade.java uses or overrides a deprecated API.
Note: Recompile with -Xlint:deprecation for details.
Note: Some input files use unchecked or unsafe operations.
Note: Recompile with -Xlint:unchecked for details.

:library:processDebugJavaRes UP-TO-DATE
:library:packageDebugJar
:library:compileDebugNdk
:library:packageDebugJniLibs UP-TO-DATE
:library:packageDebugLocalJar UP-TO-DATE
:library:packageDebugRenderscript UP-TO-DATE
:library:bundleDebug
:library:assembleDebug
:library:copyReleaseLint UP-TO-DATE
:library:mergeReleaseProguardFiles UP-TO-DATE
:library:preReleaseBuild
:library:checkReleaseManifest
:library:prepareReleaseDependencies
:library:compileReleaseAidl UP-TO-DATE
:library:compileReleaseRenderscript UP-TO-DATE
:library:generateReleaseBuildConfig UP-TO-DATE
:library:generateReleaseAssets UP-TO-DATE
:library:mergeReleaseAssets UP-TO-DATE
:library:generateReleaseResValues UP-TO-DATE
:library:generateReleaseResources UP-TO-DATE
:library:packageReleaseResources UP-TO-DATE
:library:processReleaseManifest UP-TO-DATE
:library:processReleaseResources UP-TO-DATE
:library:generateReleaseSources UP-TO-DATE
:library:compileReleaseJava UP-TO-DATE
:library:processReleaseJavaRes UP-TO-DATE
:library:packageReleaseJar UP-TO-DATE
:library:compileReleaseNdk UP-TO-DATE
:library:packageReleaseJniLibs UP-TO-DATE
:library:packageReleaseLocalJar UP-TO-DATE
:library:packageReleaseRenderscript UP-TO-DATE
:library:bundleRelease
:library:assembleRelease
:library:assemble
:library:build

BUILD SUCCESSFUL

Total time: 7.809 secs

2018-04-09 18:05:41,562 INFO  ProjectTaskService - Detecting possible tasks...
2018-04-09 18:05:41,562 INFO  SysUtils - Execute command: [/tmp/rdisk/688/src/TransitionsBackport-master/gradlew, -b, /tmp/rdisk/688/src/TransitionsBackport-master/build.gradle, -Dorg.gradle.daemon=false, -Dorg.gradle.daemon.performance.enable-monitoring=false, -Dorg.gradle.configureondemand=true, tasks]
2018-04-09 18:05:47,826 INFO  ProjectTaskService - Detected possible tasks: 52
2018-04-09 18:05:47,826 INFO  ProjectTaskService - Excluded tasks (11): lintDebug deviceCheck lint uninstallRelease connectedCheck uninstallAll check connectedAndroidTest installDebug lintRelease uninstallDebug
2018-04-09 18:05:47,827 INFO  SysUtils - Execute command: [/tmp/rdisk/688/src/TransitionsBackport-master/gradlew, -b, /tmp/rdisk/688/src/TransitionsBackport-master/build.gradle, -Dorg.gradle.daemon=false, -Dorg.gradle.daemon.performance.enable-monitoring=false, -Dorg.gradle.configureondemand=true, --stacktrace, -x, lintDebug, -x, deviceCheck, -x, lint, -x, uninstallRelease, -x, connectedCheck, -x, uninstallAll, -x, check, -x, connectedAndroidTest, -x, installDebug, -x, lintRelease, -x, uninstallDebug, build]
2018-04-09 18:05:54,591 ERROR SysUtils - Could not process external command
org.apache.commons.exec.ExecuteException: Process exited with an error: 1 (Exit value: 1)
	at org.apache.commons.exec.DefaultExecutor.executeInternal(DefaultExecutor.java:404)
	at org.apache.commons.exec.DefaultExecutor.execute(DefaultExecutor.java:166)
	at com.github.vbauer.apkmaster.util.SysUtils.execute(SysUtils.java:67)
	at com.github.vbauer.apkmaster.util.SysUtils.executeSimple(SysUtils.java:43)
	at com.github.vbauer.apkmaster.service.assembly.ProjectBuildService.buildProject(ProjectBuildService.java:78)
	at com.github.vbauer.apkmaster.service.assembly.ProjectBuildService.buildProject(ProjectBuildService.java:64)
	at com.github.vbauer.apkmaster.service.assembly.ProjectBuildService.buildProject(ProjectBuildService.java:43)
	at com.github.vbauer.apkmaster.service.FullProcessService.build(FullProcessService.java:84)
	at com.github.vbauer.apkmaster.service.FullProcessService.process(FullProcessService.java:34)
	at com.github.vbauer.apkmaster.app.MainApplication.process(MainApplication.java:38)
	at com.github.vbauer.apkmaster.app.MainApplication.main(MainApplication.java:20)
	at sun.reflect.GeneratedMethodAccessor8.invoke(Unknown Source)
	at sun.reflect.DelegatingMethodAccessorImpl.invoke(DelegatingMethodAccessorImpl.java:43)
	at java.lang.reflect.Method.invoke(Method.java:498)
	at com.android.arsenal.util.ReflectionUtils.invoke(ReflectionUtils.java:42)
	at com.android.arsenal.util.ApkMasterUtils.main(ApkMasterUtils.java:30)
	at com.android.arsenal.service.processor.impl.BuildProcessorServiceImpl.buildProject(BuildProcessorServiceImpl.java:197)
	at com.android.arsenal.service.processor.impl.BuildProcessorServiceImpl.build(BuildProcessorServiceImpl.java:131)
	at com.android.arsenal.service.processor.impl.BuildProcessorServiceImpl.lambda$null$1(BuildProcessorServiceImpl.java:114)
	at java.util.concurrent.FutureTask.run(FutureTask.java:266)
	at java.util.concurrent.Executors$RunnableAdapter.call(Executors.java:511)
	at java.util.concurrent.FutureTask.run(FutureTask.java:266)
	at java.util.concurrent.ThreadPoolExecutor.runWorker(ThreadPoolExecutor.java:1149)
	at java.util.concurrent.ThreadPoolExecutor$Worker.run(ThreadPoolExecutor.java:624)
	at java.lang.Thread.run(Thread.java:748)
2018-04-09 18:05:54,591 INFO  SysUtils - Configuration on demand is an incubating feature.
Relying on packaging to define the extension of the main artifact has been deprecated and is scheduled to be removed in Gradle 2.0
:TransitionSample:preBuild
:TransitionSample:compileDebugNdk UP-TO-DATE
:TransitionSample:preDebugBuild
:TransitionSample:checkDebugManifest
:TransitionSample:preReleaseBuild
:library:compileLint
:library:copyReleaseLint UP-TO-DATE
:library:mergeReleaseProguardFiles UP-TO-DATE
:library:preBuild
:library:preReleaseBuild
:library:checkReleaseManifest
:library:prepareReleaseDependencies
:library:compileReleaseAidl UP-TO-DATE
:library:compileReleaseRenderscript UP-TO-DATE
:library:generateReleaseBuildConfig UP-TO-DATE
:library:generateReleaseAssets UP-TO-DATE
:library:mergeReleaseAssets UP-TO-DATE
:library:generateReleaseResValues UP-TO-DATE
:library:generateReleaseResources UP-TO-DATE
:library:packageReleaseResources UP-TO-DATE
:library:processReleaseManifest UP-TO-DATE
:library:processReleaseResources UP-TO-DATE
:library:generateReleaseSources UP-TO-DATE
:library:compileReleaseJava UP-TO-DATE
:library:processReleaseJavaRes UP-TO-DATE
:library:packageReleaseJar UP-TO-DATE
:library:compileReleaseNdk UP-TO-DATE
:library:packageReleaseJniLibs UP-TO-DATE
:library:packageReleaseLocalJar UP-TO-DATE
:library:packageReleaseRenderscript UP-TO-DATE
:library:bundleRelease UP-TO-DATE
:TransitionSample:prepareComAndroidSupportAnimatedVectorDrawable2600Alpha1Library UP-TO-DATE
:TransitionSample:prepareComAndroidSupportAppcompatV72600Alpha1Library UP-TO-DATE
:TransitionSample:prepareComAndroidSupportSupportCompat2600Alpha1Library UP-TO-DATE
:TransitionSample:prepareComAndroidSupportSupportCoreUi2600Alpha1Library UP-TO-DATE
:TransitionSample:prepareComAndroidSupportSupportCoreUtils2600Alpha1Library UP-TO-DATE
:TransitionSample:prepareComAndroidSupportSupportFragment2600Alpha1Library UP-TO-DATE
:TransitionSample:prepareComAndroidSupportSupportMediaCompat2600Alpha1Library UP-TO-DATE
:TransitionSample:prepareComAndroidSupportSupportV42600Alpha1Library UP-TO-DATE
:TransitionSample:prepareComAndroidSupportSupportVectorDrawable2600Alpha1Library UP-TO-DATE
:TransitionSample:prepareTransitionsBackportMasterLibraryUnspecifiedLibrary UP-TO-DATE
:TransitionSample:prepareDebugDependencies
:TransitionSample:compileDebugAidl UP-TO-DATE
:TransitionSample:compileDebugRenderscript UP-TO-DATE
:TransitionSample:generateDebugBuildConfig UP-TO-DATE
:TransitionSample:generateDebugAssets UP-TO-DATE
:TransitionSample:mergeDebugAssets UP-TO-DATE
:TransitionSample:generateDebugResValues UP-TO-DATE
:TransitionSample:generateDebugResources UP-TO-DATE
:TransitionSample:mergeDebugResources UP-TO-DATE
:TransitionSample:processDebugManifest FAILED

FAILURE: Build failed with an exception.

* What went wrong:
Execution failed for task ':TransitionSample:processDebugManifest'.
> Error: [/tmp/rdisk/688/src/TransitionsBackport-master/build/intermediates/exploded-aar/com.android.support/support-v4/26.0.0-alpha1/AndroidManifest.xml:21] Invalid instruction 'overrideLibrary', valid instructions are : REMOVE,REPLACE,STRICT

* Try:
Run with --info or --debug option to get more log output.

* Exception is:
org.gradle.api.tasks.TaskExecutionException: Execution failed for task ':TransitionSample:processDebugManifest'.
	at org.gradle.api.internal.tasks.execution.ExecuteActionsTaskExecuter.executeActions(ExecuteActionsTaskExecuter.java:69)
	at org.gradle.api.internal.tasks.execution.ExecuteActionsTaskExecuter.execute(ExecuteActionsTaskExecuter.java:46)
	at org.gradle.api.internal.tasks.execution.PostExecutionAnalysisTaskExecuter.execute(PostExecutionAnalysisTaskExecuter.java:35)
	at org.gradle.api.internal.tasks.execution.SkipUpToDateTaskExecuter.execute(SkipUpToDateTaskExecuter.java:64)
	at org.gradle.api.internal.tasks.execution.ValidatingTaskExecuter.execute(ValidatingTaskExecuter.java:58)
	at org.gradle.api.internal.tasks.execution.SkipEmptySourceFilesTaskExecuter.execute(SkipEmptySourceFilesTaskExecuter.java:42)
	at org.gradle.api.internal.tasks.execution.SkipTaskWithNoActionsExecuter.execute(SkipTaskWithNoActionsExecuter.java:52)
	at org.gradle.api.internal.tasks.execution.SkipOnlyIfTaskExecuter.execute(SkipOnlyIfTaskExecuter.java:53)
	at org.gradle.api.internal.tasks.execution.ExecuteAtMostOnceTaskExecuter.execute(ExecuteAtMostOnceTaskExecuter.java:43)
	at org.gradle.api.internal.AbstractTask.executeWithoutThrowingTaskFailure(AbstractTask.java:289)
	at org.gradle.execution.taskgraph.AbstractTaskPlanExecutor$TaskExecutorWorker.executeTask(AbstractTaskPlanExecutor.java:79)
	at org.gradle.execution.taskgraph.AbstractTaskPlanExecutor$TaskExecutorWorker.processTask(AbstractTaskPlanExecutor.java:63)
	at org.gradle.execution.taskgraph.AbstractTaskPlanExecutor$TaskExecutorWorker.run(AbstractTaskPlanExecutor.java:51)
	at org.gradle.execution.taskgraph.DefaultTaskPlanExecutor.process(DefaultTaskPlanExecutor.java:23)
	at org.gradle.execution.taskgraph.DefaultTaskGraphExecuter.execute(DefaultTaskGraphExecuter.java:86)
	at org.gradle.execution.SelectedTaskExecutionAction.execute(SelectedTaskExecutionAction.java:29)
	at org.gradle.execution.DefaultBuildExecuter.execute(DefaultBuildExecuter.java:61)
	at org.gradle.execution.DefaultBuildExecuter.access$200(DefaultBuildExecuter.java:23)
	at org.gradle.execution.DefaultBuildExecuter$2.proceed(DefaultBuildExecuter.java:67)
	at org.gradle.execution.DryRunBuildExecutionAction.execute(DryRunBuildExecutionAction.java:32)
	at org.gradle.execution.DefaultBuildExecuter.execute(DefaultBuildExecuter.java:61)
	at org.gradle.execution.DefaultBuildExecuter.execute(DefaultBuildExecuter.java:54)
	at org.gradle.initialization.DefaultGradleLauncher.doBuildStages(DefaultGradleLauncher.java:166)
	at org.gradle.initialization.DefaultGradleLauncher.doBuild(DefaultGradleLauncher.java:113)
	at org.gradle.initialization.DefaultGradleLauncher.run(DefaultGradleLauncher.java:81)
	at org.gradle.launcher.exec.InProcessBuildActionExecuter$DefaultBuildController.run(InProcessBuildActionExecuter.java:64)
	at org.gradle.launcher.cli.ExecuteBuildAction.run(ExecuteBuildAction.java:33)
	at org.gradle.launcher.cli.ExecuteBuildAction.run(ExecuteBuildAction.java:24)
	at org.gradle.launcher.exec.InProcessBuildActionExecuter.execute(InProcessBuildActionExecuter.java:35)
	at org.gradle.launcher.exec.InProcessBuildActionExecuter.execute(InProcessBuildActionExecuter.java:26)
	at org.gradle.launcher.cli.RunBuildAction.run(RunBuildAction.java:50)
	at org.gradle.internal.Actions$RunnableActionAdapter.execute(Actions.java:171)
	at org.gradle.launcher.cli.CommandLineActionFactory$ParseAndBuildAction.execute(CommandLineActionFactory.java:201)
	at org.gradle.launcher.cli.CommandLineActionFactory$ParseAndBuildAction.execute(CommandLineActionFactory.java:174)
	at org.gradle.launcher.cli.CommandLineActionFactory$WithLogging.execute(CommandLineActionFactory.java:170)
	at org.gradle.launcher.cli.CommandLineActionFactory$WithLogging.execute(CommandLineActionFactory.java:139)
	at org.gradle.launcher.cli.ExceptionReportingAction.execute(ExceptionReportingAction.java:33)
	at org.gradle.launcher.cli.ExceptionReportingAction.execute(ExceptionReportingAction.java:22)
	at org.gradle.launcher.Main.doAction(Main.java:46)
	at org.gradle.launcher.bootstrap.EntryPoint.run(EntryPoint.java:45)
	at org.gradle.launcher.Main.main(Main.java:37)
	at org.gradle.launcher.bootstrap.ProcessBootstrap.runNoExit(ProcessBootstrap.java:50)
	at org.gradle.launcher.bootstrap.ProcessBootstrap.run(ProcessBootstrap.java:32)
	at org.gradle.launcher.GradleMain.main(GradleMain.java:23)
	at org.gradle.wrapper.BootstrapMainStarter.start(BootstrapMainStarter.java:30)
	at org.gradle.wrapper.WrapperExecutor.execute(WrapperExecutor.java:127)
	at org.gradle.wrapper.GradleWrapperMain.main(GradleWrapperMain.java:58)
Caused by: java.lang.RuntimeException: Error: [/tmp/rdisk/688/src/TransitionsBackport-master/build/intermediates/exploded-aar/com.android.support/support-v4/26.0.0-alpha1/AndroidManifest.xml:21] Invalid instruction 'overrideLibrary', valid instructions are : REMOVE,REPLACE,STRICT
	at com.android.manifmerger.XmlElement.<init>(XmlElement.java:116)
	at com.android.manifmerger.XmlElement.initMergeableChildren(XmlElement.java:796)
	at com.android.manifmerger.XmlElement.<init>(XmlElement.java:144)
	at com.android.manifmerger.XmlDocument.getRootNode(XmlDocument.java:232)
	at com.android.manifmerger.ManifestMerger2.loadLibraries(ManifestMerger2.java:262)
	at com.android.manifmerger.ManifestMerger2.merge(ManifestMerger2.java:113)
	at com.android.manifmerger.ManifestMerger2.access$1000(ManifestMerger2.java:49)
	at com.android.manifmerger.ManifestMerger2$Invoker.merge(ManifestMerger2.java:689)
	at com.android.builder.core.AndroidBuilder.mergeManifests(AndroidBuilder.java:412)
	at com.android.builder.core.AndroidBuilder$mergeManifests.call(Unknown Source)
	at com.android.build.gradle.tasks.MergeManifests.doFullTaskAction(MergeManifests.groovy:114)
	at com.android.build.gradle.internal.tasks.IncrementalTask.taskAction(IncrementalTask.groovy:64)
	at org.gradle.internal.reflect.JavaMethod.invoke(JavaMethod.java:63)
	at org.gradle.api.internal.project.taskfactory.AnnotationProcessingTaskFactory$IncrementalTaskAction.doExecute(AnnotationProcessingTaskFactory.java:236)
	at org.gradle.api.internal.project.taskfactory.AnnotationProcessingTaskFactory$StandardTaskAction.execute(AnnotationProcessingTaskFactory.java:212)
	at org.gradle.api.internal.project.taskfactory.AnnotationProcessingTaskFactory$IncrementalTaskAction.execute(AnnotationProcessingTaskFactory.java:223)
	at org.gradle.api.internal.project.taskfactory.AnnotationProcessingTaskFactory$StandardTaskAction.execute(AnnotationProcessingTaskFactory.java:201)
	at org.gradle.api.internal.AbstractTask$TaskActionWrapper.execute(AbstractTask.java:533)
	at org.gradle.api.internal.AbstractTask$TaskActionWrapper.execute(AbstractTask.java:516)
	at org.gradle.api.internal.tasks.execution.ExecuteActionsTaskExecuter.executeAction(ExecuteActionsTaskExecuter.java:80)
	at org.gradle.api.internal.tasks.execution.ExecuteActionsTaskExecuter.executeActions(ExecuteActionsTaskExecuter.java:61)
	... 46 more
Caused by: Error: [/tmp/rdisk/688/src/TransitionsBackport-master/build/intermediates/exploded-aar/com.android.support/support-v4/26.0.0-alpha1/AndroidManifest.xml:21] Invalid instruction 'overrideLibrary', valid instructions are : REMOVE,REPLACE,STRICT
	... 67 more
Caused by: java.lang.IllegalArgumentException: No enum constant com.android.manifmerger.AttributeOperationType.OVERRIDELIBRARY
	at com.android.manifmerger.AttributeOperationType.valueOf(AttributeOperationType.java:54)
	at com.android.manifmerger.XmlElement.<init>(XmlElement.java:99)
	... 66 more


BUILD FAILED

Total time: 6.314 secs

2018-04-09 18:05:54,623 ERROR FullProcessService - Project build has not produced APK file
2018-04-09 18:05:54,654 ERROR FullProcessService - Could not find generated or existed APK file
